/home/exacloud/gscratch/NGSdev/evans/GSNN/scripts
making data...
removing out dir and making proc dir...
submitting gsnn jobs...
PROC=../output/exp1-2//proc/
OUT=../output/exp1-2//GSNN/
EPOCHS=100
TIME=1-12:00:00
MEM=32G
BATCH=25
GPU=gpu:1
slurm output log dir does not exist. Creating...
submitting job: GSNN  (lr=0.01, do=0, c=5)
Submitted batch job 23192345
submitting job: GSNN  (lr=0.01, do=0, c=5)
Submitted batch job 23192346
submitting job: GSNN  (lr=0.01, do=0, c=5)
Submitted batch job 23192347
submitting job: GSNN  (lr=0.01, do=0, c=5)
Submitted batch job 23192348
submitting job: GSNN  (lr=0.01, do=0, c=10)
Submitted batch job 23192349
submitting job: GSNN  (lr=0.01, do=0, c=10)
Submitted batch job 23192350
submitting job: GSNN  (lr=0.01, do=0, c=10)
Submitted batch job 23192351
submitting job: GSNN  (lr=0.01, do=0, c=10)
Submitted batch job 23192352
submitting job: GSNN  (lr=0.01, do=0.1, c=5)
Submitted batch job 23192353
submitting job: GSNN  (lr=0.01, do=0.1, c=5)
Submitted batch job 23192354
submitting job: GSNN  (lr=0.01, do=0.1, c=5)
Submitted batch job 23192355
submitting job: GSNN  (lr=0.01, do=0.1, c=5)
Submitted batch job 23192356
submitting job: GSNN  (lr=0.01, do=0.1, c=10)
Submitted batch job 23192357
submitting job: GSNN  (lr=0.01, do=0.1, c=10)
Submitted batch job 23192358
submitting job: GSNN  (lr=0.01, do=0.1, c=10)
Submitted batch job 23192359
submitting job: GSNN  (lr=0.01, do=0.1, c=10)
Submitted batch job 23192360
submitting job: GSNN  (lr=0.01, do=0.25, c=5)
Submitted batch job 23192361
submitting job: GSNN  (lr=0.01, do=0.25, c=5)
Submitted batch job 23192362
submitting job: GSNN  (lr=0.01, do=0.25, c=5)
Submitted batch job 23192363
submitting job: GSNN  (lr=0.01, do=0.25, c=5)
Submitted batch job 23192364
submitting job: GSNN  (lr=0.01, do=0.25, c=10)
Submitted batch job 23192365
submitting job: GSNN  (lr=0.01, do=0.25, c=10)
Submitted batch job 23192366
submitting job: GSNN  (lr=0.01, do=0.25, c=10)
Submitted batch job 23192367
submitting job: GSNN  (lr=0.01, do=0.25, c=10)
Submitted batch job 23192368
submitting job: GSNN  (lr=0.001, do=0, c=5)
Submitted batch job 23192369
submitting job: GSNN  (lr=0.001, do=0, c=5)
Submitted batch job 23192370
submitting job: GSNN  (lr=0.001, do=0, c=5)
Submitted batch job 23192371
submitting job: GSNN  (lr=0.001, do=0, c=5)
Submitted batch job 23192372
submitting job: GSNN  (lr=0.001, do=0, c=10)
Submitted batch job 23192373
submitting job: GSNN  (lr=0.001, do=0, c=10)
Submitted batch job 23192374
submitting job: GSNN  (lr=0.001, do=0, c=10)
Submitted batch job 23192375
submitting job: GSNN  (lr=0.001, do=0, c=10)
Submitted batch job 23192376
submitting job: GSNN  (lr=0.001, do=0.1, c=5)
Submitted batch job 23192377
submitting job: GSNN  (lr=0.001, do=0.1, c=5)
Submitted batch job 23192378
submitting job: GSNN  (lr=0.001, do=0.1, c=5)
Submitted batch job 23192379
submitting job: GSNN  (lr=0.001, do=0.1, c=5)
Submitted batch job 23192380
submitting job: GSNN  (lr=0.001, do=0.1, c=10)
Submitted batch job 23192381
submitting job: GSNN  (lr=0.001, do=0.1, c=10)
Submitted batch job 23192382
submitting job: GSNN  (lr=0.001, do=0.1, c=10)
Submitted batch job 23192383
submitting job: GSNN  (lr=0.001, do=0.1, c=10)
Submitted batch job 23192384
submitting job: GSNN  (lr=0.001, do=0.25, c=5)
Submitted batch job 23192385
submitting job: GSNN  (lr=0.001, do=0.25, c=5)
Submitted batch job 23192386
submitting job: GSNN  (lr=0.001, do=0.25, c=5)
Submitted batch job 23192387
submitting job: GSNN  (lr=0.001, do=0.25, c=5)
Submitted batch job 23192388
submitting job: GSNN  (lr=0.001, do=0.25, c=10)
Submitted batch job 23192389
submitting job: GSNN  (lr=0.001, do=0.25, c=10)
Submitted batch job 23192390
submitting job: GSNN  (lr=0.001, do=0.25, c=10)
Submitted batch job 23192391
submitting job: GSNN  (lr=0.001, do=0.25, c=10)
Submitted batch job 23192392
submitting nn jobs...
slurm output log dir does not exist. Creating...
submitting job: nn (lr=0.01, do=0, c=100)
Submitted batch job 23192393
submitting job: nn (lr=0.01, do=0, c=300)
Submitted batch job 23192394
submitting job: nn (lr=0.01, do=0, c=500)
Submitted batch job 23192395
submitting job: nn (lr=0.01, do=0, c=700)
Submitted batch job 23192396
submitting job: nn (lr=0.01, do=0.25, c=100)
Submitted batch job 23192397
submitting job: nn (lr=0.01, do=0.25, c=300)
Submitted batch job 23192398
submitting job: nn (lr=0.01, do=0.25, c=500)
Submitted batch job 23192399
submitting job: nn (lr=0.01, do=0.25, c=700)
Submitted batch job 23192400
submitting job: nn (lr=0.01, do=0.5, c=100)
Submitted batch job 23192401
submitting job: nn (lr=0.01, do=0.5, c=300)
Submitted batch job 23192402
submitting job: nn (lr=0.01, do=0.5, c=500)
Submitted batch job 23192403
submitting job: nn (lr=0.01, do=0.5, c=700)
Submitted batch job 23192404
submitting job: nn (lr=0.001, do=0, c=100)
Submitted batch job 23192405
submitting job: nn (lr=0.001, do=0, c=300)
Submitted batch job 23192406
submitting job: nn (lr=0.001, do=0, c=500)
Submitted batch job 23192407
submitting job: nn (lr=0.001, do=0, c=700)
Submitted batch job 23192408
submitting job: nn (lr=0.001, do=0.25, c=100)
Submitted batch job 23192409
submitting job: nn (lr=0.001, do=0.25, c=300)
Submitted batch job 23192410
submitting job: nn (lr=0.001, do=0.25, c=500)
Submitted batch job 23192411
submitting job: nn (lr=0.001, do=0.25, c=700)
Submitted batch job 23192412
submitting job: nn (lr=0.001, do=0.5, c=100)
Submitted batch job 23192413
submitting job: nn (lr=0.001, do=0.5, c=300)
Submitted batch job 23192414
submitting job: nn (lr=0.001, do=0.5, c=500)
Submitted batch job 23192415
submitting job: nn (lr=0.001, do=0.5, c=700)
Submitted batch job 23192416
submitting gnn jobs...
PROC ../output/exp1-2//proc/
OUT ../output/exp1-2//GNN/
EPOCHS 100
TIME 24:00:00
MEM 16G
BATCH 25
slurm output log dir does not exist. Creating...
submitting job: nn (lr=0.001, do=0, c=64)
Submitted batch job 23192417
submitting job: nn (lr=0.001, do=0, c=64)
Submitted batch job 23192418
submitting job: nn (lr=0.001, do=0, c=64)
Submitted batch job 23192419
submitting job: nn (lr=0.001, do=0, c=128)
Submitted batch job 23192420
submitting job: nn (lr=0.001, do=0, c=128)
Submitted batch job 23192421
submitting job: nn (lr=0.001, do=0, c=128)
Submitted batch job 23192422
submitting job: nn (lr=0.001, do=0.25, c=64)
Submitted batch job 23192423
submitting job: nn (lr=0.001, do=0.25, c=64)
Submitted batch job 23192424
submitting job: nn (lr=0.001, do=0.25, c=64)
Submitted batch job 23192425
submitting job: nn (lr=0.001, do=0.25, c=128)
Submitted batch job 23192426
submitting job: nn (lr=0.001, do=0.25, c=128)
Submitted batch job 23192427
submitting job: nn (lr=0.001, do=0.25, c=128)
Submitted batch job 23192428
