/home/exacloud/gscratch/NGSdev/evans/GSNN/scripts
making data...
removing out dir and making proc dir...
submitting gsnn jobs...
PROC=../output/exp1-2//proc/
OUT=../output/exp1-2//GSNN/
EPOCHS=100
TIME=24:00:00
MEM=32G
BATCH=50
GPU=gpu:1
slurm output log dir does not exist. Creating...
submitting job: GSNN  (lr=0.1, do=0, c=2)
Submitted batch job 23148267
submitting job: GSNN  (lr=0.1, do=0, c=2)
Submitted batch job 23148269
submitting job: GSNN  (lr=0.1, do=0, c=5)
Submitted batch job 23148271
submitting job: GSNN  (lr=0.1, do=0, c=5)
Submitted batch job 23148272
submitting job: GSNN  (lr=0.1, do=0, c=10)
Submitted batch job 23148274
submitting job: GSNN  (lr=0.1, do=0, c=10)
Submitted batch job 23148276
submitting job: GSNN  (lr=0.1, do=0.1, c=2)
Submitted batch job 23148278
submitting job: GSNN  (lr=0.1, do=0.1, c=2)
Submitted batch job 23148280
submitting job: GSNN  (lr=0.1, do=0.1, c=5)
Submitted batch job 23148282
submitting job: GSNN  (lr=0.1, do=0.1, c=5)
Submitted batch job 23148284
submitting job: GSNN  (lr=0.1, do=0.1, c=10)
Submitted batch job 23148286
submitting job: GSNN  (lr=0.1, do=0.1, c=10)
Submitted batch job 23148288
submitting job: GSNN  (lr=0.1, do=0.25, c=2)
Submitted batch job 23148289
submitting job: GSNN  (lr=0.1, do=0.25, c=2)
Submitted batch job 23148291
submitting job: GSNN  (lr=0.1, do=0.25, c=5)
Submitted batch job 23148293
submitting job: GSNN  (lr=0.1, do=0.25, c=5)
Submitted batch job 23148295
submitting job: GSNN  (lr=0.1, do=0.25, c=10)
Submitted batch job 23148297
submitting job: GSNN  (lr=0.1, do=0.25, c=10)
Submitted batch job 23148299
submitting job: GSNN  (lr=0.01, do=0, c=2)
Submitted batch job 23148301
submitting job: GSNN  (lr=0.01, do=0, c=2)
Submitted batch job 23148304
submitting job: GSNN  (lr=0.01, do=0, c=5)
Submitted batch job 23148306
submitting job: GSNN  (lr=0.01, do=0, c=5)
Submitted batch job 23148308
submitting job: GSNN  (lr=0.01, do=0, c=10)
Submitted batch job 23148310
submitting job: GSNN  (lr=0.01, do=0, c=10)
Submitted batch job 23148312
submitting job: GSNN  (lr=0.01, do=0.1, c=2)
Submitted batch job 23148314
submitting job: GSNN  (lr=0.01, do=0.1, c=2)
Submitted batch job 23148316
submitting job: GSNN  (lr=0.01, do=0.1, c=5)
Submitted batch job 23148318
submitting job: GSNN  (lr=0.01, do=0.1, c=5)
Submitted batch job 23148320
submitting job: GSNN  (lr=0.01, do=0.1, c=10)
Submitted batch job 23148322
submitting job: GSNN  (lr=0.01, do=0.1, c=10)
Submitted batch job 23148324
submitting job: GSNN  (lr=0.01, do=0.25, c=2)
Submitted batch job 23148326
submitting job: GSNN  (lr=0.01, do=0.25, c=2)
Submitted batch job 23148329
submitting job: GSNN  (lr=0.01, do=0.25, c=5)
Submitted batch job 23148331
submitting job: GSNN  (lr=0.01, do=0.25, c=5)
Submitted batch job 23148333
submitting job: GSNN  (lr=0.01, do=0.25, c=10)
Submitted batch job 23148335
submitting job: GSNN  (lr=0.01, do=0.25, c=10)
Submitted batch job 23148338
submitting job: GSNN  (lr=0.001, do=0, c=2)
Submitted batch job 23148340
submitting job: GSNN  (lr=0.001, do=0, c=2)
Submitted batch job 23148342
submitting job: GSNN  (lr=0.001, do=0, c=5)
Submitted batch job 23148344
submitting job: GSNN  (lr=0.001, do=0, c=5)
Submitted batch job 23148346
submitting job: GSNN  (lr=0.001, do=0, c=10)
Submitted batch job 23148348
submitting job: GSNN  (lr=0.001, do=0, c=10)
Submitted batch job 23148350
submitting job: GSNN  (lr=0.001, do=0.1, c=2)
Submitted batch job 23148352
submitting job: GSNN  (lr=0.001, do=0.1, c=2)
Submitted batch job 23148354
submitting job: GSNN  (lr=0.001, do=0.1, c=5)
Submitted batch job 23148356
submitting job: GSNN  (lr=0.001, do=0.1, c=5)
Submitted batch job 23148358
submitting job: GSNN  (lr=0.001, do=0.1, c=10)
Submitted batch job 23148360
submitting job: GSNN  (lr=0.001, do=0.1, c=10)
Submitted batch job 23148362
submitting job: GSNN  (lr=0.001, do=0.25, c=2)
Submitted batch job 23148364
submitting job: GSNN  (lr=0.001, do=0.25, c=2)
Submitted batch job 23148366
submitting job: GSNN  (lr=0.001, do=0.25, c=5)
Submitted batch job 23148368
submitting job: GSNN  (lr=0.001, do=0.25, c=5)
Submitted batch job 23148370
submitting job: GSNN  (lr=0.001, do=0.25, c=10)
Submitted batch job 23148372
submitting job: GSNN  (lr=0.001, do=0.25, c=10)
Submitted batch job 23148373
submitting nn jobs...
slurm output log dir does not exist. Creating...
submitting job: nn (lr=0.01, do=0, c=32)
Submitted batch job 23148376
submitting job: nn (lr=0.01, do=0, c=64)
Submitted batch job 23148378
submitting job: nn (lr=0.01, do=0, c=124)
Submitted batch job 23148380
submitting job: nn (lr=0.01, do=0.25, c=32)
Submitted batch job 23148382
submitting job: nn (lr=0.01, do=0.25, c=64)
Submitted batch job 23148384
submitting job: nn (lr=0.01, do=0.25, c=124)
Submitted batch job 23148386
submitting job: nn (lr=0.01, do=0.5, c=32)
Submitted batch job 23148388
submitting job: nn (lr=0.01, do=0.5, c=64)
Submitted batch job 23148391
submitting job: nn (lr=0.01, do=0.5, c=124)
Submitted batch job 23148393
submitting job: nn (lr=0.001, do=0, c=32)
Submitted batch job 23148395
submitting job: nn (lr=0.001, do=0, c=64)
Submitted batch job 23148398
submitting job: nn (lr=0.001, do=0, c=124)
Submitted batch job 23148400
submitting job: nn (lr=0.001, do=0.25, c=32)
Submitted batch job 23148402
submitting job: nn (lr=0.001, do=0.25, c=64)
Submitted batch job 23148404
submitting job: nn (lr=0.001, do=0.25, c=124)
Submitted batch job 23148406
submitting job: nn (lr=0.001, do=0.5, c=32)
Submitted batch job 23148408
submitting job: nn (lr=0.001, do=0.5, c=64)
Submitted batch job 23148410
submitting job: nn (lr=0.001, do=0.5, c=124)
Submitted batch job 23148412
submitting gnn jobs...
slurm output log dir does not exist. Creating...
submitting job: nn (lr=0.001, do=0, c=32)
Submitted batch job 23148414
submitting job: nn (lr=0.001, do=0, c=32)
Submitted batch job 23148416
submitting job: nn (lr=0.001, do=0, c=32)
Submitted batch job 23148418
submitting job: nn (lr=0.001, do=0, c=64)
Submitted batch job 23148419
submitting job: nn (lr=0.001, do=0, c=64)
Submitted batch job 23148421
submitting job: nn (lr=0.001, do=0, c=64)
Submitted batch job 23148423
submitting job: nn (lr=0.001, do=0.25, c=32)
Submitted batch job 23148425
submitting job: nn (lr=0.001, do=0.25, c=32)
Submitted batch job 23148427
submitting job: nn (lr=0.001, do=0.25, c=32)
Submitted batch job 23148428
submitting job: nn (lr=0.001, do=0.25, c=64)
Submitted batch job 23148430
submitting job: nn (lr=0.001, do=0.25, c=64)
Submitted batch job 23148432
submitting job: nn (lr=0.001, do=0.25, c=64)
Submitted batch job 23148433
