/home/exacloud/gscratch/NGSdev/evans/GSNN/scripts
making data...
removing out dir and making proc dir...
submitting gsnn jobs...
PROC=../output/exp1-3//proc/
OUT=../output/exp1-3//GSNN/
EPOCHS=100
TIME=24:00:00
MEM=32G
BATCH=50
GPU=gpu:1
slurm output log dir does not exist. Creating...
submitting job: GSNN  (lr=0.1, do=0, c=2)
Submitted batch job 23148266
submitting job: GSNN  (lr=0.1, do=0, c=2)
Submitted batch job 23148268
submitting job: GSNN  (lr=0.1, do=0, c=5)
Submitted batch job 23148270
submitting job: GSNN  (lr=0.1, do=0, c=5)
Submitted batch job 23148273
submitting job: GSNN  (lr=0.1, do=0, c=10)
Submitted batch job 23148275
submitting job: GSNN  (lr=0.1, do=0, c=10)
Submitted batch job 23148277
submitting job: GSNN  (lr=0.1, do=0.1, c=2)
Submitted batch job 23148279
submitting job: GSNN  (lr=0.1, do=0.1, c=2)
Submitted batch job 23148281
submitting job: GSNN  (lr=0.1, do=0.1, c=5)
Submitted batch job 23148283
submitting job: GSNN  (lr=0.1, do=0.1, c=5)
Submitted batch job 23148285
submitting job: GSNN  (lr=0.1, do=0.1, c=10)
Submitted batch job 23148287
submitting job: GSNN  (lr=0.1, do=0.1, c=10)
Submitted batch job 23148290
submitting job: GSNN  (lr=0.1, do=0.25, c=2)
Submitted batch job 23148292
submitting job: GSNN  (lr=0.1, do=0.25, c=2)
Submitted batch job 23148294
submitting job: GSNN  (lr=0.1, do=0.25, c=5)
Submitted batch job 23148296
submitting job: GSNN  (lr=0.1, do=0.25, c=5)
Submitted batch job 23148298
submitting job: GSNN  (lr=0.1, do=0.25, c=10)
Submitted batch job 23148300
submitting job: GSNN  (lr=0.1, do=0.25, c=10)
Submitted batch job 23148302
submitting job: GSNN  (lr=0.01, do=0, c=2)
Submitted batch job 23148303
submitting job: GSNN  (lr=0.01, do=0, c=2)
Submitted batch job 23148305
submitting job: GSNN  (lr=0.01, do=0, c=5)
Submitted batch job 23148307
submitting job: GSNN  (lr=0.01, do=0, c=5)
Submitted batch job 23148309
submitting job: GSNN  (lr=0.01, do=0, c=10)
Submitted batch job 23148311
submitting job: GSNN  (lr=0.01, do=0, c=10)
Submitted batch job 23148313
submitting job: GSNN  (lr=0.01, do=0.1, c=2)
Submitted batch job 23148315
submitting job: GSNN  (lr=0.01, do=0.1, c=2)
Submitted batch job 23148317
submitting job: GSNN  (lr=0.01, do=0.1, c=5)
Submitted batch job 23148319
submitting job: GSNN  (lr=0.01, do=0.1, c=5)
Submitted batch job 23148321
submitting job: GSNN  (lr=0.01, do=0.1, c=10)
Submitted batch job 23148323
submitting job: GSNN  (lr=0.01, do=0.1, c=10)
Submitted batch job 23148325
submitting job: GSNN  (lr=0.01, do=0.25, c=2)
Submitted batch job 23148327
submitting job: GSNN  (lr=0.01, do=0.25, c=2)
Submitted batch job 23148328
submitting job: GSNN  (lr=0.01, do=0.25, c=5)
Submitted batch job 23148330
submitting job: GSNN  (lr=0.01, do=0.25, c=5)
Submitted batch job 23148332
submitting job: GSNN  (lr=0.01, do=0.25, c=10)
Submitted batch job 23148334
submitting job: GSNN  (lr=0.01, do=0.25, c=10)
Submitted batch job 23148336
submitting job: GSNN  (lr=0.001, do=0, c=2)
Submitted batch job 23148337
submitting job: GSNN  (lr=0.001, do=0, c=2)
Submitted batch job 23148339
submitting job: GSNN  (lr=0.001, do=0, c=5)
Submitted batch job 23148341
submitting job: GSNN  (lr=0.001, do=0, c=5)
Submitted batch job 23148343
submitting job: GSNN  (lr=0.001, do=0, c=10)
Submitted batch job 23148345
submitting job: GSNN  (lr=0.001, do=0, c=10)
Submitted batch job 23148347
submitting job: GSNN  (lr=0.001, do=0.1, c=2)
Submitted batch job 23148349
submitting job: GSNN  (lr=0.001, do=0.1, c=2)
Submitted batch job 23148351
submitting job: GSNN  (lr=0.001, do=0.1, c=5)
Submitted batch job 23148353
submitting job: GSNN  (lr=0.001, do=0.1, c=5)
Submitted batch job 23148355
submitting job: GSNN  (lr=0.001, do=0.1, c=10)
Submitted batch job 23148357
submitting job: GSNN  (lr=0.001, do=0.1, c=10)
Submitted batch job 23148359
submitting job: GSNN  (lr=0.001, do=0.25, c=2)
Submitted batch job 23148361
submitting job: GSNN  (lr=0.001, do=0.25, c=2)
Submitted batch job 23148363
submitting job: GSNN  (lr=0.001, do=0.25, c=5)
Submitted batch job 23148365
submitting job: GSNN  (lr=0.001, do=0.25, c=5)
Submitted batch job 23148367
submitting job: GSNN  (lr=0.001, do=0.25, c=10)
Submitted batch job 23148369
submitting job: GSNN  (lr=0.001, do=0.25, c=10)
Submitted batch job 23148371
submitting nn jobs...
slurm output log dir does not exist. Creating...
submitting job: nn (lr=0.01, do=0, c=32)
Submitted batch job 23148374
submitting job: nn (lr=0.01, do=0, c=64)
Submitted batch job 23148375
submitting job: nn (lr=0.01, do=0, c=124)
Submitted batch job 23148377
submitting job: nn (lr=0.01, do=0.25, c=32)
Submitted batch job 23148379
submitting job: nn (lr=0.01, do=0.25, c=64)
Submitted batch job 23148381
submitting job: nn (lr=0.01, do=0.25, c=124)
Submitted batch job 23148383
submitting job: nn (lr=0.01, do=0.5, c=32)
Submitted batch job 23148385
submitting job: nn (lr=0.01, do=0.5, c=64)
Submitted batch job 23148387
submitting job: nn (lr=0.01, do=0.5, c=124)
Submitted batch job 23148389
submitting job: nn (lr=0.001, do=0, c=32)
Submitted batch job 23148390
submitting job: nn (lr=0.001, do=0, c=64)
Submitted batch job 23148392
submitting job: nn (lr=0.001, do=0, c=124)
Submitted batch job 23148394
submitting job: nn (lr=0.001, do=0.25, c=32)
Submitted batch job 23148396
submitting job: nn (lr=0.001, do=0.25, c=64)
Submitted batch job 23148397
submitting job: nn (lr=0.001, do=0.25, c=124)
Submitted batch job 23148399
submitting job: nn (lr=0.001, do=0.5, c=32)
Submitted batch job 23148401
submitting job: nn (lr=0.001, do=0.5, c=64)
Submitted batch job 23148403
submitting job: nn (lr=0.001, do=0.5, c=124)
Submitted batch job 23148405
submitting gnn jobs...
slurm output log dir does not exist. Creating...
submitting job: nn (lr=0.001, do=0, c=32)
Submitted batch job 23148407
submitting job: nn (lr=0.001, do=0, c=32)
Submitted batch job 23148409
submitting job: nn (lr=0.001, do=0, c=32)
Submitted batch job 23148411
submitting job: nn (lr=0.001, do=0, c=64)
Submitted batch job 23148413
submitting job: nn (lr=0.001, do=0, c=64)
Submitted batch job 23148415
submitting job: nn (lr=0.001, do=0, c=64)
Submitted batch job 23148417
submitting job: nn (lr=0.001, do=0.25, c=32)
Submitted batch job 23148420
submitting job: nn (lr=0.001, do=0.25, c=32)
Submitted batch job 23148422
submitting job: nn (lr=0.001, do=0.25, c=32)
Submitted batch job 23148424
submitting job: nn (lr=0.001, do=0.25, c=64)
Submitted batch job 23148426
submitting job: nn (lr=0.001, do=0.25, c=64)
Submitted batch job 23148429
submitting job: nn (lr=0.001, do=0.25, c=64)
Submitted batch job 23148431
