/home/exacloud/gscratch/NGSdev/evans/GSNN/scripts
making data...
removing out dir and making proc dir...
submitting gsnn jobs...
PROC=../output/exp1-3//proc/
OUT=../output/exp1-3//GSNN/
EPOCHS=100
TIME=1-12:00:00
MEM=32G
BATCH=25
GPU=gpu:1
slurm output log dir does not exist. Creating...
submitting job: GSNN  (lr=0.01, do=0, c=5)
Submitted batch job 23197808
submitting job: GSNN  (lr=0.01, do=0, c=5)
Submitted batch job 23197809
submitting job: GSNN  (lr=0.01, do=0, c=5)
Submitted batch job 23197810
submitting job: GSNN  (lr=0.01, do=0, c=5)
Submitted batch job 23197811
submitting job: GSNN  (lr=0.01, do=0, c=10)
Submitted batch job 23197812
submitting job: GSNN  (lr=0.01, do=0, c=10)
Submitted batch job 23197813
submitting job: GSNN  (lr=0.01, do=0, c=10)
Submitted batch job 23197814
submitting job: GSNN  (lr=0.01, do=0, c=10)
Submitted batch job 23197815
submitting job: GSNN  (lr=0.01, do=0.1, c=5)
Submitted batch job 23197816
submitting job: GSNN  (lr=0.01, do=0.1, c=5)
Submitted batch job 23197817
submitting job: GSNN  (lr=0.01, do=0.1, c=5)
Submitted batch job 23197818
submitting job: GSNN  (lr=0.01, do=0.1, c=5)
Submitted batch job 23197819
submitting job: GSNN  (lr=0.01, do=0.1, c=10)
Submitted batch job 23197820
submitting job: GSNN  (lr=0.01, do=0.1, c=10)
Submitted batch job 23197821
submitting job: GSNN  (lr=0.01, do=0.1, c=10)
Submitted batch job 23197822
submitting job: GSNN  (lr=0.01, do=0.1, c=10)
Submitted batch job 23197823
submitting job: GSNN  (lr=0.01, do=0.25, c=5)
Submitted batch job 23197824
submitting job: GSNN  (lr=0.01, do=0.25, c=5)
Submitted batch job 23197825
submitting job: GSNN  (lr=0.01, do=0.25, c=5)
Submitted batch job 23197826
submitting job: GSNN  (lr=0.01, do=0.25, c=5)
Submitted batch job 23197827
submitting job: GSNN  (lr=0.01, do=0.25, c=10)
Submitted batch job 23197828
submitting job: GSNN  (lr=0.01, do=0.25, c=10)
Submitted batch job 23197829
submitting job: GSNN  (lr=0.01, do=0.25, c=10)
Submitted batch job 23197830
submitting job: GSNN  (lr=0.01, do=0.25, c=10)
Submitted batch job 23197831
submitting job: GSNN  (lr=0.001, do=0, c=5)
Submitted batch job 23197832
submitting job: GSNN  (lr=0.001, do=0, c=5)
Submitted batch job 23197833
submitting job: GSNN  (lr=0.001, do=0, c=5)
Submitted batch job 23197834
submitting job: GSNN  (lr=0.001, do=0, c=5)
Submitted batch job 23197835
submitting job: GSNN  (lr=0.001, do=0, c=10)
Submitted batch job 23197836
submitting job: GSNN  (lr=0.001, do=0, c=10)
Submitted batch job 23197837
submitting job: GSNN  (lr=0.001, do=0, c=10)
Submitted batch job 23197838
submitting job: GSNN  (lr=0.001, do=0, c=10)
Submitted batch job 23197839
submitting job: GSNN  (lr=0.001, do=0.1, c=5)
Submitted batch job 23197840
submitting job: GSNN  (lr=0.001, do=0.1, c=5)
Submitted batch job 23197841
submitting job: GSNN  (lr=0.001, do=0.1, c=5)
Submitted batch job 23197842
submitting job: GSNN  (lr=0.001, do=0.1, c=5)
Submitted batch job 23197843
submitting job: GSNN  (lr=0.001, do=0.1, c=10)
Submitted batch job 23197844
submitting job: GSNN  (lr=0.001, do=0.1, c=10)
Submitted batch job 23197845
submitting job: GSNN  (lr=0.001, do=0.1, c=10)
Submitted batch job 23197846
submitting job: GSNN  (lr=0.001, do=0.1, c=10)
Submitted batch job 23197847
submitting job: GSNN  (lr=0.001, do=0.25, c=5)
Submitted batch job 23197848
submitting job: GSNN  (lr=0.001, do=0.25, c=5)
Submitted batch job 23197849
submitting job: GSNN  (lr=0.001, do=0.25, c=5)
Submitted batch job 23197850
submitting job: GSNN  (lr=0.001, do=0.25, c=5)
Submitted batch job 23197851
submitting job: GSNN  (lr=0.001, do=0.25, c=10)
Submitted batch job 23197852
submitting job: GSNN  (lr=0.001, do=0.25, c=10)
Submitted batch job 23197853
submitting job: GSNN  (lr=0.001, do=0.25, c=10)
Submitted batch job 23197854
submitting job: GSNN  (lr=0.001, do=0.25, c=10)
Submitted batch job 23197855
submitting nn jobs...
slurm output log dir does not exist. Creating...
submitting job: nn (lr=0.01, do=0, c=100)
Submitted batch job 23197856
submitting job: nn (lr=0.01, do=0, c=300)
Submitted batch job 23197857
submitting job: nn (lr=0.01, do=0, c=500)
Submitted batch job 23197858
submitting job: nn (lr=0.01, do=0, c=700)
Submitted batch job 23197859
submitting job: nn (lr=0.01, do=0.25, c=100)
Submitted batch job 23197860
submitting job: nn (lr=0.01, do=0.25, c=300)
Submitted batch job 23197861
submitting job: nn (lr=0.01, do=0.25, c=500)
Submitted batch job 23197862
submitting job: nn (lr=0.01, do=0.25, c=700)
Submitted batch job 23197863
submitting job: nn (lr=0.01, do=0.5, c=100)
Submitted batch job 23197864
submitting job: nn (lr=0.01, do=0.5, c=300)
Submitted batch job 23197865
submitting job: nn (lr=0.01, do=0.5, c=500)
Submitted batch job 23197866
submitting job: nn (lr=0.01, do=0.5, c=700)
Submitted batch job 23197867
submitting job: nn (lr=0.001, do=0, c=100)
Submitted batch job 23197868
submitting job: nn (lr=0.001, do=0, c=300)
Submitted batch job 23197869
submitting job: nn (lr=0.001, do=0, c=500)
Submitted batch job 23197870
submitting job: nn (lr=0.001, do=0, c=700)
Submitted batch job 23197871
submitting job: nn (lr=0.001, do=0.25, c=100)
Submitted batch job 23197872
submitting job: nn (lr=0.001, do=0.25, c=300)
Submitted batch job 23197873
submitting job: nn (lr=0.001, do=0.25, c=500)
Submitted batch job 23197874
submitting job: nn (lr=0.001, do=0.25, c=700)
Submitted batch job 23197875
submitting job: nn (lr=0.001, do=0.5, c=100)
Submitted batch job 23197876
submitting job: nn (lr=0.001, do=0.5, c=300)
Submitted batch job 23197877
submitting job: nn (lr=0.001, do=0.5, c=500)
Submitted batch job 23197878
submitting job: nn (lr=0.001, do=0.5, c=700)
Submitted batch job 23197879
submitting gnn jobs...
PROC ../output/exp1-3//proc/
OUT ../output/exp1-3//GNN/
EPOCHS 100
TIME 24:00:00
MEM 16G
BATCH 25
slurm output log dir does not exist. Creating...
submitting job: nn (lr=0.001, do=0, c=64)
Submitted batch job 23197880
submitting job: nn (lr=0.001, do=0, c=64)
Submitted batch job 23197881
submitting job: nn (lr=0.001, do=0, c=64)
Submitted batch job 23197882
submitting job: nn (lr=0.001, do=0, c=128)
Submitted batch job 23197883
submitting job: nn (lr=0.001, do=0, c=128)
Submitted batch job 23197884
submitting job: nn (lr=0.001, do=0, c=128)
Submitted batch job 23197885
submitting job: nn (lr=0.001, do=0.25, c=64)
Submitted batch job 23197886
submitting job: nn (lr=0.001, do=0.25, c=64)
Submitted batch job 23197887
submitting job: nn (lr=0.001, do=0.25, c=64)
Submitted batch job 23197888
submitting job: nn (lr=0.001, do=0.25, c=128)
Submitted batch job 23197889
submitting job: nn (lr=0.001, do=0.25, c=128)
Submitted batch job 23197890
submitting job: nn (lr=0.001, do=0.25, c=128)
Submitted batch job 23197891
