/home/exacloud/gscratch/NGSdev/evans/GSNN/scripts
making data...
removing out dir and making proc dir...
submitting gsnn jobs...
PROC=../output/exp1-1//proc/
OUT=../output/exp1-1//GSNN/
EPOCHS=100
TIME=1-12:00:00
MEM=32G
BATCH=25
GPU=gpu:1
slurm output log dir does not exist. Creating...
submitting job: GSNN  (lr=0.01, do=0, c=5)
Submitted batch job 23197586
submitting job: GSNN  (lr=0.01, do=0, c=5)
Submitted batch job 23197587
submitting job: GSNN  (lr=0.01, do=0, c=5)
Submitted batch job 23197588
submitting job: GSNN  (lr=0.01, do=0, c=5)
Submitted batch job 23197589
submitting job: GSNN  (lr=0.01, do=0, c=10)
Submitted batch job 23197591
submitting job: GSNN  (lr=0.01, do=0, c=10)
Submitted batch job 23197592
submitting job: GSNN  (lr=0.01, do=0, c=10)
Submitted batch job 23197593
submitting job: GSNN  (lr=0.01, do=0, c=10)
Submitted batch job 23197594
submitting job: GSNN  (lr=0.01, do=0.1, c=5)
Submitted batch job 23197595
submitting job: GSNN  (lr=0.01, do=0.1, c=5)
Submitted batch job 23197596
submitting job: GSNN  (lr=0.01, do=0.1, c=5)
Submitted batch job 23197597
submitting job: GSNN  (lr=0.01, do=0.1, c=5)
Submitted batch job 23197598
submitting job: GSNN  (lr=0.01, do=0.1, c=10)
Submitted batch job 23197599
submitting job: GSNN  (lr=0.01, do=0.1, c=10)
Submitted batch job 23197600
submitting job: GSNN  (lr=0.01, do=0.1, c=10)
Submitted batch job 23197601
submitting job: GSNN  (lr=0.01, do=0.1, c=10)
Submitted batch job 23197602
submitting job: GSNN  (lr=0.01, do=0.25, c=5)
Submitted batch job 23197603
submitting job: GSNN  (lr=0.01, do=0.25, c=5)
Submitted batch job 23197604
submitting job: GSNN  (lr=0.01, do=0.25, c=5)
Submitted batch job 23197605
submitting job: GSNN  (lr=0.01, do=0.25, c=5)
Submitted batch job 23197606
submitting job: GSNN  (lr=0.01, do=0.25, c=10)
Submitted batch job 23197607
submitting job: GSNN  (lr=0.01, do=0.25, c=10)
Submitted batch job 23197608
submitting job: GSNN  (lr=0.01, do=0.25, c=10)
Submitted batch job 23197609
submitting job: GSNN  (lr=0.01, do=0.25, c=10)
Submitted batch job 23197610
submitting job: GSNN  (lr=0.001, do=0, c=5)
Submitted batch job 23197611
submitting job: GSNN  (lr=0.001, do=0, c=5)
Submitted batch job 23197612
submitting job: GSNN  (lr=0.001, do=0, c=5)
Submitted batch job 23197613
submitting job: GSNN  (lr=0.001, do=0, c=5)
Submitted batch job 23197614
submitting job: GSNN  (lr=0.001, do=0, c=10)
Submitted batch job 23197615
submitting job: GSNN  (lr=0.001, do=0, c=10)
Submitted batch job 23197616
submitting job: GSNN  (lr=0.001, do=0, c=10)
Submitted batch job 23197617
submitting job: GSNN  (lr=0.001, do=0, c=10)
Submitted batch job 23197618
submitting job: GSNN  (lr=0.001, do=0.1, c=5)
Submitted batch job 23197619
submitting job: GSNN  (lr=0.001, do=0.1, c=5)
Submitted batch job 23197620
submitting job: GSNN  (lr=0.001, do=0.1, c=5)
Submitted batch job 23197621
submitting job: GSNN  (lr=0.001, do=0.1, c=5)
Submitted batch job 23197622
submitting job: GSNN  (lr=0.001, do=0.1, c=10)
Submitted batch job 23197623
submitting job: GSNN  (lr=0.001, do=0.1, c=10)
Submitted batch job 23197624
submitting job: GSNN  (lr=0.001, do=0.1, c=10)
Submitted batch job 23197625
submitting job: GSNN  (lr=0.001, do=0.1, c=10)
Submitted batch job 23197626
submitting job: GSNN  (lr=0.001, do=0.25, c=5)
Submitted batch job 23197627
submitting job: GSNN  (lr=0.001, do=0.25, c=5)
Submitted batch job 23197628
submitting job: GSNN  (lr=0.001, do=0.25, c=5)
Submitted batch job 23197629
submitting job: GSNN  (lr=0.001, do=0.25, c=5)
Submitted batch job 23197630
submitting job: GSNN  (lr=0.001, do=0.25, c=10)
Submitted batch job 23197631
submitting job: GSNN  (lr=0.001, do=0.25, c=10)
Submitted batch job 23197632
submitting job: GSNN  (lr=0.001, do=0.25, c=10)
Submitted batch job 23197633
submitting job: GSNN  (lr=0.001, do=0.25, c=10)
Submitted batch job 23197634
submitting nn jobs...
slurm output log dir does not exist. Creating...
submitting job: nn (lr=0.01, do=0, c=100)
Submitted batch job 23197635
submitting job: nn (lr=0.01, do=0, c=300)
Submitted batch job 23197636
submitting job: nn (lr=0.01, do=0, c=500)
Submitted batch job 23197637
submitting job: nn (lr=0.01, do=0, c=700)
Submitted batch job 23197638
submitting job: nn (lr=0.01, do=0.25, c=100)
Submitted batch job 23197639
submitting job: nn (lr=0.01, do=0.25, c=300)
Submitted batch job 23197640
submitting job: nn (lr=0.01, do=0.25, c=500)
Submitted batch job 23197641
submitting job: nn (lr=0.01, do=0.25, c=700)
Submitted batch job 23197642
submitting job: nn (lr=0.01, do=0.5, c=100)
Submitted batch job 23197643
submitting job: nn (lr=0.01, do=0.5, c=300)
Submitted batch job 23197644
submitting job: nn (lr=0.01, do=0.5, c=500)
Submitted batch job 23197645
submitting job: nn (lr=0.01, do=0.5, c=700)
Submitted batch job 23197646
submitting job: nn (lr=0.001, do=0, c=100)
Submitted batch job 23197647
submitting job: nn (lr=0.001, do=0, c=300)
Submitted batch job 23197648
submitting job: nn (lr=0.001, do=0, c=500)
Submitted batch job 23197649
submitting job: nn (lr=0.001, do=0, c=700)
Submitted batch job 23197650
submitting job: nn (lr=0.001, do=0.25, c=100)
Submitted batch job 23197651
submitting job: nn (lr=0.001, do=0.25, c=300)
Submitted batch job 23197652
submitting job: nn (lr=0.001, do=0.25, c=500)
Submitted batch job 23197653
submitting job: nn (lr=0.001, do=0.25, c=700)
Submitted batch job 23197654
submitting job: nn (lr=0.001, do=0.5, c=100)
Submitted batch job 23197655
submitting job: nn (lr=0.001, do=0.5, c=300)
Submitted batch job 23197656
submitting job: nn (lr=0.001, do=0.5, c=500)
Submitted batch job 23197657
submitting job: nn (lr=0.001, do=0.5, c=700)
Submitted batch job 23197658
submitting gnn jobs...
PROC ../output/exp1-1//proc/
OUT ../output/exp1-1//GNN/
EPOCHS 100
TIME 24:00:00
MEM 16G
BATCH 25
slurm output log dir does not exist. Creating...
submitting job: nn (lr=0.001, do=0, c=64)
Submitted batch job 23197659
submitting job: nn (lr=0.001, do=0, c=64)
Submitted batch job 23197660
submitting job: nn (lr=0.001, do=0, c=64)
Submitted batch job 23197661
submitting job: nn (lr=0.001, do=0, c=128)
Submitted batch job 23197662
submitting job: nn (lr=0.001, do=0, c=128)
Submitted batch job 23197663
submitting job: nn (lr=0.001, do=0, c=128)
Submitted batch job 23197664
submitting job: nn (lr=0.001, do=0.25, c=64)
Submitted batch job 23197665
submitting job: nn (lr=0.001, do=0.25, c=64)
Submitted batch job 23197666
submitting job: nn (lr=0.001, do=0.25, c=64)
Submitted batch job 23197667
submitting job: nn (lr=0.001, do=0.25, c=128)
Submitted batch job 23197668
submitting job: nn (lr=0.001, do=0.25, c=128)
Submitted batch job 23197669
submitting job: nn (lr=0.001, do=0.25, c=128)
Submitted batch job 23197670
