removing out dir and making proc dir...
making data...
submitting gsnn jobs...
PROC=../output/exp1-5//proc/
OUT=../output/exp1-5//GSNN/
EPOCHS=100
TIME=03:00:00
MEM=12G
BATCH=50
GPU=gpu:1
slurm output log dir does not exist. Creating...
submitting job: GSNN  (lr=0.05, do=0, c=5)
Submitted batch job 23030410
submitting job: GSNN  (lr=0.05, do=0, c=5)
Submitted batch job 23030411
submitting job: GSNN  (lr=0.05, do=0, c=10)
Submitted batch job 23030412
submitting job: GSNN  (lr=0.05, do=0, c=10)
Submitted batch job 23030413
submitting job: GSNN  (lr=0.05, do=0.25, c=5)
Submitted batch job 23030414
submitting job: GSNN  (lr=0.05, do=0.25, c=5)
Submitted batch job 23030415
submitting job: GSNN  (lr=0.05, do=0.25, c=10)
Submitted batch job 23030416
submitting job: GSNN  (lr=0.05, do=0.25, c=10)
Submitted batch job 23030417
submitting job: GSNN  (lr=0.05, do=0.5, c=5)
Submitted batch job 23030418
submitting job: GSNN  (lr=0.05, do=0.5, c=5)
Submitted batch job 23030419
submitting job: GSNN  (lr=0.05, do=0.5, c=10)
Submitted batch job 23030420
submitting job: GSNN  (lr=0.05, do=0.5, c=10)
Submitted batch job 23030421
submitting job: GSNN  (lr=0.005, do=0, c=5)
Submitted batch job 23030422
submitting job: GSNN  (lr=0.005, do=0, c=5)
Submitted batch job 23030423
submitting job: GSNN  (lr=0.005, do=0, c=10)
Submitted batch job 23030424
submitting job: GSNN  (lr=0.005, do=0, c=10)
Submitted batch job 23030425
submitting job: GSNN  (lr=0.005, do=0.25, c=5)
Submitted batch job 23030426
submitting job: GSNN  (lr=0.005, do=0.25, c=5)
Submitted batch job 23030427
submitting job: GSNN  (lr=0.005, do=0.25, c=10)
Submitted batch job 23030428
submitting job: GSNN  (lr=0.005, do=0.25, c=10)
Submitted batch job 23030429
submitting job: GSNN  (lr=0.005, do=0.5, c=5)
Submitted batch job 23030430
submitting job: GSNN  (lr=0.005, do=0.5, c=5)
Submitted batch job 23030431
submitting job: GSNN  (lr=0.005, do=0.5, c=10)
Submitted batch job 23030432
submitting job: GSNN  (lr=0.005, do=0.5, c=10)
Submitted batch job 23030433
submitting nn jobs...
slurm output log dir does not exist. Creating...
submitting job: nn (lr=0.01, do=0, c=32)
Submitted batch job 23030434
submitting job: nn (lr=0.01, do=0, c=64)
Submitted batch job 23030435
submitting job: nn (lr=0.01, do=0, c=124)
Submitted batch job 23030436
submitting job: nn (lr=0.01, do=0.25, c=32)
Submitted batch job 23030437
submitting job: nn (lr=0.01, do=0.25, c=64)
Submitted batch job 23030438
submitting job: nn (lr=0.01, do=0.25, c=124)
Submitted batch job 23030439
submitting job: nn (lr=0.01, do=0.5, c=32)
Submitted batch job 23030440
submitting job: nn (lr=0.01, do=0.5, c=64)
Submitted batch job 23030441
submitting job: nn (lr=0.01, do=0.5, c=124)
Submitted batch job 23030442
submitting job: nn (lr=0.001, do=0, c=32)
Submitted batch job 23030443
submitting job: nn (lr=0.001, do=0, c=64)
Submitted batch job 23030444
submitting job: nn (lr=0.001, do=0, c=124)
Submitted batch job 23030445
submitting job: nn (lr=0.001, do=0.25, c=32)
Submitted batch job 23030446
submitting job: nn (lr=0.001, do=0.25, c=64)
Submitted batch job 23030447
submitting job: nn (lr=0.001, do=0.25, c=124)
Submitted batch job 23030448
submitting job: nn (lr=0.001, do=0.5, c=32)
Submitted batch job 23030449
submitting job: nn (lr=0.001, do=0.5, c=64)
Submitted batch job 23030450
submitting job: nn (lr=0.001, do=0.5, c=124)
Submitted batch job 23030451
submitting gnn jobs...
slurm output log dir does not exist. Creating...
submitting job: nn (lr=0.001, do=0, c=32)
Submitted batch job 23030452
submitting job: nn (lr=0.001, do=0, c=32)
Submitted batch job 23030453
submitting job: nn (lr=0.001, do=0, c=32)
Submitted batch job 23030454
submitting job: nn (lr=0.001, do=0, c=64)
Submitted batch job 23030455
submitting job: nn (lr=0.001, do=0, c=64)
Submitted batch job 23030456
submitting job: nn (lr=0.001, do=0, c=64)
Submitted batch job 23030457
submitting job: nn (lr=0.001, do=0.25, c=32)
Submitted batch job 23030458
submitting job: nn (lr=0.001, do=0.25, c=32)
Submitted batch job 23030459
submitting job: nn (lr=0.001, do=0.25, c=32)
Submitted batch job 23030460
submitting job: nn (lr=0.001, do=0.25, c=64)
Submitted batch job 23030461
submitting job: nn (lr=0.001, do=0.25, c=64)
Submitted batch job 23030462
submitting job: nn (lr=0.001, do=0.25, c=64)
Submitted batch job 23030463
