removing out dir and making proc dir...
making data...
submitting gsnn jobs...
PROC=../output/exp11-3//proc/
OUT=../output/exp11-3//GSNN/
EPOCHS=100
TIME=1-12:00:00
MEM=24G
BATCH=50
GPU=gpu:1
slurm output log dir does not exist. Creating...
submitting job: GSNN  (lr=0.05, do=0, c=5)
Submitted batch job 23021077
submitting job: GSNN  (lr=0.05, do=0, c=5)
Submitted batch job 23021078
submitting job: GSNN  (lr=0.05, do=0, c=10)
Submitted batch job 23021079
submitting job: GSNN  (lr=0.05, do=0, c=10)
Submitted batch job 23021080
submitting job: GSNN  (lr=0.05, do=0.25, c=5)
Submitted batch job 23021081
submitting job: GSNN  (lr=0.05, do=0.25, c=5)
Submitted batch job 23021082
submitting job: GSNN  (lr=0.05, do=0.25, c=10)
Submitted batch job 23021083
submitting job: GSNN  (lr=0.05, do=0.25, c=10)
Submitted batch job 23021084
submitting job: GSNN  (lr=0.05, do=0.5, c=5)
Submitted batch job 23021085
submitting job: GSNN  (lr=0.05, do=0.5, c=5)
Submitted batch job 23021086
submitting job: GSNN  (lr=0.05, do=0.5, c=10)
Submitted batch job 23021087
submitting job: GSNN  (lr=0.05, do=0.5, c=10)
Submitted batch job 23021088
submitting job: GSNN  (lr=0.005, do=0, c=5)
Submitted batch job 23021089
submitting job: GSNN  (lr=0.005, do=0, c=5)
Submitted batch job 23021090
submitting job: GSNN  (lr=0.005, do=0, c=10)
Submitted batch job 23021091
submitting job: GSNN  (lr=0.005, do=0, c=10)
Submitted batch job 23021092
submitting job: GSNN  (lr=0.005, do=0.25, c=5)
Submitted batch job 23021093
submitting job: GSNN  (lr=0.005, do=0.25, c=5)
Submitted batch job 23021094
submitting job: GSNN  (lr=0.005, do=0.25, c=10)
Submitted batch job 23021095
submitting job: GSNN  (lr=0.005, do=0.25, c=10)
Submitted batch job 23021096
submitting job: GSNN  (lr=0.005, do=0.5, c=5)
Submitted batch job 23021097
submitting job: GSNN  (lr=0.005, do=0.5, c=5)
Submitted batch job 23021098
submitting job: GSNN  (lr=0.005, do=0.5, c=10)
Submitted batch job 23021099
submitting job: GSNN  (lr=0.005, do=0.5, c=10)
Submitted batch job 23021100
submitting nn jobs...
slurm output log dir does not exist. Creating...
submitting job: nn (lr=0.01, do=0, c=32)
Submitted batch job 23021101
submitting job: nn (lr=0.01, do=0, c=64)
Submitted batch job 23021102
submitting job: nn (lr=0.01, do=0, c=124)
Submitted batch job 23021103
submitting job: nn (lr=0.01, do=0.25, c=32)
Submitted batch job 23021104
submitting job: nn (lr=0.01, do=0.25, c=64)
Submitted batch job 23021105
submitting job: nn (lr=0.01, do=0.25, c=124)
Submitted batch job 23021106
submitting job: nn (lr=0.01, do=0.5, c=32)
Submitted batch job 23021107
submitting job: nn (lr=0.01, do=0.5, c=64)
Submitted batch job 23021108
submitting job: nn (lr=0.01, do=0.5, c=124)
Submitted batch job 23021109
submitting job: nn (lr=0.001, do=0, c=32)
Submitted batch job 23021110
submitting job: nn (lr=0.001, do=0, c=64)
Submitted batch job 23021111
submitting job: nn (lr=0.001, do=0, c=124)
Submitted batch job 23021112
submitting job: nn (lr=0.001, do=0.25, c=32)
Submitted batch job 23021113
submitting job: nn (lr=0.001, do=0.25, c=64)
Submitted batch job 23021114
submitting job: nn (lr=0.001, do=0.25, c=124)
Submitted batch job 23021115
submitting job: nn (lr=0.001, do=0.5, c=32)
Submitted batch job 23021116
submitting job: nn (lr=0.001, do=0.5, c=64)
Submitted batch job 23021117
submitting job: nn (lr=0.001, do=0.5, c=124)
Submitted batch job 23021118
submitting gnn jobs...
slurm output log dir does not exist. Creating...
submitting job: nn (lr=0.001, do=0, c=32)
Submitted batch job 23021119
submitting job: nn (lr=0.001, do=0, c=32)
Submitted batch job 23021120
submitting job: nn (lr=0.001, do=0, c=32)
Submitted batch job 23021121
submitting job: nn (lr=0.001, do=0, c=64)
Submitted batch job 23021122
submitting job: nn (lr=0.001, do=0, c=64)
Submitted batch job 23021123
submitting job: nn (lr=0.001, do=0, c=64)
Submitted batch job 23021124
submitting job: nn (lr=0.001, do=0.25, c=32)
Submitted batch job 23021125
submitting job: nn (lr=0.001, do=0.25, c=32)
Submitted batch job 23021126
submitting job: nn (lr=0.001, do=0.25, c=32)
Submitted batch job 23021127
submitting job: nn (lr=0.001, do=0.25, c=64)
Submitted batch job 23021128
submitting job: nn (lr=0.001, do=0.25, c=64)
Submitted batch job 23021129
submitting job: nn (lr=0.001, do=0.25, c=64)
Submitted batch job 23021130
