removing out dir and making proc dir...
making data...
submitting gsnn jobs...
PROC=../output/exp1-1//proc/
OUT=../output/exp1-1//GSNN/
EPOCHS=100
TIME=03:00:00
MEM=12G
BATCH=50
GPU=gpu:1
slurm output log dir does not exist. Creating...
submitting job: GSNN  (lr=0.05, do=0, c=5)
Submitted batch job 23018820
submitting job: GSNN  (lr=0.05, do=0, c=5)
Submitted batch job 23018821
submitting job: GSNN  (lr=0.05, do=0, c=10)
Submitted batch job 23018822
submitting job: GSNN  (lr=0.05, do=0, c=10)
Submitted batch job 23018823
submitting job: GSNN  (lr=0.05, do=0.25, c=5)
Submitted batch job 23018824
submitting job: GSNN  (lr=0.05, do=0.25, c=5)
Submitted batch job 23018825
submitting job: GSNN  (lr=0.05, do=0.25, c=10)
Submitted batch job 23018826
submitting job: GSNN  (lr=0.05, do=0.25, c=10)
Submitted batch job 23018827
submitting job: GSNN  (lr=0.05, do=0.5, c=5)
Submitted batch job 23018828
submitting job: GSNN  (lr=0.05, do=0.5, c=5)
Submitted batch job 23018829
submitting job: GSNN  (lr=0.05, do=0.5, c=10)
Submitted batch job 23018830
submitting job: GSNN  (lr=0.05, do=0.5, c=10)
Submitted batch job 23018831
submitting job: GSNN  (lr=0.005, do=0, c=5)
Submitted batch job 23018832
submitting job: GSNN  (lr=0.005, do=0, c=5)
Submitted batch job 23018833
submitting job: GSNN  (lr=0.005, do=0, c=10)
Submitted batch job 23018834
submitting job: GSNN  (lr=0.005, do=0, c=10)
Submitted batch job 23018835
submitting job: GSNN  (lr=0.005, do=0.25, c=5)
Submitted batch job 23018836
submitting job: GSNN  (lr=0.005, do=0.25, c=5)
Submitted batch job 23018837
submitting job: GSNN  (lr=0.005, do=0.25, c=10)
Submitted batch job 23018838
submitting job: GSNN  (lr=0.005, do=0.25, c=10)
Submitted batch job 23018839
submitting job: GSNN  (lr=0.005, do=0.5, c=5)
Submitted batch job 23018840
submitting job: GSNN  (lr=0.005, do=0.5, c=5)
Submitted batch job 23018841
submitting job: GSNN  (lr=0.005, do=0.5, c=10)
Submitted batch job 23018842
submitting job: GSNN  (lr=0.005, do=0.5, c=10)
Submitted batch job 23018843
submitting nn jobs...
slurm output log dir does not exist. Creating...
submitting job: nn (lr=0.01, do=0, c=32)
Submitted batch job 23018844
submitting job: nn (lr=0.01, do=0, c=64)
Submitted batch job 23018845
submitting job: nn (lr=0.01, do=0, c=124)
Submitted batch job 23018846
submitting job: nn (lr=0.01, do=0.25, c=32)
Submitted batch job 23018847
submitting job: nn (lr=0.01, do=0.25, c=64)
Submitted batch job 23018848
submitting job: nn (lr=0.01, do=0.25, c=124)
Submitted batch job 23018849
submitting job: nn (lr=0.01, do=0.5, c=32)
Submitted batch job 23018850
submitting job: nn (lr=0.01, do=0.5, c=64)
Submitted batch job 23018851
submitting job: nn (lr=0.01, do=0.5, c=124)
Submitted batch job 23018852
submitting job: nn (lr=0.001, do=0, c=32)
Submitted batch job 23018853
submitting job: nn (lr=0.001, do=0, c=64)
Submitted batch job 23018854
submitting job: nn (lr=0.001, do=0, c=124)
Submitted batch job 23018855
submitting job: nn (lr=0.001, do=0.25, c=32)
Submitted batch job 23018856
submitting job: nn (lr=0.001, do=0.25, c=64)
Submitted batch job 23018857
submitting job: nn (lr=0.001, do=0.25, c=124)
Submitted batch job 23018858
submitting job: nn (lr=0.001, do=0.5, c=32)
Submitted batch job 23018859
submitting job: nn (lr=0.001, do=0.5, c=64)
Submitted batch job 23018860
submitting job: nn (lr=0.001, do=0.5, c=124)
Submitted batch job 23018861
submitting gnn jobs...
slurm output log dir does not exist. Creating...
submitting job: nn (lr=0.001, do=0, c=32)
Submitted batch job 23018862
submitting job: nn (lr=0.001, do=0, c=32)
Submitted batch job 23018863
submitting job: nn (lr=0.001, do=0, c=32)
Submitted batch job 23018864
submitting job: nn (lr=0.001, do=0, c=64)
Submitted batch job 23018865
submitting job: nn (lr=0.001, do=0, c=64)
Submitted batch job 23018866
submitting job: nn (lr=0.001, do=0, c=64)
Submitted batch job 23018867
submitting job: nn (lr=0.001, do=0.25, c=32)
Submitted batch job 23018868
submitting job: nn (lr=0.001, do=0.25, c=32)
Submitted batch job 23018869
submitting job: nn (lr=0.001, do=0.25, c=32)
Submitted batch job 23018870
submitting job: nn (lr=0.001, do=0.25, c=64)
Submitted batch job 23018871
submitting job: nn (lr=0.001, do=0.25, c=64)
Submitted batch job 23018872
submitting job: nn (lr=0.001, do=0.25, c=64)
Submitted batch job 23018873
