removing out dir and making proc dir...
making data...
submitting gsnn jobs...
PROC=../output/exp1-4//proc/
OUT=../output/exp1-4//GSNN/
EPOCHS=100
TIME=03:00:00
MEM=12G
BATCH=50
GPU=gpu:1
slurm output log dir does not exist. Creating...
submitting job: GSNN  (lr=0.05, do=0, c=5)
Submitted batch job 23015760
submitting job: GSNN  (lr=0.05, do=0, c=5)
Submitted batch job 23015761
submitting job: GSNN  (lr=0.05, do=0, c=10)
Submitted batch job 23015762
submitting job: GSNN  (lr=0.05, do=0, c=10)
Submitted batch job 23015763
submitting job: GSNN  (lr=0.05, do=0.25, c=5)
Submitted batch job 23015764
submitting job: GSNN  (lr=0.05, do=0.25, c=5)
Submitted batch job 23015765
submitting job: GSNN  (lr=0.05, do=0.25, c=10)
Submitted batch job 23015766
submitting job: GSNN  (lr=0.05, do=0.25, c=10)
Submitted batch job 23015767
submitting job: GSNN  (lr=0.05, do=0.5, c=5)
Submitted batch job 23015768
submitting job: GSNN  (lr=0.05, do=0.5, c=5)
Submitted batch job 23015769
submitting job: GSNN  (lr=0.05, do=0.5, c=10)
Submitted batch job 23015770
submitting job: GSNN  (lr=0.05, do=0.5, c=10)
Submitted batch job 23015771
submitting job: GSNN  (lr=0.005, do=0, c=5)
Submitted batch job 23015772
submitting job: GSNN  (lr=0.005, do=0, c=5)
Submitted batch job 23015773
submitting job: GSNN  (lr=0.005, do=0, c=10)
Submitted batch job 23015774
submitting job: GSNN  (lr=0.005, do=0, c=10)
Submitted batch job 23015775
submitting job: GSNN  (lr=0.005, do=0.25, c=5)
Submitted batch job 23015776
submitting job: GSNN  (lr=0.005, do=0.25, c=5)
Submitted batch job 23015777
submitting job: GSNN  (lr=0.005, do=0.25, c=10)
Submitted batch job 23015778
submitting job: GSNN  (lr=0.005, do=0.25, c=10)
Submitted batch job 23015779
submitting job: GSNN  (lr=0.005, do=0.5, c=5)
Submitted batch job 23015780
submitting job: GSNN  (lr=0.005, do=0.5, c=5)
Submitted batch job 23015781
submitting job: GSNN  (lr=0.005, do=0.5, c=10)
Submitted batch job 23015782
submitting job: GSNN  (lr=0.005, do=0.5, c=10)
Submitted batch job 23015783
submitting nn jobs...
slurm output log dir does not exist. Creating...
submitting job: nn (lr=0.01, do=0, c=32)
Submitted batch job 23015784
submitting job: nn (lr=0.01, do=0, c=64)
Submitted batch job 23015785
submitting job: nn (lr=0.01, do=0, c=124)
Submitted batch job 23015786
submitting job: nn (lr=0.01, do=0.25, c=32)
Submitted batch job 23015787
submitting job: nn (lr=0.01, do=0.25, c=64)
Submitted batch job 23015788
submitting job: nn (lr=0.01, do=0.25, c=124)
Submitted batch job 23015789
submitting job: nn (lr=0.01, do=0.5, c=32)
Submitted batch job 23015790
submitting job: nn (lr=0.01, do=0.5, c=64)
Submitted batch job 23015791
submitting job: nn (lr=0.01, do=0.5, c=124)
Submitted batch job 23015792
submitting job: nn (lr=0.001, do=0, c=32)
Submitted batch job 23015793
submitting job: nn (lr=0.001, do=0, c=64)
Submitted batch job 23015794
submitting job: nn (lr=0.001, do=0, c=124)
Submitted batch job 23015795
submitting job: nn (lr=0.001, do=0.25, c=32)
Submitted batch job 23015796
submitting job: nn (lr=0.001, do=0.25, c=64)
Submitted batch job 23015797
submitting job: nn (lr=0.001, do=0.25, c=124)
Submitted batch job 23015798
submitting job: nn (lr=0.001, do=0.5, c=32)
Submitted batch job 23015799
submitting job: nn (lr=0.001, do=0.5, c=64)
Submitted batch job 23015800
submitting job: nn (lr=0.001, do=0.5, c=124)
Submitted batch job 23015801
submitting gnn jobs...
slurm output log dir does not exist. Creating...
submitting job: nn (lr=0.001, do=0, c=32)
Submitted batch job 23015802
submitting job: nn (lr=0.001, do=0, c=32)
Submitted batch job 23015803
submitting job: nn (lr=0.001, do=0, c=32)
Submitted batch job 23015804
submitting job: nn (lr=0.001, do=0, c=64)
Submitted batch job 23015805
submitting job: nn (lr=0.001, do=0, c=64)
Submitted batch job 23015806
submitting job: nn (lr=0.001, do=0, c=64)
Submitted batch job 23015807
submitting job: nn (lr=0.001, do=0.25, c=32)
Submitted batch job 23015808
submitting job: nn (lr=0.001, do=0.25, c=32)
Submitted batch job 23015809
submitting job: nn (lr=0.001, do=0.25, c=32)
Submitted batch job 23015810
submitting job: nn (lr=0.001, do=0.25, c=64)
Submitted batch job 23015811
submitting job: nn (lr=0.001, do=0.25, c=64)
Submitted batch job 23015812
submitting job: nn (lr=0.001, do=0.25, c=64)
Submitted batch job 23015813
