removing out dir and making proc dir...
making data...
submitting gsnn jobs...
PROC=../output/exp1-4//proc/
OUT=../output/exp1-4//GSNN/
EPOCHS=100
TIME=03:00:00
MEM=12G
BATCH=50
GPU=gpu:1
slurm output log dir does not exist. Creating...
submitting job: GSNN  (lr=0.05, do=0, c=5)
Submitted batch job 23042396
submitting job: GSNN  (lr=0.05, do=0, c=5)
Submitted batch job 23042397
submitting job: GSNN  (lr=0.05, do=0, c=10)
Submitted batch job 23042398
submitting job: GSNN  (lr=0.05, do=0, c=10)
Submitted batch job 23042399
submitting job: GSNN  (lr=0.05, do=0.25, c=5)
Submitted batch job 23042400
submitting job: GSNN  (lr=0.05, do=0.25, c=5)
Submitted batch job 23042401
submitting job: GSNN  (lr=0.05, do=0.25, c=10)
Submitted batch job 23042402
submitting job: GSNN  (lr=0.05, do=0.25, c=10)
Submitted batch job 23042403
submitting job: GSNN  (lr=0.05, do=0.5, c=5)
Submitted batch job 23042404
submitting job: GSNN  (lr=0.05, do=0.5, c=5)
Submitted batch job 23042405
submitting job: GSNN  (lr=0.05, do=0.5, c=10)
Submitted batch job 23042406
submitting job: GSNN  (lr=0.05, do=0.5, c=10)
Submitted batch job 23042407
submitting job: GSNN  (lr=0.005, do=0, c=5)
Submitted batch job 23042408
submitting job: GSNN  (lr=0.005, do=0, c=5)
Submitted batch job 23042409
submitting job: GSNN  (lr=0.005, do=0, c=10)
Submitted batch job 23042410
submitting job: GSNN  (lr=0.005, do=0, c=10)
Submitted batch job 23042411
submitting job: GSNN  (lr=0.005, do=0.25, c=5)
Submitted batch job 23042412
submitting job: GSNN  (lr=0.005, do=0.25, c=5)
Submitted batch job 23042413
submitting job: GSNN  (lr=0.005, do=0.25, c=10)
Submitted batch job 23042414
submitting job: GSNN  (lr=0.005, do=0.25, c=10)
Submitted batch job 23042415
submitting job: GSNN  (lr=0.005, do=0.5, c=5)
Submitted batch job 23042416
submitting job: GSNN  (lr=0.005, do=0.5, c=5)
Submitted batch job 23042417
submitting job: GSNN  (lr=0.005, do=0.5, c=10)
Submitted batch job 23042418
submitting job: GSNN  (lr=0.005, do=0.5, c=10)
Submitted batch job 23042419
submitting nn jobs...
slurm output log dir does not exist. Creating...
submitting job: nn (lr=0.01, do=0, c=32)
Submitted batch job 23042420
submitting job: nn (lr=0.01, do=0, c=64)
Submitted batch job 23042421
submitting job: nn (lr=0.01, do=0, c=124)
Submitted batch job 23042422
submitting job: nn (lr=0.01, do=0.25, c=32)
Submitted batch job 23042423
submitting job: nn (lr=0.01, do=0.25, c=64)
Submitted batch job 23042424
submitting job: nn (lr=0.01, do=0.25, c=124)
Submitted batch job 23042425
submitting job: nn (lr=0.01, do=0.5, c=32)
Submitted batch job 23042426
submitting job: nn (lr=0.01, do=0.5, c=64)
Submitted batch job 23042427
submitting job: nn (lr=0.01, do=0.5, c=124)
Submitted batch job 23042428
submitting job: nn (lr=0.001, do=0, c=32)
Submitted batch job 23042429
submitting job: nn (lr=0.001, do=0, c=64)
Submitted batch job 23042430
submitting job: nn (lr=0.001, do=0, c=124)
Submitted batch job 23042431
submitting job: nn (lr=0.001, do=0.25, c=32)
Submitted batch job 23042432
submitting job: nn (lr=0.001, do=0.25, c=64)
Submitted batch job 23042433
submitting job: nn (lr=0.001, do=0.25, c=124)
Submitted batch job 23042434
submitting job: nn (lr=0.001, do=0.5, c=32)
Submitted batch job 23042435
submitting job: nn (lr=0.001, do=0.5, c=64)
Submitted batch job 23042436
submitting job: nn (lr=0.001, do=0.5, c=124)
Submitted batch job 23042437
submitting gnn jobs...
slurm output log dir does not exist. Creating...
submitting job: nn (lr=0.001, do=0, c=32)
Submitted batch job 23042438
submitting job: nn (lr=0.001, do=0, c=32)
Submitted batch job 23042439
submitting job: nn (lr=0.001, do=0, c=32)
Submitted batch job 23042440
submitting job: nn (lr=0.001, do=0, c=64)
Submitted batch job 23042441
submitting job: nn (lr=0.001, do=0, c=64)
Submitted batch job 23042442
submitting job: nn (lr=0.001, do=0, c=64)
Submitted batch job 23042443
submitting job: nn (lr=0.001, do=0.25, c=32)
Submitted batch job 23042444
submitting job: nn (lr=0.001, do=0.25, c=32)
Submitted batch job 23042445
submitting job: nn (lr=0.001, do=0.25, c=32)
Submitted batch job 23042446
submitting job: nn (lr=0.001, do=0.25, c=64)
Submitted batch job 23042447
submitting job: nn (lr=0.001, do=0.25, c=64)
Submitted batch job 23042448
submitting job: nn (lr=0.001, do=0.25, c=64)
Submitted batch job 23042449
