removing out dir and making proc dir...
making data...
submitting gsnn jobs...
PROC=../output/exp11-2//proc/
OUT=../output/exp11-2//GSNN/
EPOCHS=100
TIME=1-12:00:00
MEM=24G
BATCH=50
GPU=gpu:1
slurm output log dir does not exist. Creating...
submitting job: GSNN  (lr=0.05, do=0, c=5)
Submitted batch job 23021023
submitting job: GSNN  (lr=0.05, do=0, c=5)
Submitted batch job 23021024
submitting job: GSNN  (lr=0.05, do=0, c=10)
Submitted batch job 23021025
submitting job: GSNN  (lr=0.05, do=0, c=10)
Submitted batch job 23021026
submitting job: GSNN  (lr=0.05, do=0.25, c=5)
Submitted batch job 23021027
submitting job: GSNN  (lr=0.05, do=0.25, c=5)
Submitted batch job 23021028
submitting job: GSNN  (lr=0.05, do=0.25, c=10)
Submitted batch job 23021029
submitting job: GSNN  (lr=0.05, do=0.25, c=10)
Submitted batch job 23021030
submitting job: GSNN  (lr=0.05, do=0.5, c=5)
Submitted batch job 23021031
submitting job: GSNN  (lr=0.05, do=0.5, c=5)
Submitted batch job 23021032
submitting job: GSNN  (lr=0.05, do=0.5, c=10)
Submitted batch job 23021033
submitting job: GSNN  (lr=0.05, do=0.5, c=10)
Submitted batch job 23021034
submitting job: GSNN  (lr=0.005, do=0, c=5)
Submitted batch job 23021035
submitting job: GSNN  (lr=0.005, do=0, c=5)
Submitted batch job 23021036
submitting job: GSNN  (lr=0.005, do=0, c=10)
Submitted batch job 23021037
submitting job: GSNN  (lr=0.005, do=0, c=10)
Submitted batch job 23021038
submitting job: GSNN  (lr=0.005, do=0.25, c=5)
Submitted batch job 23021039
submitting job: GSNN  (lr=0.005, do=0.25, c=5)
Submitted batch job 23021040
submitting job: GSNN  (lr=0.005, do=0.25, c=10)
Submitted batch job 23021041
submitting job: GSNN  (lr=0.005, do=0.25, c=10)
Submitted batch job 23021042
submitting job: GSNN  (lr=0.005, do=0.5, c=5)
Submitted batch job 23021043
submitting job: GSNN  (lr=0.005, do=0.5, c=5)
Submitted batch job 23021044
submitting job: GSNN  (lr=0.005, do=0.5, c=10)
Submitted batch job 23021045
submitting job: GSNN  (lr=0.005, do=0.5, c=10)
Submitted batch job 23021046
submitting nn jobs...
slurm output log dir does not exist. Creating...
submitting job: nn (lr=0.01, do=0, c=32)
Submitted batch job 23021047
submitting job: nn (lr=0.01, do=0, c=64)
Submitted batch job 23021048
submitting job: nn (lr=0.01, do=0, c=124)
Submitted batch job 23021049
submitting job: nn (lr=0.01, do=0.25, c=32)
Submitted batch job 23021050
submitting job: nn (lr=0.01, do=0.25, c=64)
Submitted batch job 23021051
submitting job: nn (lr=0.01, do=0.25, c=124)
Submitted batch job 23021052
submitting job: nn (lr=0.01, do=0.5, c=32)
Submitted batch job 23021053
submitting job: nn (lr=0.01, do=0.5, c=64)
Submitted batch job 23021054
submitting job: nn (lr=0.01, do=0.5, c=124)
Submitted batch job 23021055
submitting job: nn (lr=0.001, do=0, c=32)
Submitted batch job 23021056
submitting job: nn (lr=0.001, do=0, c=64)
Submitted batch job 23021057
submitting job: nn (lr=0.001, do=0, c=124)
Submitted batch job 23021058
submitting job: nn (lr=0.001, do=0.25, c=32)
Submitted batch job 23021059
submitting job: nn (lr=0.001, do=0.25, c=64)
Submitted batch job 23021060
submitting job: nn (lr=0.001, do=0.25, c=124)
Submitted batch job 23021061
submitting job: nn (lr=0.001, do=0.5, c=32)
Submitted batch job 23021062
submitting job: nn (lr=0.001, do=0.5, c=64)
Submitted batch job 23021063
submitting job: nn (lr=0.001, do=0.5, c=124)
Submitted batch job 23021064
submitting gnn jobs...
slurm output log dir does not exist. Creating...
submitting job: nn (lr=0.001, do=0, c=32)
Submitted batch job 23021065
submitting job: nn (lr=0.001, do=0, c=32)
Submitted batch job 23021066
submitting job: nn (lr=0.001, do=0, c=32)
Submitted batch job 23021067
submitting job: nn (lr=0.001, do=0, c=64)
Submitted batch job 23021068
submitting job: nn (lr=0.001, do=0, c=64)
Submitted batch job 23021069
submitting job: nn (lr=0.001, do=0, c=64)
Submitted batch job 23021070
submitting job: nn (lr=0.001, do=0.25, c=32)
Submitted batch job 23021071
submitting job: nn (lr=0.001, do=0.25, c=32)
Submitted batch job 23021072
submitting job: nn (lr=0.001, do=0.25, c=32)
Submitted batch job 23021073
submitting job: nn (lr=0.001, do=0.25, c=64)
Submitted batch job 23021074
submitting job: nn (lr=0.001, do=0.25, c=64)
Submitted batch job 23021075
submitting job: nn (lr=0.001, do=0.25, c=64)
Submitted batch job 23021076
