removing out dir and making proc dir...
making data...
submitting gsnn jobs...
PROC=../output/exp10-1//proc/
OUT=../output/exp10-1//GSNN/
EPOCHS=100
TIME=1-12:00:00
MEM=24G
BATCH=50
GPU=gpu:1
slurm output log dir does not exist. Creating...
submitting job: GSNN  (lr=0.05, do=0, c=5)
Submitted batch job 23020663
submitting job: GSNN  (lr=0.05, do=0, c=5)
Submitted batch job 23020666
submitting job: GSNN  (lr=0.05, do=0, c=10)
Submitted batch job 23020669
submitting job: GSNN  (lr=0.05, do=0, c=10)
Submitted batch job 23020672
submitting job: GSNN  (lr=0.05, do=0.25, c=5)
Submitted batch job 23020675
submitting job: GSNN  (lr=0.05, do=0.25, c=5)
Submitted batch job 23020678
submitting job: GSNN  (lr=0.05, do=0.25, c=10)
Submitted batch job 23020681
submitting job: GSNN  (lr=0.05, do=0.25, c=10)
Submitted batch job 23020684
submitting job: GSNN  (lr=0.05, do=0.5, c=5)
Submitted batch job 23020687
submitting job: GSNN  (lr=0.05, do=0.5, c=5)
Submitted batch job 23020690
submitting job: GSNN  (lr=0.05, do=0.5, c=10)
Submitted batch job 23020693
submitting job: GSNN  (lr=0.05, do=0.5, c=10)
Submitted batch job 23020696
submitting job: GSNN  (lr=0.005, do=0, c=5)
Submitted batch job 23020699
submitting job: GSNN  (lr=0.005, do=0, c=5)
Submitted batch job 23020702
submitting job: GSNN  (lr=0.005, do=0, c=10)
Submitted batch job 23020706
submitting job: GSNN  (lr=0.005, do=0, c=10)
Submitted batch job 23020709
submitting job: GSNN  (lr=0.005, do=0.25, c=5)
Submitted batch job 23020712
submitting job: GSNN  (lr=0.005, do=0.25, c=5)
Submitted batch job 23020716
submitting job: GSNN  (lr=0.005, do=0.25, c=10)
Submitted batch job 23020719
submitting job: GSNN  (lr=0.005, do=0.25, c=10)
Submitted batch job 23020723
submitting job: GSNN  (lr=0.005, do=0.5, c=5)
Submitted batch job 23020726
submitting job: GSNN  (lr=0.005, do=0.5, c=5)
Submitted batch job 23020734
submitting job: GSNN  (lr=0.005, do=0.5, c=10)
Submitted batch job 23020737
submitting job: GSNN  (lr=0.005, do=0.5, c=10)
Submitted batch job 23020740
submitting nn jobs...
slurm output log dir does not exist. Creating...
submitting job: nn (lr=0.01, do=0, c=32)
Submitted batch job 23020745
submitting job: nn (lr=0.01, do=0, c=64)
Submitted batch job 23020749
submitting job: nn (lr=0.01, do=0, c=124)
Submitted batch job 23020753
submitting job: nn (lr=0.01, do=0.25, c=32)
Submitted batch job 23020756
submitting job: nn (lr=0.01, do=0.25, c=64)
Submitted batch job 23020760
submitting job: nn (lr=0.01, do=0.25, c=124)
Submitted batch job 23020763
submitting job: nn (lr=0.01, do=0.5, c=32)
Submitted batch job 23020767
submitting job: nn (lr=0.01, do=0.5, c=64)
Submitted batch job 23020771
submitting job: nn (lr=0.01, do=0.5, c=124)
Submitted batch job 23020774
submitting job: nn (lr=0.001, do=0, c=32)
Submitted batch job 23020778
submitting job: nn (lr=0.001, do=0, c=64)
Submitted batch job 23020781
submitting job: nn (lr=0.001, do=0, c=124)
Submitted batch job 23020785
submitting job: nn (lr=0.001, do=0.25, c=32)
Submitted batch job 23020787
submitting job: nn (lr=0.001, do=0.25, c=64)
Submitted batch job 23020790
submitting job: nn (lr=0.001, do=0.25, c=124)
Submitted batch job 23020794
submitting job: nn (lr=0.001, do=0.5, c=32)
Submitted batch job 23020797
submitting job: nn (lr=0.001, do=0.5, c=64)
Submitted batch job 23020800
submitting job: nn (lr=0.001, do=0.5, c=124)
Submitted batch job 23020804
submitting gnn jobs...
slurm output log dir does not exist. Creating...
submitting job: nn (lr=0.001, do=0, c=32)
Submitted batch job 23020807
submitting job: nn (lr=0.001, do=0, c=32)
Submitted batch job 23020809
submitting job: nn (lr=0.001, do=0, c=32)
Submitted batch job 23020811
submitting job: nn (lr=0.001, do=0, c=64)
Submitted batch job 23020814
submitting job: nn (lr=0.001, do=0, c=64)
Submitted batch job 23020816
submitting job: nn (lr=0.001, do=0, c=64)
Submitted batch job 23020818
submitting job: nn (lr=0.001, do=0.25, c=32)
Submitted batch job 23020819
submitting job: nn (lr=0.001, do=0.25, c=32)
Submitted batch job 23020820
submitting job: nn (lr=0.001, do=0.25, c=32)
Submitted batch job 23020821
submitting job: nn (lr=0.001, do=0.25, c=64)
Submitted batch job 23020822
submitting job: nn (lr=0.001, do=0.25, c=64)
Submitted batch job 23020823
submitting job: nn (lr=0.001, do=0.25, c=64)
Submitted batch job 23020824
