removing out dir and making proc dir...
making data...
submitting gsnn jobs...
PROC=../output/exp2-4//proc/
OUT=../output/exp2-4//GSNN/
EPOCHS=100
TIME=03:00:00
MEM=12G
BATCH=50
GPU=gpu:1
slurm output log dir does not exist. Creating...
submitting job: GSNN  (lr=0.05, do=0, c=5)
Submitted batch job 23038936
submitting job: GSNN  (lr=0.05, do=0, c=5)
Submitted batch job 23038937
submitting job: GSNN  (lr=0.05, do=0, c=10)
Submitted batch job 23038938
submitting job: GSNN  (lr=0.05, do=0, c=10)
Submitted batch job 23038939
submitting job: GSNN  (lr=0.05, do=0.25, c=5)
Submitted batch job 23038940
submitting job: GSNN  (lr=0.05, do=0.25, c=5)
Submitted batch job 23038941
submitting job: GSNN  (lr=0.05, do=0.25, c=10)
Submitted batch job 23038942
submitting job: GSNN  (lr=0.05, do=0.25, c=10)
Submitted batch job 23038943
submitting job: GSNN  (lr=0.05, do=0.5, c=5)
Submitted batch job 23038944
submitting job: GSNN  (lr=0.05, do=0.5, c=5)
Submitted batch job 23038945
submitting job: GSNN  (lr=0.05, do=0.5, c=10)
Submitted batch job 23038946
submitting job: GSNN  (lr=0.05, do=0.5, c=10)
Submitted batch job 23038947
submitting job: GSNN  (lr=0.005, do=0, c=5)
Submitted batch job 23038948
submitting job: GSNN  (lr=0.005, do=0, c=5)
Submitted batch job 23038949
submitting job: GSNN  (lr=0.005, do=0, c=10)
Submitted batch job 23038950
submitting job: GSNN  (lr=0.005, do=0, c=10)
Submitted batch job 23038951
submitting job: GSNN  (lr=0.005, do=0.25, c=5)
Submitted batch job 23038952
submitting job: GSNN  (lr=0.005, do=0.25, c=5)
Submitted batch job 23038953
submitting job: GSNN  (lr=0.005, do=0.25, c=10)
Submitted batch job 23038954
submitting job: GSNN  (lr=0.005, do=0.25, c=10)
Submitted batch job 23038955
submitting job: GSNN  (lr=0.005, do=0.5, c=5)
Submitted batch job 23038956
submitting job: GSNN  (lr=0.005, do=0.5, c=5)
Submitted batch job 23038957
submitting job: GSNN  (lr=0.005, do=0.5, c=10)
Submitted batch job 23038958
submitting job: GSNN  (lr=0.005, do=0.5, c=10)
Submitted batch job 23038959
submitting nn jobs...
slurm output log dir does not exist. Creating...
submitting job: nn (lr=0.01, do=0, c=32)
Submitted batch job 23038960
submitting job: nn (lr=0.01, do=0, c=64)
Submitted batch job 23038961
submitting job: nn (lr=0.01, do=0, c=124)
Submitted batch job 23038962
submitting job: nn (lr=0.01, do=0.25, c=32)
Submitted batch job 23038963
submitting job: nn (lr=0.01, do=0.25, c=64)
Submitted batch job 23038964
submitting job: nn (lr=0.01, do=0.25, c=124)
Submitted batch job 23038965
submitting job: nn (lr=0.01, do=0.5, c=32)
Submitted batch job 23038966
submitting job: nn (lr=0.01, do=0.5, c=64)
Submitted batch job 23038967
submitting job: nn (lr=0.01, do=0.5, c=124)
Submitted batch job 23038968
submitting job: nn (lr=0.001, do=0, c=32)
Submitted batch job 23038969
submitting job: nn (lr=0.001, do=0, c=64)
Submitted batch job 23038970
submitting job: nn (lr=0.001, do=0, c=124)
Submitted batch job 23038971
submitting job: nn (lr=0.001, do=0.25, c=32)
Submitted batch job 23038972
submitting job: nn (lr=0.001, do=0.25, c=64)
Submitted batch job 23038973
submitting job: nn (lr=0.001, do=0.25, c=124)
Submitted batch job 23038974
submitting job: nn (lr=0.001, do=0.5, c=32)
Submitted batch job 23038975
submitting job: nn (lr=0.001, do=0.5, c=64)
Submitted batch job 23038976
submitting job: nn (lr=0.001, do=0.5, c=124)
Submitted batch job 23038977
submitting gnn jobs...
slurm output log dir does not exist. Creating...
submitting job: nn (lr=0.001, do=0, c=32)
Submitted batch job 23038978
submitting job: nn (lr=0.001, do=0, c=32)
Submitted batch job 23038979
submitting job: nn (lr=0.001, do=0, c=32)
Submitted batch job 23038980
submitting job: nn (lr=0.001, do=0, c=64)
Submitted batch job 23038981
submitting job: nn (lr=0.001, do=0, c=64)
Submitted batch job 23038982
submitting job: nn (lr=0.001, do=0, c=64)
Submitted batch job 23038983
submitting job: nn (lr=0.001, do=0.25, c=32)
Submitted batch job 23038984
submitting job: nn (lr=0.001, do=0.25, c=32)
Submitted batch job 23038985
submitting job: nn (lr=0.001, do=0.25, c=32)
Submitted batch job 23038986
submitting job: nn (lr=0.001, do=0.25, c=64)
Submitted batch job 23038987
submitting job: nn (lr=0.001, do=0.25, c=64)
Submitted batch job 23038988
submitting job: nn (lr=0.001, do=0.25, c=64)
Submitted batch job 23038989
