removing out dir and making proc dir...
making data...
submitting gsnn jobs...
PROC=../output/exp2-2//proc/
OUT=../output/exp2-2//GSNN/
EPOCHS=100
TIME=03:00:00
MEM=12G
BATCH=50
GPU=gpu:1
slurm output log dir does not exist. Creating...
submitting job: GSNN  (lr=0.05, do=0, c=5)
Submitted batch job 23009992
submitting job: GSNN  (lr=0.05, do=0, c=5)
Submitted batch job 23009993
submitting job: GSNN  (lr=0.05, do=0, c=10)
Submitted batch job 23009996
submitting job: GSNN  (lr=0.05, do=0, c=10)
Submitted batch job 23009999
submitting job: GSNN  (lr=0.05, do=0.25, c=5)
Submitted batch job 23010002
submitting job: GSNN  (lr=0.05, do=0.25, c=5)
Submitted batch job 23010005
submitting job: GSNN  (lr=0.05, do=0.25, c=10)
Submitted batch job 23010008
submitting job: GSNN  (lr=0.05, do=0.25, c=10)
Submitted batch job 23010011
submitting job: GSNN  (lr=0.05, do=0.5, c=5)
Submitted batch job 23010014
submitting job: GSNN  (lr=0.05, do=0.5, c=5)
Submitted batch job 23010017
submitting job: GSNN  (lr=0.05, do=0.5, c=10)
Submitted batch job 23010020
submitting job: GSNN  (lr=0.05, do=0.5, c=10)
Submitted batch job 23010023
submitting job: GSNN  (lr=0.005, do=0, c=5)
Submitted batch job 23010026
submitting job: GSNN  (lr=0.005, do=0, c=5)
Submitted batch job 23010029
submitting job: GSNN  (lr=0.005, do=0, c=10)
Submitted batch job 23010032
submitting job: GSNN  (lr=0.005, do=0, c=10)
Submitted batch job 23010035
submitting job: GSNN  (lr=0.005, do=0.25, c=5)
Submitted batch job 23010038
submitting job: GSNN  (lr=0.005, do=0.25, c=5)
Submitted batch job 23010039
submitting job: GSNN  (lr=0.005, do=0.25, c=10)
Submitted batch job 23010042
submitting job: GSNN  (lr=0.005, do=0.25, c=10)
Submitted batch job 23010045
submitting job: GSNN  (lr=0.005, do=0.5, c=5)
Submitted batch job 23010047
submitting job: GSNN  (lr=0.005, do=0.5, c=5)
Submitted batch job 23010050
submitting job: GSNN  (lr=0.005, do=0.5, c=10)
Submitted batch job 23010053
submitting job: GSNN  (lr=0.005, do=0.5, c=10)
Submitted batch job 23010056
submitting nn jobs...
slurm output log dir does not exist. Creating...
submitting job: nn (lr=0.01, do=0, c=32)
Submitted batch job 23010062
submitting job: nn (lr=0.01, do=0, c=64)
Submitted batch job 23010064
submitting job: nn (lr=0.01, do=0, c=124)
Submitted batch job 23010068
submitting job: nn (lr=0.01, do=0.25, c=32)
Submitted batch job 23010071
submitting job: nn (lr=0.01, do=0.25, c=64)
Submitted batch job 23010075
submitting job: nn (lr=0.01, do=0.25, c=124)
Submitted batch job 23010078
submitting job: nn (lr=0.01, do=0.5, c=32)
Submitted batch job 23010082
submitting job: nn (lr=0.01, do=0.5, c=64)
Submitted batch job 23010085
submitting job: nn (lr=0.01, do=0.5, c=124)
Submitted batch job 23010088
submitting job: nn (lr=0.001, do=0, c=32)
Submitted batch job 23010092
submitting job: nn (lr=0.001, do=0, c=64)
Submitted batch job 23010095
submitting job: nn (lr=0.001, do=0, c=124)
Submitted batch job 23010098
submitting job: nn (lr=0.001, do=0.25, c=32)
Submitted batch job 23010101
submitting job: nn (lr=0.001, do=0.25, c=64)
Submitted batch job 23010105
submitting job: nn (lr=0.001, do=0.25, c=124)
Submitted batch job 23010108
submitting job: nn (lr=0.001, do=0.5, c=32)
Submitted batch job 23010111
submitting job: nn (lr=0.001, do=0.5, c=64)
Submitted batch job 23010114
submitting job: nn (lr=0.001, do=0.5, c=124)
Submitted batch job 23010118
submitting gnn jobs...
slurm output log dir does not exist. Creating...
submitting job: nn (lr=0.001, do=0, c=32)
Submitted batch job 23010121
submitting job: nn (lr=0.001, do=0, c=32)
Submitted batch job 23010124
submitting job: nn (lr=0.001, do=0, c=32)
Submitted batch job 23010127
submitting job: nn (lr=0.001, do=0, c=64)
Submitted batch job 23010131
submitting job: nn (lr=0.001, do=0, c=64)
Submitted batch job 23010134
submitting job: nn (lr=0.001, do=0, c=64)
Submitted batch job 23010137
submitting job: nn (lr=0.001, do=0.25, c=32)
Submitted batch job 23010139
submitting job: nn (lr=0.001, do=0.25, c=32)
Submitted batch job 23010141
submitting job: nn (lr=0.001, do=0.25, c=32)
Submitted batch job 23010143
submitting job: nn (lr=0.001, do=0.25, c=64)
Submitted batch job 23010146
submitting job: nn (lr=0.001, do=0.25, c=64)
Submitted batch job 23010148
submitting job: nn (lr=0.001, do=0.25, c=64)
Submitted batch job 23010150
