removing out dir and making proc dir...
making data...
submitting gsnn jobs...
PROC=../output/exp3-4//proc/
OUT=../output/exp3-4//GSNN/
EPOCHS=100
TIME=03:00:00
MEM=12G
BATCH=50
GPU=gpu:1
slurm output log dir does not exist. Creating...
submitting job: GSNN  (lr=0.05, do=0, c=5)
Submitted batch job 23042465
submitting job: GSNN  (lr=0.05, do=0, c=5)
Submitted batch job 23042466
submitting job: GSNN  (lr=0.05, do=0, c=10)
Submitted batch job 23042467
submitting job: GSNN  (lr=0.05, do=0, c=10)
Submitted batch job 23042468
submitting job: GSNN  (lr=0.05, do=0.25, c=5)
Submitted batch job 23042469
submitting job: GSNN  (lr=0.05, do=0.25, c=5)
Submitted batch job 23042470
submitting job: GSNN  (lr=0.05, do=0.25, c=10)
Submitted batch job 23042471
submitting job: GSNN  (lr=0.05, do=0.25, c=10)
Submitted batch job 23042472
submitting job: GSNN  (lr=0.05, do=0.5, c=5)
Submitted batch job 23042473
submitting job: GSNN  (lr=0.05, do=0.5, c=5)
Submitted batch job 23042474
submitting job: GSNN  (lr=0.05, do=0.5, c=10)
Submitted batch job 23042475
submitting job: GSNN  (lr=0.05, do=0.5, c=10)
Submitted batch job 23042476
submitting job: GSNN  (lr=0.005, do=0, c=5)
Submitted batch job 23042477
submitting job: GSNN  (lr=0.005, do=0, c=5)
Submitted batch job 23042478
submitting job: GSNN  (lr=0.005, do=0, c=10)
Submitted batch job 23042479
submitting job: GSNN  (lr=0.005, do=0, c=10)
Submitted batch job 23042480
submitting job: GSNN  (lr=0.005, do=0.25, c=5)
Submitted batch job 23042481
submitting job: GSNN  (lr=0.005, do=0.25, c=5)
Submitted batch job 23042482
submitting job: GSNN  (lr=0.005, do=0.25, c=10)
Submitted batch job 23042483
submitting job: GSNN  (lr=0.005, do=0.25, c=10)
Submitted batch job 23042484
submitting job: GSNN  (lr=0.005, do=0.5, c=5)
Submitted batch job 23042485
submitting job: GSNN  (lr=0.005, do=0.5, c=5)
Submitted batch job 23042486
submitting job: GSNN  (lr=0.005, do=0.5, c=10)
Submitted batch job 23042487
submitting job: GSNN  (lr=0.005, do=0.5, c=10)
Submitted batch job 23042488
submitting nn jobs...
slurm output log dir does not exist. Creating...
submitting job: nn (lr=0.01, do=0, c=32)
Submitted batch job 23042489
submitting job: nn (lr=0.01, do=0, c=64)
Submitted batch job 23042490
submitting job: nn (lr=0.01, do=0, c=124)
Submitted batch job 23042491
submitting job: nn (lr=0.01, do=0.25, c=32)
Submitted batch job 23042492
submitting job: nn (lr=0.01, do=0.25, c=64)
Submitted batch job 23042493
submitting job: nn (lr=0.01, do=0.25, c=124)
Submitted batch job 23042494
submitting job: nn (lr=0.01, do=0.5, c=32)
Submitted batch job 23042495
submitting job: nn (lr=0.01, do=0.5, c=64)
Submitted batch job 23042496
submitting job: nn (lr=0.01, do=0.5, c=124)
Submitted batch job 23042497
submitting job: nn (lr=0.001, do=0, c=32)
Submitted batch job 23042498
submitting job: nn (lr=0.001, do=0, c=64)
Submitted batch job 23042499
submitting job: nn (lr=0.001, do=0, c=124)
Submitted batch job 23042500
submitting job: nn (lr=0.001, do=0.25, c=32)
Submitted batch job 23042501
submitting job: nn (lr=0.001, do=0.25, c=64)
Submitted batch job 23042502
submitting job: nn (lr=0.001, do=0.25, c=124)
Submitted batch job 23042503
submitting job: nn (lr=0.001, do=0.5, c=32)
Submitted batch job 23042504
submitting job: nn (lr=0.001, do=0.5, c=64)
Submitted batch job 23042505
submitting job: nn (lr=0.001, do=0.5, c=124)
Submitted batch job 23042506
submitting gnn jobs...
slurm output log dir does not exist. Creating...
submitting job: nn (lr=0.001, do=0, c=32)
Submitted batch job 23042507
submitting job: nn (lr=0.001, do=0, c=32)
Submitted batch job 23042508
submitting job: nn (lr=0.001, do=0, c=32)
Submitted batch job 23042509
submitting job: nn (lr=0.001, do=0, c=64)
Submitted batch job 23042510
submitting job: nn (lr=0.001, do=0, c=64)
Submitted batch job 23042511
submitting job: nn (lr=0.001, do=0, c=64)
Submitted batch job 23042512
submitting job: nn (lr=0.001, do=0.25, c=32)
Submitted batch job 23042513
submitting job: nn (lr=0.001, do=0.25, c=32)
Submitted batch job 23042514
submitting job: nn (lr=0.001, do=0.25, c=32)
Submitted batch job 23042515
submitting job: nn (lr=0.001, do=0.25, c=64)
Submitted batch job 23042516
submitting job: nn (lr=0.001, do=0.25, c=64)
Submitted batch job 23042517
submitting job: nn (lr=0.001, do=0.25, c=64)
Submitted batch job 23042518
