removing out dir and making proc dir...
making data...
submitting gsnn jobs...
PROC=../output/exp3-5//proc/
OUT=../output/exp3-5//GSNN/
EPOCHS=100
TIME=03:00:00
MEM=12G
BATCH=50
GPU=gpu:1
slurm output log dir does not exist. Creating...
submitting job: GSNN  (lr=0.05, do=0, c=5)
Submitted batch job 23042524
submitting job: GSNN  (lr=0.05, do=0, c=5)
Submitted batch job 23042525
submitting job: GSNN  (lr=0.05, do=0, c=10)
Submitted batch job 23042526
submitting job: GSNN  (lr=0.05, do=0, c=10)
Submitted batch job 23042527
submitting job: GSNN  (lr=0.05, do=0.25, c=5)
Submitted batch job 23042528
submitting job: GSNN  (lr=0.05, do=0.25, c=5)
Submitted batch job 23042529
submitting job: GSNN  (lr=0.05, do=0.25, c=10)
Submitted batch job 23042530
submitting job: GSNN  (lr=0.05, do=0.25, c=10)
Submitted batch job 23042531
submitting job: GSNN  (lr=0.05, do=0.5, c=5)
Submitted batch job 23042532
submitting job: GSNN  (lr=0.05, do=0.5, c=5)
Submitted batch job 23042533
submitting job: GSNN  (lr=0.05, do=0.5, c=10)
Submitted batch job 23042534
submitting job: GSNN  (lr=0.05, do=0.5, c=10)
Submitted batch job 23042535
submitting job: GSNN  (lr=0.005, do=0, c=5)
Submitted batch job 23042536
submitting job: GSNN  (lr=0.005, do=0, c=5)
Submitted batch job 23042537
submitting job: GSNN  (lr=0.005, do=0, c=10)
Submitted batch job 23042538
submitting job: GSNN  (lr=0.005, do=0, c=10)
Submitted batch job 23042539
submitting job: GSNN  (lr=0.005, do=0.25, c=5)
Submitted batch job 23042540
submitting job: GSNN  (lr=0.005, do=0.25, c=5)
Submitted batch job 23042541
submitting job: GSNN  (lr=0.005, do=0.25, c=10)
Submitted batch job 23042542
submitting job: GSNN  (lr=0.005, do=0.25, c=10)
Submitted batch job 23042543
submitting job: GSNN  (lr=0.005, do=0.5, c=5)
Submitted batch job 23042544
submitting job: GSNN  (lr=0.005, do=0.5, c=5)
Submitted batch job 23042545
submitting job: GSNN  (lr=0.005, do=0.5, c=10)
Submitted batch job 23042546
submitting job: GSNN  (lr=0.005, do=0.5, c=10)
Submitted batch job 23042547
submitting nn jobs...
slurm output log dir does not exist. Creating...
submitting job: nn (lr=0.01, do=0, c=32)
Submitted batch job 23042548
submitting job: nn (lr=0.01, do=0, c=64)
Submitted batch job 23042549
submitting job: nn (lr=0.01, do=0, c=124)
Submitted batch job 23042550
submitting job: nn (lr=0.01, do=0.25, c=32)
Submitted batch job 23042551
submitting job: nn (lr=0.01, do=0.25, c=64)
Submitted batch job 23042552
submitting job: nn (lr=0.01, do=0.25, c=124)
Submitted batch job 23042553
submitting job: nn (lr=0.01, do=0.5, c=32)
Submitted batch job 23042554
submitting job: nn (lr=0.01, do=0.5, c=64)
Submitted batch job 23042555
submitting job: nn (lr=0.01, do=0.5, c=124)
Submitted batch job 23042556
submitting job: nn (lr=0.001, do=0, c=32)
Submitted batch job 23042557
submitting job: nn (lr=0.001, do=0, c=64)
Submitted batch job 23042558
submitting job: nn (lr=0.001, do=0, c=124)
Submitted batch job 23042559
submitting job: nn (lr=0.001, do=0.25, c=32)
Submitted batch job 23042560
submitting job: nn (lr=0.001, do=0.25, c=64)
Submitted batch job 23042561
submitting job: nn (lr=0.001, do=0.25, c=124)
Submitted batch job 23042562
submitting job: nn (lr=0.001, do=0.5, c=32)
Submitted batch job 23042563
submitting job: nn (lr=0.001, do=0.5, c=64)
Submitted batch job 23042564
submitting job: nn (lr=0.001, do=0.5, c=124)
Submitted batch job 23042565
submitting gnn jobs...
slurm output log dir does not exist. Creating...
submitting job: nn (lr=0.001, do=0, c=32)
Submitted batch job 23042566
submitting job: nn (lr=0.001, do=0, c=32)
Submitted batch job 23042567
submitting job: nn (lr=0.001, do=0, c=32)
Submitted batch job 23042568
submitting job: nn (lr=0.001, do=0, c=64)
Submitted batch job 23042569
submitting job: nn (lr=0.001, do=0, c=64)
Submitted batch job 23042570
submitting job: nn (lr=0.001, do=0, c=64)
Submitted batch job 23042571
submitting job: nn (lr=0.001, do=0.25, c=32)
Submitted batch job 23042572
submitting job: nn (lr=0.001, do=0.25, c=32)
Submitted batch job 23042573
submitting job: nn (lr=0.001, do=0.25, c=32)
Submitted batch job 23042574
submitting job: nn (lr=0.001, do=0.25, c=64)
Submitted batch job 23042575
submitting job: nn (lr=0.001, do=0.25, c=64)
Submitted batch job 23042576
submitting job: nn (lr=0.001, do=0.25, c=64)
Submitted batch job 23042577
