removing out dir and making proc dir...
making data...
submitting gsnn jobs...
PROC=../output/exp4-2//proc/
OUT=../output/exp4-2//GSNN/
EPOCHS=100
TIME=2-00:00:00
MEM=24G
BATCH=50
GPU=gpu:1
slurm output log dir does not exist. Creating...
submitting job: GSNN  (lr=0.05, do=0, c=5)
Submitted batch job 23012991
submitting job: GSNN  (lr=0.05, do=0, c=5)
Submitted batch job 23012992
submitting job: GSNN  (lr=0.05, do=0, c=10)
Submitted batch job 23012994
submitting job: GSNN  (lr=0.05, do=0, c=10)
Submitted batch job 23012996
submitting job: GSNN  (lr=0.05, do=0.25, c=5)
Submitted batch job 23012998
submitting job: GSNN  (lr=0.05, do=0.25, c=5)
Submitted batch job 23013000
submitting job: GSNN  (lr=0.05, do=0.25, c=10)
Submitted batch job 23013002
submitting job: GSNN  (lr=0.05, do=0.25, c=10)
Submitted batch job 23013004
submitting job: GSNN  (lr=0.05, do=0.5, c=5)
Submitted batch job 23013006
submitting job: GSNN  (lr=0.05, do=0.5, c=5)
Submitted batch job 23013008
submitting job: GSNN  (lr=0.05, do=0.5, c=10)
Submitted batch job 23013009
submitting job: GSNN  (lr=0.05, do=0.5, c=10)
Submitted batch job 23013011
submitting job: GSNN  (lr=0.005, do=0, c=5)
Submitted batch job 23013013
submitting job: GSNN  (lr=0.005, do=0, c=5)
Submitted batch job 23013014
submitting job: GSNN  (lr=0.005, do=0, c=10)
Submitted batch job 23013016
submitting job: GSNN  (lr=0.005, do=0, c=10)
Submitted batch job 23013018
submitting job: GSNN  (lr=0.005, do=0.25, c=5)
Submitted batch job 23013020
submitting job: GSNN  (lr=0.005, do=0.25, c=5)
Submitted batch job 23013021
submitting job: GSNN  (lr=0.005, do=0.25, c=10)
Submitted batch job 23013023
submitting job: GSNN  (lr=0.005, do=0.25, c=10)
Submitted batch job 23013025
submitting job: GSNN  (lr=0.005, do=0.5, c=5)
Submitted batch job 23013026
submitting job: GSNN  (lr=0.005, do=0.5, c=5)
Submitted batch job 23013028
submitting job: GSNN  (lr=0.005, do=0.5, c=10)
Submitted batch job 23013029
submitting job: GSNN  (lr=0.005, do=0.5, c=10)
Submitted batch job 23013031
submitting nn jobs...
slurm output log dir does not exist. Creating...
submitting job: nn (lr=0.01, do=0, c=32)
Submitted batch job 23013033
submitting job: nn (lr=0.01, do=0, c=64)
Submitted batch job 23013034
submitting job: nn (lr=0.01, do=0, c=124)
Submitted batch job 23013036
submitting job: nn (lr=0.01, do=0.25, c=32)
Submitted batch job 23013038
submitting job: nn (lr=0.01, do=0.25, c=64)
Submitted batch job 23013039
submitting job: nn (lr=0.01, do=0.25, c=124)
Submitted batch job 23013041
submitting job: nn (lr=0.01, do=0.5, c=32)
Submitted batch job 23013043
submitting job: nn (lr=0.01, do=0.5, c=64)
Submitted batch job 23013045
submitting job: nn (lr=0.01, do=0.5, c=124)
Submitted batch job 23013046
submitting job: nn (lr=0.001, do=0, c=32)
Submitted batch job 23013047
submitting job: nn (lr=0.001, do=0, c=64)
Submitted batch job 23013049
submitting job: nn (lr=0.001, do=0, c=124)
Submitted batch job 23013051
submitting job: nn (lr=0.001, do=0.25, c=32)
Submitted batch job 23013052
submitting job: nn (lr=0.001, do=0.25, c=64)
Submitted batch job 23013054
submitting job: nn (lr=0.001, do=0.25, c=124)
Submitted batch job 23013056
submitting job: nn (lr=0.001, do=0.5, c=32)
Submitted batch job 23013057
submitting job: nn (lr=0.001, do=0.5, c=64)
Submitted batch job 23013059
submitting job: nn (lr=0.001, do=0.5, c=124)
Submitted batch job 23013060
submitting gnn jobs...
slurm output log dir does not exist. Creating...
submitting job: nn (lr=0.001, do=0, c=32)
Submitted batch job 23013062
submitting job: nn (lr=0.001, do=0, c=32)
Submitted batch job 23013064
submitting job: nn (lr=0.001, do=0, c=32)
Submitted batch job 23013065
submitting job: nn (lr=0.001, do=0, c=64)
Submitted batch job 23013067
submitting job: nn (lr=0.001, do=0, c=64)
Submitted batch job 23013068
submitting job: nn (lr=0.001, do=0, c=64)
Submitted batch job 23013070
submitting job: nn (lr=0.001, do=0.25, c=32)
Submitted batch job 23013071
submitting job: nn (lr=0.001, do=0.25, c=32)
Submitted batch job 23013073
submitting job: nn (lr=0.001, do=0.25, c=32)
Submitted batch job 23013074
submitting job: nn (lr=0.001, do=0.25, c=64)
Submitted batch job 23013076
submitting job: nn (lr=0.001, do=0.25, c=64)
Submitted batch job 23013078
submitting job: nn (lr=0.001, do=0.25, c=64)
Submitted batch job 23013079
