removing out dir and making proc dir...
making data...
submitting gsnn jobs...
PROC=../output/exp4-1//proc/
OUT=../output/exp4-1//GSNN/
EPOCHS=100
TIME=1-12:00:00
MEM=16G
BATCH=100
GPU=gpu:1
slurm output log dir does not exist. Creating...
submitting job: GSNN  (lr=0.01, do=0.25, c=5)
Submitted batch job 22993925
submitting job: GSNN  (lr=0.01, do=0.25, c=5)
Submitted batch job 22993926
submitting job: GSNN  (lr=0.01, do=0.25, c=10)
Submitted batch job 22993927
submitting job: GSNN  (lr=0.01, do=0.25, c=10)
Submitted batch job 22993928
submitting job: GSNN  (lr=0.01, do=0.5, c=5)
Submitted batch job 22993929
submitting job: GSNN  (lr=0.01, do=0.5, c=5)
Submitted batch job 22993930
submitting job: GSNN  (lr=0.01, do=0.5, c=10)
Submitted batch job 22993931
submitting job: GSNN  (lr=0.01, do=0.5, c=10)
Submitted batch job 22993932
submitting job: GSNN  (lr=0.001, do=0.25, c=5)
Submitted batch job 22993933
submitting job: GSNN  (lr=0.001, do=0.25, c=5)
Submitted batch job 22993934
submitting job: GSNN  (lr=0.001, do=0.25, c=10)
Submitted batch job 22993935
submitting job: GSNN  (lr=0.001, do=0.25, c=10)
Submitted batch job 22993936
submitting job: GSNN  (lr=0.001, do=0.5, c=5)
Submitted batch job 22993937
submitting job: GSNN  (lr=0.001, do=0.5, c=5)
Submitted batch job 22993938
submitting job: GSNN  (lr=0.001, do=0.5, c=10)
Submitted batch job 22993939
submitting job: GSNN  (lr=0.001, do=0.5, c=10)
Submitted batch job 22993940
submitting nn jobs...
slurm output log dir does not exist. Creating...
submitting job: nn (lr=0.1, do=0, c=32)
Submitted batch job 22993941
submitting job: nn (lr=0.1, do=0, c=64)
Submitted batch job 22993942
submitting job: nn (lr=0.1, do=0, c=124)
Submitted batch job 22993943
submitting job: nn (lr=0.1, do=0.25, c=32)
Submitted batch job 22993944
submitting job: nn (lr=0.1, do=0.25, c=64)
Submitted batch job 22993945
submitting job: nn (lr=0.1, do=0.25, c=124)
Submitted batch job 22993946
submitting job: nn (lr=0.1, do=0.5, c=32)
Submitted batch job 22993947
submitting job: nn (lr=0.1, do=0.5, c=64)
Submitted batch job 22993948
submitting job: nn (lr=0.1, do=0.5, c=124)
Submitted batch job 22993949
submitting job: nn (lr=0.001, do=0, c=32)
Submitted batch job 22993950
submitting job: nn (lr=0.001, do=0, c=64)
Submitted batch job 22993951
submitting job: nn (lr=0.001, do=0, c=124)
Submitted batch job 22993952
submitting job: nn (lr=0.001, do=0.25, c=32)
Submitted batch job 22993953
submitting job: nn (lr=0.001, do=0.25, c=64)
Submitted batch job 22993954
submitting job: nn (lr=0.001, do=0.25, c=124)
Submitted batch job 22993955
submitting job: nn (lr=0.001, do=0.5, c=32)
Submitted batch job 22993956
submitting job: nn (lr=0.001, do=0.5, c=64)
Submitted batch job 22993957
submitting job: nn (lr=0.001, do=0.5, c=124)
Submitted batch job 22993958
submitting gnn jobs...
slurm output log dir does not exist. Creating...
submitting job: nn (lr=0.001, do=0, c=32)
Submitted batch job 22993959
submitting job: nn (lr=0.001, do=0, c=32)
Submitted batch job 22993960
submitting job: nn (lr=0.001, do=0, c=32)
Submitted batch job 22993961
submitting job: nn (lr=0.001, do=0, c=64)
Submitted batch job 22993962
submitting job: nn (lr=0.001, do=0, c=64)
Submitted batch job 22993963
submitting job: nn (lr=0.001, do=0, c=64)
Submitted batch job 22993964
submitting job: nn (lr=0.001, do=0.25, c=32)
Submitted batch job 22993965
submitting job: nn (lr=0.001, do=0.25, c=32)
Submitted batch job 22993966
submitting job: nn (lr=0.001, do=0.25, c=32)
Submitted batch job 22993967
submitting job: nn (lr=0.001, do=0.25, c=64)
Submitted batch job 22993968
submitting job: nn (lr=0.001, do=0.25, c=64)
Submitted batch job 22993969
submitting job: nn (lr=0.001, do=0.25, c=64)
Submitted batch job 22993970
