removing out dir and making proc dir...
making data...
submitting gsnn jobs...
PROC=../output/exp4-3//proc/
OUT=../output/exp4-3//GSNN/
EPOCHS=100
TIME=2-00:00:00
MEM=24G
BATCH=50
GPU=gpu:1
slurm output log dir does not exist. Creating...
submitting job: GSNN  (lr=0.05, do=0, c=5)
Submitted batch job 23012990
submitting job: GSNN  (lr=0.05, do=0, c=5)
Submitted batch job 23012993
submitting job: GSNN  (lr=0.05, do=0, c=10)
Submitted batch job 23012995
submitting job: GSNN  (lr=0.05, do=0, c=10)
Submitted batch job 23012997
submitting job: GSNN  (lr=0.05, do=0.25, c=5)
Submitted batch job 23012999
submitting job: GSNN  (lr=0.05, do=0.25, c=5)
Submitted batch job 23013001
submitting job: GSNN  (lr=0.05, do=0.25, c=10)
Submitted batch job 23013003
submitting job: GSNN  (lr=0.05, do=0.25, c=10)
Submitted batch job 23013005
submitting job: GSNN  (lr=0.05, do=0.5, c=5)
Submitted batch job 23013007
submitting job: GSNN  (lr=0.05, do=0.5, c=5)
Submitted batch job 23013010
submitting job: GSNN  (lr=0.05, do=0.5, c=10)
Submitted batch job 23013012
submitting job: GSNN  (lr=0.05, do=0.5, c=10)
Submitted batch job 23013015
submitting job: GSNN  (lr=0.005, do=0, c=5)
Submitted batch job 23013017
submitting job: GSNN  (lr=0.005, do=0, c=5)
Submitted batch job 23013019
submitting job: GSNN  (lr=0.005, do=0, c=10)
Submitted batch job 23013022
submitting job: GSNN  (lr=0.005, do=0, c=10)
Submitted batch job 23013024
submitting job: GSNN  (lr=0.005, do=0.25, c=5)
Submitted batch job 23013027
submitting job: GSNN  (lr=0.005, do=0.25, c=5)
Submitted batch job 23013030
submitting job: GSNN  (lr=0.005, do=0.25, c=10)
Submitted batch job 23013032
submitting job: GSNN  (lr=0.005, do=0.25, c=10)
Submitted batch job 23013035
submitting job: GSNN  (lr=0.005, do=0.5, c=5)
Submitted batch job 23013037
submitting job: GSNN  (lr=0.005, do=0.5, c=5)
Submitted batch job 23013040
submitting job: GSNN  (lr=0.005, do=0.5, c=10)
Submitted batch job 23013042
submitting job: GSNN  (lr=0.005, do=0.5, c=10)
Submitted batch job 23013044
submitting nn jobs...
slurm output log dir does not exist. Creating...
submitting job: nn (lr=0.01, do=0, c=32)
Submitted batch job 23013048
submitting job: nn (lr=0.01, do=0, c=64)
Submitted batch job 23013050
submitting job: nn (lr=0.01, do=0, c=124)
Submitted batch job 23013053
submitting job: nn (lr=0.01, do=0.25, c=32)
Submitted batch job 23013055
submitting job: nn (lr=0.01, do=0.25, c=64)
Submitted batch job 23013058
submitting job: nn (lr=0.01, do=0.25, c=124)
Submitted batch job 23013061
submitting job: nn (lr=0.01, do=0.5, c=32)
Submitted batch job 23013063
submitting job: nn (lr=0.01, do=0.5, c=64)
Submitted batch job 23013066
submitting job: nn (lr=0.01, do=0.5, c=124)
Submitted batch job 23013069
submitting job: nn (lr=0.001, do=0, c=32)
Submitted batch job 23013072
submitting job: nn (lr=0.001, do=0, c=64)
Submitted batch job 23013075
submitting job: nn (lr=0.001, do=0, c=124)
Submitted batch job 23013077
submitting job: nn (lr=0.001, do=0.25, c=32)
Submitted batch job 23013080
submitting job: nn (lr=0.001, do=0.25, c=64)
Submitted batch job 23013081
submitting job: nn (lr=0.001, do=0.25, c=124)
Submitted batch job 23013082
submitting job: nn (lr=0.001, do=0.5, c=32)
Submitted batch job 23013083
submitting job: nn (lr=0.001, do=0.5, c=64)
Submitted batch job 23013084
submitting job: nn (lr=0.001, do=0.5, c=124)
Submitted batch job 23013085
submitting gnn jobs...
slurm output log dir does not exist. Creating...
submitting job: nn (lr=0.001, do=0, c=32)
Submitted batch job 23013086
submitting job: nn (lr=0.001, do=0, c=32)
Submitted batch job 23013087
submitting job: nn (lr=0.001, do=0, c=32)
Submitted batch job 23013088
submitting job: nn (lr=0.001, do=0, c=64)
Submitted batch job 23013089
submitting job: nn (lr=0.001, do=0, c=64)
Submitted batch job 23013090
submitting job: nn (lr=0.001, do=0, c=64)
Submitted batch job 23013091
submitting job: nn (lr=0.001, do=0.25, c=32)
Submitted batch job 23013092
submitting job: nn (lr=0.001, do=0.25, c=32)
Submitted batch job 23013093
submitting job: nn (lr=0.001, do=0.25, c=32)
Submitted batch job 23013094
submitting job: nn (lr=0.001, do=0.25, c=64)
Submitted batch job 23013095
submitting job: nn (lr=0.001, do=0.25, c=64)
Submitted batch job 23013096
submitting job: nn (lr=0.001, do=0.25, c=64)
Submitted batch job 23013097
