removing out dir and making proc dir...
making data...
submitting gsnn jobs...
PROC=../output/exp4-1//proc/
OUT=../output/exp4-1//GSNN/
EPOCHS=100
TIME=2-00:00:00
MEM=24G
BATCH=50
GPU=gpu:1
slurm output log dir does not exist. Creating...
submitting job: GSNN  (lr=0.05, do=0, c=5)
Submitted batch job 23010233
submitting job: GSNN  (lr=0.05, do=0, c=5)
Submitted batch job 23010234
submitting job: GSNN  (lr=0.05, do=0, c=10)
Submitted batch job 23010235
submitting job: GSNN  (lr=0.05, do=0, c=10)
Submitted batch job 23010236
submitting job: GSNN  (lr=0.05, do=0.25, c=5)
Submitted batch job 23010237
submitting job: GSNN  (lr=0.05, do=0.25, c=5)
Submitted batch job 23010238
submitting job: GSNN  (lr=0.05, do=0.25, c=10)
Submitted batch job 23010239
submitting job: GSNN  (lr=0.05, do=0.25, c=10)
Submitted batch job 23010240
submitting job: GSNN  (lr=0.05, do=0.5, c=5)
Submitted batch job 23010241
submitting job: GSNN  (lr=0.05, do=0.5, c=5)
Submitted batch job 23010242
submitting job: GSNN  (lr=0.05, do=0.5, c=10)
Submitted batch job 23010243
submitting job: GSNN  (lr=0.05, do=0.5, c=10)
Submitted batch job 23010244
submitting job: GSNN  (lr=0.005, do=0, c=5)
Submitted batch job 23010245
submitting job: GSNN  (lr=0.005, do=0, c=5)
Submitted batch job 23010246
submitting job: GSNN  (lr=0.005, do=0, c=10)
Submitted batch job 23010247
submitting job: GSNN  (lr=0.005, do=0, c=10)
Submitted batch job 23010248
submitting job: GSNN  (lr=0.005, do=0.25, c=5)
Submitted batch job 23010249
submitting job: GSNN  (lr=0.005, do=0.25, c=5)
Submitted batch job 23010250
submitting job: GSNN  (lr=0.005, do=0.25, c=10)
Submitted batch job 23010251
submitting job: GSNN  (lr=0.005, do=0.25, c=10)
Submitted batch job 23010252
submitting job: GSNN  (lr=0.005, do=0.5, c=5)
Submitted batch job 23010253
submitting job: GSNN  (lr=0.005, do=0.5, c=5)
Submitted batch job 23010254
submitting job: GSNN  (lr=0.005, do=0.5, c=10)
Submitted batch job 23010255
submitting job: GSNN  (lr=0.005, do=0.5, c=10)
Submitted batch job 23010256
submitting nn jobs...
slurm output log dir does not exist. Creating...
submitting job: nn (lr=0.01, do=0, c=32)
Submitted batch job 23010257
submitting job: nn (lr=0.01, do=0, c=64)
Submitted batch job 23010258
submitting job: nn (lr=0.01, do=0, c=124)
Submitted batch job 23010259
submitting job: nn (lr=0.01, do=0.25, c=32)
Submitted batch job 23010260
submitting job: nn (lr=0.01, do=0.25, c=64)
Submitted batch job 23010261
submitting job: nn (lr=0.01, do=0.25, c=124)
Submitted batch job 23010262
submitting job: nn (lr=0.01, do=0.5, c=32)
Submitted batch job 23010263
submitting job: nn (lr=0.01, do=0.5, c=64)
Submitted batch job 23010264
submitting job: nn (lr=0.01, do=0.5, c=124)
Submitted batch job 23010265
submitting job: nn (lr=0.001, do=0, c=32)
Submitted batch job 23010266
submitting job: nn (lr=0.001, do=0, c=64)
Submitted batch job 23010267
submitting job: nn (lr=0.001, do=0, c=124)
Submitted batch job 23010268
submitting job: nn (lr=0.001, do=0.25, c=32)
Submitted batch job 23010269
submitting job: nn (lr=0.001, do=0.25, c=64)
Submitted batch job 23010270
submitting job: nn (lr=0.001, do=0.25, c=124)
Submitted batch job 23010271
submitting job: nn (lr=0.001, do=0.5, c=32)
Submitted batch job 23010272
submitting job: nn (lr=0.001, do=0.5, c=64)
Submitted batch job 23010273
submitting job: nn (lr=0.001, do=0.5, c=124)
Submitted batch job 23010274
submitting gnn jobs...
slurm output log dir does not exist. Creating...
submitting job: nn (lr=0.001, do=0, c=32)
Submitted batch job 23010275
submitting job: nn (lr=0.001, do=0, c=32)
Submitted batch job 23010276
submitting job: nn (lr=0.001, do=0, c=32)
Submitted batch job 23010277
submitting job: nn (lr=0.001, do=0, c=64)
Submitted batch job 23010278
submitting job: nn (lr=0.001, do=0, c=64)
Submitted batch job 23010279
submitting job: nn (lr=0.001, do=0, c=64)
Submitted batch job 23010280
submitting job: nn (lr=0.001, do=0.25, c=32)
Submitted batch job 23010281
submitting job: nn (lr=0.001, do=0.25, c=32)
Submitted batch job 23010282
submitting job: nn (lr=0.001, do=0.25, c=32)
Submitted batch job 23010283
submitting job: nn (lr=0.001, do=0.25, c=64)
Submitted batch job 23010284
submitting job: nn (lr=0.001, do=0.25, c=64)
Submitted batch job 23010285
submitting job: nn (lr=0.001, do=0.25, c=64)
Submitted batch job 23010286
