removing out dir and making proc dir...
making data...
submitting gsnn jobs...
PROC=../output/exp4-3//proc/
OUT=../output/exp4-3//GSNN/
EPOCHS=100
TIME=2-00:00:00
MEM=24G
BATCH=50
GPU=gpu:1
slurm output log dir does not exist. Creating...
submitting job: GSNN  (lr=0.05, do=0, c=5)
Submitted batch job 23011216
submitting job: GSNN  (lr=0.05, do=0, c=5)
Submitted batch job 23011217
submitting job: GSNN  (lr=0.05, do=0, c=10)
Submitted batch job 23011218
submitting job: GSNN  (lr=0.05, do=0, c=10)
Submitted batch job 23011219
submitting job: GSNN  (lr=0.05, do=0.25, c=5)
Submitted batch job 23011220
submitting job: GSNN  (lr=0.05, do=0.25, c=5)
Submitted batch job 23011221
submitting job: GSNN  (lr=0.05, do=0.25, c=10)
Submitted batch job 23011222
submitting job: GSNN  (lr=0.05, do=0.25, c=10)
Submitted batch job 23011223
submitting job: GSNN  (lr=0.05, do=0.5, c=5)
Submitted batch job 23011224
submitting job: GSNN  (lr=0.05, do=0.5, c=5)
Submitted batch job 23011225
submitting job: GSNN  (lr=0.05, do=0.5, c=10)
Submitted batch job 23011226
submitting job: GSNN  (lr=0.05, do=0.5, c=10)
Submitted batch job 23011227
submitting job: GSNN  (lr=0.005, do=0, c=5)
Submitted batch job 23011228
submitting job: GSNN  (lr=0.005, do=0, c=5)
Submitted batch job 23011229
submitting job: GSNN  (lr=0.005, do=0, c=10)
Submitted batch job 23011230
submitting job: GSNN  (lr=0.005, do=0, c=10)
Submitted batch job 23011231
submitting job: GSNN  (lr=0.005, do=0.25, c=5)
Submitted batch job 23011232
submitting job: GSNN  (lr=0.005, do=0.25, c=5)
Submitted batch job 23011233
submitting job: GSNN  (lr=0.005, do=0.25, c=10)
Submitted batch job 23011234
submitting job: GSNN  (lr=0.005, do=0.25, c=10)
Submitted batch job 23011235
submitting job: GSNN  (lr=0.005, do=0.5, c=5)
Submitted batch job 23011236
submitting job: GSNN  (lr=0.005, do=0.5, c=5)
Submitted batch job 23011237
submitting job: GSNN  (lr=0.005, do=0.5, c=10)
Submitted batch job 23011238
submitting job: GSNN  (lr=0.005, do=0.5, c=10)
Submitted batch job 23011239
submitting nn jobs...
slurm output log dir does not exist. Creating...
submitting job: nn (lr=0.01, do=0, c=32)
Submitted batch job 23011240
submitting job: nn (lr=0.01, do=0, c=64)
Submitted batch job 23011241
submitting job: nn (lr=0.01, do=0, c=124)
Submitted batch job 23011242
submitting job: nn (lr=0.01, do=0.25, c=32)
Submitted batch job 23011243
submitting job: nn (lr=0.01, do=0.25, c=64)
Submitted batch job 23011244
submitting job: nn (lr=0.01, do=0.25, c=124)
Submitted batch job 23011245
submitting job: nn (lr=0.01, do=0.5, c=32)
Submitted batch job 23011246
submitting job: nn (lr=0.01, do=0.5, c=64)
Submitted batch job 23011247
submitting job: nn (lr=0.01, do=0.5, c=124)
Submitted batch job 23011248
submitting job: nn (lr=0.001, do=0, c=32)
Submitted batch job 23011249
submitting job: nn (lr=0.001, do=0, c=64)
Submitted batch job 23011250
submitting job: nn (lr=0.001, do=0, c=124)
Submitted batch job 23011251
submitting job: nn (lr=0.001, do=0.25, c=32)
Submitted batch job 23011252
submitting job: nn (lr=0.001, do=0.25, c=64)
Submitted batch job 23011253
submitting job: nn (lr=0.001, do=0.25, c=124)
Submitted batch job 23011254
submitting job: nn (lr=0.001, do=0.5, c=32)
Submitted batch job 23011255
submitting job: nn (lr=0.001, do=0.5, c=64)
Submitted batch job 23011256
submitting job: nn (lr=0.001, do=0.5, c=124)
Submitted batch job 23011257
submitting gnn jobs...
slurm output log dir does not exist. Creating...
submitting job: nn (lr=0.001, do=0, c=32)
Submitted batch job 23011258
submitting job: nn (lr=0.001, do=0, c=32)
Submitted batch job 23011259
submitting job: nn (lr=0.001, do=0, c=32)
Submitted batch job 23011260
submitting job: nn (lr=0.001, do=0, c=64)
Submitted batch job 23011261
submitting job: nn (lr=0.001, do=0, c=64)
Submitted batch job 23011262
submitting job: nn (lr=0.001, do=0, c=64)
Submitted batch job 23011263
submitting job: nn (lr=0.001, do=0.25, c=32)
Submitted batch job 23011264
submitting job: nn (lr=0.001, do=0.25, c=32)
Submitted batch job 23011265
submitting job: nn (lr=0.001, do=0.25, c=32)
Submitted batch job 23011266
submitting job: nn (lr=0.001, do=0.25, c=64)
Submitted batch job 23011267
submitting job: nn (lr=0.001, do=0.25, c=64)
Submitted batch job 23011268
submitting job: nn (lr=0.001, do=0.25, c=64)
Submitted batch job 23011269
