removing out dir and making proc dir...
making data...
submitting gsnn jobs...
PROC=../output/exp5-3//proc/
OUT=../output/exp5-3//GSNN/
EPOCHS=100
TIME=03:00:00
MEM=12G
BATCH=50
GPU=gpu:1
slurm output log dir does not exist. Creating...
submitting job: GSNN  (lr=0.05, do=0, c=5)
Submitted batch job 23016168
submitting job: GSNN  (lr=0.05, do=0, c=5)
Submitted batch job 23016169
submitting job: GSNN  (lr=0.05, do=0, c=10)
Submitted batch job 23016170
submitting job: GSNN  (lr=0.05, do=0, c=10)
Submitted batch job 23016171
submitting job: GSNN  (lr=0.05, do=0.25, c=5)
Submitted batch job 23016172
submitting job: GSNN  (lr=0.05, do=0.25, c=5)
Submitted batch job 23016173
submitting job: GSNN  (lr=0.05, do=0.25, c=10)
Submitted batch job 23016174
submitting job: GSNN  (lr=0.05, do=0.25, c=10)
Submitted batch job 23016175
submitting job: GSNN  (lr=0.05, do=0.5, c=5)
Submitted batch job 23016176
submitting job: GSNN  (lr=0.05, do=0.5, c=5)
Submitted batch job 23016177
submitting job: GSNN  (lr=0.05, do=0.5, c=10)
Submitted batch job 23016178
submitting job: GSNN  (lr=0.05, do=0.5, c=10)
Submitted batch job 23016179
submitting job: GSNN  (lr=0.005, do=0, c=5)
Submitted batch job 23016180
submitting job: GSNN  (lr=0.005, do=0, c=5)
Submitted batch job 23016181
submitting job: GSNN  (lr=0.005, do=0, c=10)
Submitted batch job 23016182
submitting job: GSNN  (lr=0.005, do=0, c=10)
Submitted batch job 23016183
submitting job: GSNN  (lr=0.005, do=0.25, c=5)
Submitted batch job 23016184
submitting job: GSNN  (lr=0.005, do=0.25, c=5)
Submitted batch job 23016185
submitting job: GSNN  (lr=0.005, do=0.25, c=10)
Submitted batch job 23016186
submitting job: GSNN  (lr=0.005, do=0.25, c=10)
Submitted batch job 23016187
submitting job: GSNN  (lr=0.005, do=0.5, c=5)
Submitted batch job 23016188
submitting job: GSNN  (lr=0.005, do=0.5, c=5)
Submitted batch job 23016189
submitting job: GSNN  (lr=0.005, do=0.5, c=10)
Submitted batch job 23016190
submitting job: GSNN  (lr=0.005, do=0.5, c=10)
Submitted batch job 23016191
submitting nn jobs...
slurm output log dir does not exist. Creating...
submitting job: nn (lr=0.01, do=0, c=32)
Submitted batch job 23016192
submitting job: nn (lr=0.01, do=0, c=64)
Submitted batch job 23016193
submitting job: nn (lr=0.01, do=0, c=124)
Submitted batch job 23016194
submitting job: nn (lr=0.01, do=0.25, c=32)
Submitted batch job 23016195
submitting job: nn (lr=0.01, do=0.25, c=64)
Submitted batch job 23016196
submitting job: nn (lr=0.01, do=0.25, c=124)
Submitted batch job 23016197
submitting job: nn (lr=0.01, do=0.5, c=32)
Submitted batch job 23016198
submitting job: nn (lr=0.01, do=0.5, c=64)
Submitted batch job 23016199
submitting job: nn (lr=0.01, do=0.5, c=124)
Submitted batch job 23016200
submitting job: nn (lr=0.001, do=0, c=32)
Submitted batch job 23016201
submitting job: nn (lr=0.001, do=0, c=64)
Submitted batch job 23016202
submitting job: nn (lr=0.001, do=0, c=124)
Submitted batch job 23016203
submitting job: nn (lr=0.001, do=0.25, c=32)
Submitted batch job 23016204
submitting job: nn (lr=0.001, do=0.25, c=64)
Submitted batch job 23016205
submitting job: nn (lr=0.001, do=0.25, c=124)
Submitted batch job 23016206
submitting job: nn (lr=0.001, do=0.5, c=32)
Submitted batch job 23016207
submitting job: nn (lr=0.001, do=0.5, c=64)
Submitted batch job 23016208
submitting job: nn (lr=0.001, do=0.5, c=124)
Submitted batch job 23016209
submitting gnn jobs...
slurm output log dir does not exist. Creating...
submitting job: nn (lr=0.001, do=0, c=32)
Submitted batch job 23016210
submitting job: nn (lr=0.001, do=0, c=32)
Submitted batch job 23016211
submitting job: nn (lr=0.001, do=0, c=32)
Submitted batch job 23016212
submitting job: nn (lr=0.001, do=0, c=64)
Submitted batch job 23016213
submitting job: nn (lr=0.001, do=0, c=64)
Submitted batch job 23016214
submitting job: nn (lr=0.001, do=0, c=64)
Submitted batch job 23016215
submitting job: nn (lr=0.001, do=0.25, c=32)
Submitted batch job 23016216
submitting job: nn (lr=0.001, do=0.25, c=32)
Submitted batch job 23016217
submitting job: nn (lr=0.001, do=0.25, c=32)
Submitted batch job 23016218
submitting job: nn (lr=0.001, do=0.25, c=64)
Submitted batch job 23016219
submitting job: nn (lr=0.001, do=0.25, c=64)
Submitted batch job 23016220
submitting job: nn (lr=0.001, do=0.25, c=64)
Submitted batch job 23016221
