removing out dir and making proc dir...
making data...
submitting gsnn jobs...
PROC=../output/exp5-1//proc/
OUT=../output/exp5-1//GSNN/
EPOCHS=100
TIME=1-12:00:00
MEM=16G
BATCH=100
GPU=gpu:1
slurm output log dir does not exist. Creating...
submitting job: GSNN  (lr=0.01, do=0.25, c=5)
Submitted batch job 22993783
submitting job: GSNN  (lr=0.01, do=0.25, c=5)
Submitted batch job 22993784
submitting job: GSNN  (lr=0.01, do=0.25, c=10)
Submitted batch job 22993785
submitting job: GSNN  (lr=0.01, do=0.25, c=10)
Submitted batch job 22993786
submitting job: GSNN  (lr=0.01, do=0.5, c=5)
Submitted batch job 22993787
submitting job: GSNN  (lr=0.01, do=0.5, c=5)
Submitted batch job 22993788
submitting job: GSNN  (lr=0.01, do=0.5, c=10)
Submitted batch job 22993789
submitting job: GSNN  (lr=0.01, do=0.5, c=10)
Submitted batch job 22993790
submitting job: GSNN  (lr=0.001, do=0.25, c=5)
Submitted batch job 22993791
submitting job: GSNN  (lr=0.001, do=0.25, c=5)
Submitted batch job 22993792
submitting job: GSNN  (lr=0.001, do=0.25, c=10)
Submitted batch job 22993793
submitting job: GSNN  (lr=0.001, do=0.25, c=10)
Submitted batch job 22993794
submitting job: GSNN  (lr=0.001, do=0.5, c=5)
Submitted batch job 22993795
submitting job: GSNN  (lr=0.001, do=0.5, c=5)
Submitted batch job 22993796
submitting job: GSNN  (lr=0.001, do=0.5, c=10)
Submitted batch job 22993797
submitting job: GSNN  (lr=0.001, do=0.5, c=10)
Submitted batch job 22993798
submitting nn jobs...
slurm output log dir does not exist. Creating...
submitting job: nn (lr=0.1, do=0, c=32)
Submitted batch job 22993799
submitting job: nn (lr=0.1, do=0, c=64)
Submitted batch job 22993800
submitting job: nn (lr=0.1, do=0, c=124)
Submitted batch job 22993801
submitting job: nn (lr=0.1, do=0.25, c=32)
Submitted batch job 22993802
submitting job: nn (lr=0.1, do=0.25, c=64)
Submitted batch job 22993803
submitting job: nn (lr=0.1, do=0.25, c=124)
Submitted batch job 22993804
submitting job: nn (lr=0.1, do=0.5, c=32)
Submitted batch job 22993805
submitting job: nn (lr=0.1, do=0.5, c=64)
Submitted batch job 22993806
submitting job: nn (lr=0.1, do=0.5, c=124)
Submitted batch job 22993807
submitting job: nn (lr=0.001, do=0, c=32)
Submitted batch job 22993808
submitting job: nn (lr=0.001, do=0, c=64)
Submitted batch job 22993809
submitting job: nn (lr=0.001, do=0, c=124)
Submitted batch job 22993810
submitting job: nn (lr=0.001, do=0.25, c=32)
Submitted batch job 22993811
submitting job: nn (lr=0.001, do=0.25, c=64)
Submitted batch job 22993812
submitting job: nn (lr=0.001, do=0.25, c=124)
Submitted batch job 22993813
submitting job: nn (lr=0.001, do=0.5, c=32)
Submitted batch job 22993814
submitting job: nn (lr=0.001, do=0.5, c=64)
Submitted batch job 22993815
submitting job: nn (lr=0.001, do=0.5, c=124)
Submitted batch job 22993816
submitting gnn jobs...
slurm output log dir does not exist. Creating...
submitting job: nn (lr=0.001, do=0, c=32)
Submitted batch job 22993817
submitting job: nn (lr=0.001, do=0, c=32)
Submitted batch job 22993818
submitting job: nn (lr=0.001, do=0, c=32)
Submitted batch job 22993819
submitting job: nn (lr=0.001, do=0, c=64)
Submitted batch job 22993820
submitting job: nn (lr=0.001, do=0, c=64)
Submitted batch job 22993821
submitting job: nn (lr=0.001, do=0, c=64)
Submitted batch job 22993822
submitting job: nn (lr=0.001, do=0.25, c=32)
Submitted batch job 22993823
submitting job: nn (lr=0.001, do=0.25, c=32)
Submitted batch job 22993824
submitting job: nn (lr=0.001, do=0.25, c=32)
Submitted batch job 22993825
submitting job: nn (lr=0.001, do=0.25, c=64)
Submitted batch job 22993826
submitting job: nn (lr=0.001, do=0.25, c=64)
Submitted batch job 22993827
submitting job: nn (lr=0.001, do=0.25, c=64)
Submitted batch job 22993828
