removing out dir and making proc dir...
making data...
submitting gsnn jobs...
PROC=../output/exp5-2//proc/
OUT=../output/exp5-2//GSNN/
EPOCHS=100
TIME=03:00:00
MEM=12G
BATCH=50
GPU=gpu:1
slurm output log dir does not exist. Creating...
submitting job: GSNN  (lr=0.05, do=0, c=5)
Submitted batch job 23016011
submitting job: GSNN  (lr=0.05, do=0, c=5)
Submitted batch job 23016013
submitting job: GSNN  (lr=0.05, do=0, c=10)
Submitted batch job 23016015
submitting job: GSNN  (lr=0.05, do=0, c=10)
Submitted batch job 23016017
submitting job: GSNN  (lr=0.05, do=0.25, c=5)
Submitted batch job 23016019
submitting job: GSNN  (lr=0.05, do=0.25, c=5)
Submitted batch job 23016021
submitting job: GSNN  (lr=0.05, do=0.25, c=10)
Submitted batch job 23016024
submitting job: GSNN  (lr=0.05, do=0.25, c=10)
Submitted batch job 23016026
submitting job: GSNN  (lr=0.05, do=0.5, c=5)
Submitted batch job 23016029
submitting job: GSNN  (lr=0.05, do=0.5, c=5)
Submitted batch job 23016031
submitting job: GSNN  (lr=0.05, do=0.5, c=10)
Submitted batch job 23016034
submitting job: GSNN  (lr=0.05, do=0.5, c=10)
Submitted batch job 23016036
submitting job: GSNN  (lr=0.005, do=0, c=5)
Submitted batch job 23016038
submitting job: GSNN  (lr=0.005, do=0, c=5)
Submitted batch job 23016040
submitting job: GSNN  (lr=0.005, do=0, c=10)
Submitted batch job 23016043
submitting job: GSNN  (lr=0.005, do=0, c=10)
Submitted batch job 23016046
submitting job: GSNN  (lr=0.005, do=0.25, c=5)
Submitted batch job 23016047
submitting job: GSNN  (lr=0.005, do=0.25, c=5)
Submitted batch job 23016050
submitting job: GSNN  (lr=0.005, do=0.25, c=10)
Submitted batch job 23016052
submitting job: GSNN  (lr=0.005, do=0.25, c=10)
Submitted batch job 23016055
submitting job: GSNN  (lr=0.005, do=0.5, c=5)
Submitted batch job 23016057
submitting job: GSNN  (lr=0.005, do=0.5, c=5)
Submitted batch job 23016059
submitting job: GSNN  (lr=0.005, do=0.5, c=10)
Submitted batch job 23016061
submitting job: GSNN  (lr=0.005, do=0.5, c=10)
Submitted batch job 23016064
submitting nn jobs...
slurm output log dir does not exist. Creating...
submitting job: nn (lr=0.01, do=0, c=32)
Submitted batch job 23016066
submitting job: nn (lr=0.01, do=0, c=64)
Submitted batch job 23016068
submitting job: nn (lr=0.01, do=0, c=124)
Submitted batch job 23016070
submitting job: nn (lr=0.01, do=0.25, c=32)
Submitted batch job 23016072
submitting job: nn (lr=0.01, do=0.25, c=64)
Submitted batch job 23016073
submitting job: nn (lr=0.01, do=0.25, c=124)
Submitted batch job 23016076
submitting job: nn (lr=0.01, do=0.5, c=32)
Submitted batch job 23016078
submitting job: nn (lr=0.01, do=0.5, c=64)
Submitted batch job 23016080
submitting job: nn (lr=0.01, do=0.5, c=124)
Submitted batch job 23016082
submitting job: nn (lr=0.001, do=0, c=32)
Submitted batch job 23016084
submitting job: nn (lr=0.001, do=0, c=64)
Submitted batch job 23016086
submitting job: nn (lr=0.001, do=0, c=124)
Submitted batch job 23016087
submitting job: nn (lr=0.001, do=0.25, c=32)
Submitted batch job 23016089
submitting job: nn (lr=0.001, do=0.25, c=64)
Submitted batch job 23016091
submitting job: nn (lr=0.001, do=0.25, c=124)
Submitted batch job 23016094
submitting job: nn (lr=0.001, do=0.5, c=32)
Submitted batch job 23016096
submitting job: nn (lr=0.001, do=0.5, c=64)
Submitted batch job 23016097
submitting job: nn (lr=0.001, do=0.5, c=124)
Submitted batch job 23016098
submitting gnn jobs...
slurm output log dir does not exist. Creating...
submitting job: nn (lr=0.001, do=0, c=32)
Submitted batch job 23016099
submitting job: nn (lr=0.001, do=0, c=32)
Submitted batch job 23016100
submitting job: nn (lr=0.001, do=0, c=32)
Submitted batch job 23016101
submitting job: nn (lr=0.001, do=0, c=64)
Submitted batch job 23016102
submitting job: nn (lr=0.001, do=0, c=64)
Submitted batch job 23016103
submitting job: nn (lr=0.001, do=0, c=64)
Submitted batch job 23016104
submitting job: nn (lr=0.001, do=0.25, c=32)
Submitted batch job 23016105
submitting job: nn (lr=0.001, do=0.25, c=32)
Submitted batch job 23016106
submitting job: nn (lr=0.001, do=0.25, c=32)
Submitted batch job 23016107
submitting job: nn (lr=0.001, do=0.25, c=64)
Submitted batch job 23016108
submitting job: nn (lr=0.001, do=0.25, c=64)
Submitted batch job 23016109
submitting job: nn (lr=0.001, do=0.25, c=64)
Submitted batch job 23016110
