removing out dir and making proc dir...
making data...
submitting gsnn jobs...
PROC=../output/exp6-2//proc/
OUT=../output/exp6-2//GSNN/
EPOCHS=100
TIME=1-12:00:00
MEM=16G
BATCH=50
GPU=gpu:1
slurm output log dir does not exist. Creating...
submitting job: GSNN  (lr=0.05, do=0.25, c=5)
Submitted batch job 23001476
submitting job: GSNN  (lr=0.05, do=0.25, c=5)
Submitted batch job 23001477
submitting job: GSNN  (lr=0.05, do=0.25, c=10)
Submitted batch job 23001478
submitting job: GSNN  (lr=0.05, do=0.25, c=10)
Submitted batch job 23001479
submitting job: GSNN  (lr=0.05, do=0.5, c=5)
Submitted batch job 23001480
submitting job: GSNN  (lr=0.05, do=0.5, c=5)
Submitted batch job 23001481
submitting job: GSNN  (lr=0.05, do=0.5, c=10)
Submitted batch job 23001482
submitting job: GSNN  (lr=0.05, do=0.5, c=10)
Submitted batch job 23001483
submitting job: GSNN  (lr=0.005, do=0.25, c=5)
Submitted batch job 23001484
submitting job: GSNN  (lr=0.005, do=0.25, c=5)
Submitted batch job 23001485
submitting job: GSNN  (lr=0.005, do=0.25, c=10)
Submitted batch job 23001486
submitting job: GSNN  (lr=0.005, do=0.25, c=10)
Submitted batch job 23001487
submitting job: GSNN  (lr=0.005, do=0.5, c=5)
Submitted batch job 23001488
submitting job: GSNN  (lr=0.005, do=0.5, c=5)
Submitted batch job 23001489
submitting job: GSNN  (lr=0.005, do=0.5, c=10)
Submitted batch job 23001490
submitting job: GSNN  (lr=0.005, do=0.5, c=10)
Submitted batch job 23001491
submitting nn jobs...
slurm output log dir does not exist. Creating...
submitting job: nn (lr=0.01, do=0, c=32)
Submitted batch job 23001492
submitting job: nn (lr=0.01, do=0, c=64)
Submitted batch job 23001493
submitting job: nn (lr=0.01, do=0, c=124)
Submitted batch job 23001494
submitting job: nn (lr=0.01, do=0.25, c=32)
Submitted batch job 23001495
submitting job: nn (lr=0.01, do=0.25, c=64)
Submitted batch job 23001496
submitting job: nn (lr=0.01, do=0.25, c=124)
Submitted batch job 23001497
submitting job: nn (lr=0.01, do=0.5, c=32)
Submitted batch job 23001498
submitting job: nn (lr=0.01, do=0.5, c=64)
Submitted batch job 23001499
submitting job: nn (lr=0.01, do=0.5, c=124)
Submitted batch job 23001500
submitting job: nn (lr=0.001, do=0, c=32)
Submitted batch job 23001501
submitting job: nn (lr=0.001, do=0, c=64)
Submitted batch job 23001502
submitting job: nn (lr=0.001, do=0, c=124)
Submitted batch job 23001503
submitting job: nn (lr=0.001, do=0.25, c=32)
Submitted batch job 23001504
submitting job: nn (lr=0.001, do=0.25, c=64)
Submitted batch job 23001505
submitting job: nn (lr=0.001, do=0.25, c=124)
Submitted batch job 23001506
submitting job: nn (lr=0.001, do=0.5, c=32)
Submitted batch job 23001507
submitting job: nn (lr=0.001, do=0.5, c=64)
Submitted batch job 23001508
submitting job: nn (lr=0.001, do=0.5, c=124)
Submitted batch job 23001509
submitting gnn jobs...
slurm output log dir does not exist. Creating...
submitting job: nn (lr=0.001, do=0, c=32)
Submitted batch job 23001510
submitting job: nn (lr=0.001, do=0, c=32)
Submitted batch job 23001511
submitting job: nn (lr=0.001, do=0, c=32)
Submitted batch job 23001512
submitting job: nn (lr=0.001, do=0, c=64)
Submitted batch job 23001513
submitting job: nn (lr=0.001, do=0, c=64)
Submitted batch job 23001514
submitting job: nn (lr=0.001, do=0, c=64)
Submitted batch job 23001515
submitting job: nn (lr=0.001, do=0.25, c=32)
Submitted batch job 23001516
submitting job: nn (lr=0.001, do=0.25, c=32)
Submitted batch job 23001517
submitting job: nn (lr=0.001, do=0.25, c=32)
Submitted batch job 23001518
submitting job: nn (lr=0.001, do=0.25, c=64)
Submitted batch job 23001519
submitting job: nn (lr=0.001, do=0.25, c=64)
Submitted batch job 23001520
submitting job: nn (lr=0.001, do=0.25, c=64)
Submitted batch job 23001521
