removing out dir and making proc dir...
making data...
submitting gsnn jobs...
PROC=../output/exp6-3//proc/
OUT=../output/exp6-3//GSNN/
EPOCHS=100
TIME=2-00:00:00
MEM=24G
BATCH=50
GPU=gpu:1
slurm output log dir does not exist. Creating...
submitting job: GSNN  (lr=0.05, do=0, c=5)
Submitted batch job 23021346
submitting job: GSNN  (lr=0.05, do=0, c=5)
Submitted batch job 23021347
submitting job: GSNN  (lr=0.05, do=0, c=10)
Submitted batch job 23021349
submitting job: GSNN  (lr=0.05, do=0, c=10)
Submitted batch job 23021351
submitting job: GSNN  (lr=0.05, do=0.25, c=5)
Submitted batch job 23021353
submitting job: GSNN  (lr=0.05, do=0.25, c=5)
Submitted batch job 23021355
submitting job: GSNN  (lr=0.05, do=0.25, c=10)
Submitted batch job 23021357
submitting job: GSNN  (lr=0.05, do=0.25, c=10)
Submitted batch job 23021359
submitting job: GSNN  (lr=0.05, do=0.5, c=5)
Submitted batch job 23021361
submitting job: GSNN  (lr=0.05, do=0.5, c=5)
Submitted batch job 23021363
submitting job: GSNN  (lr=0.05, do=0.5, c=10)
Submitted batch job 23021365
submitting job: GSNN  (lr=0.05, do=0.5, c=10)
Submitted batch job 23021367
submitting job: GSNN  (lr=0.005, do=0, c=5)
Submitted batch job 23021369
submitting job: GSNN  (lr=0.005, do=0, c=5)
Submitted batch job 23021371
submitting job: GSNN  (lr=0.005, do=0, c=10)
Submitted batch job 23021373
submitting job: GSNN  (lr=0.005, do=0, c=10)
Submitted batch job 23021375
submitting job: GSNN  (lr=0.005, do=0.25, c=5)
Submitted batch job 23021377
submitting job: GSNN  (lr=0.005, do=0.25, c=5)
Submitted batch job 23021379
submitting job: GSNN  (lr=0.005, do=0.25, c=10)
Submitted batch job 23021381
submitting job: GSNN  (lr=0.005, do=0.25, c=10)
Submitted batch job 23021383
submitting job: GSNN  (lr=0.005, do=0.5, c=5)
Submitted batch job 23021385
submitting job: GSNN  (lr=0.005, do=0.5, c=5)
Submitted batch job 23021387
submitting job: GSNN  (lr=0.005, do=0.5, c=10)
Submitted batch job 23021389
submitting job: GSNN  (lr=0.005, do=0.5, c=10)
Submitted batch job 23021391
submitting nn jobs...
slurm output log dir does not exist. Creating...
submitting job: nn (lr=0.01, do=0, c=32)
Submitted batch job 23021393
submitting job: nn (lr=0.01, do=0, c=64)
Submitted batch job 23021395
submitting job: nn (lr=0.01, do=0, c=124)
Submitted batch job 23021397
submitting job: nn (lr=0.01, do=0.25, c=32)
Submitted batch job 23021399
submitting job: nn (lr=0.01, do=0.25, c=64)
Submitted batch job 23021401
submitting job: nn (lr=0.01, do=0.25, c=124)
Submitted batch job 23021403
submitting job: nn (lr=0.01, do=0.5, c=32)
Submitted batch job 23021405
submitting job: nn (lr=0.01, do=0.5, c=64)
Submitted batch job 23021407
submitting job: nn (lr=0.01, do=0.5, c=124)
Submitted batch job 23021409
submitting job: nn (lr=0.001, do=0, c=32)
Submitted batch job 23021411
submitting job: nn (lr=0.001, do=0, c=64)
Submitted batch job 23021413
submitting job: nn (lr=0.001, do=0, c=124)
Submitted batch job 23021415
submitting job: nn (lr=0.001, do=0.25, c=32)
Submitted batch job 23021417
submitting job: nn (lr=0.001, do=0.25, c=64)
Submitted batch job 23021419
submitting job: nn (lr=0.001, do=0.25, c=124)
Submitted batch job 23021421
submitting job: nn (lr=0.001, do=0.5, c=32)
Submitted batch job 23021423
submitting job: nn (lr=0.001, do=0.5, c=64)
Submitted batch job 23021425
submitting job: nn (lr=0.001, do=0.5, c=124)
Submitted batch job 23021427
submitting gnn jobs...
slurm output log dir does not exist. Creating...
submitting job: nn (lr=0.001, do=0, c=32)
Submitted batch job 23021429
submitting job: nn (lr=0.001, do=0, c=32)
Submitted batch job 23021431
submitting job: nn (lr=0.001, do=0, c=32)
Submitted batch job 23021432
submitting job: nn (lr=0.001, do=0, c=64)
Submitted batch job 23021434
submitting job: nn (lr=0.001, do=0, c=64)
Submitted batch job 23021436
submitting job: nn (lr=0.001, do=0, c=64)
Submitted batch job 23021438
submitting job: nn (lr=0.001, do=0.25, c=32)
Submitted batch job 23021440
submitting job: nn (lr=0.001, do=0.25, c=32)
Submitted batch job 23021441
submitting job: nn (lr=0.001, do=0.25, c=32)
Submitted batch job 23021443
submitting job: nn (lr=0.001, do=0.25, c=64)
Submitted batch job 23021445
submitting job: nn (lr=0.001, do=0.25, c=64)
Submitted batch job 23021446
submitting job: nn (lr=0.001, do=0.25, c=64)
Submitted batch job 23021448
