removing out dir and making proc dir...
making data...
submitting gsnn jobs...
PROC=../output/exp7-3//proc/
OUT=../output/exp7-3//GSNN/
EPOCHS=100
TIME=03:00:00
MEM=12G
BATCH=50
GPU=gpu:1
slurm output log dir does not exist. Creating...
submitting job: GSNN  (lr=0.05, do=0, c=5)
Submitted batch job 23016350
submitting job: GSNN  (lr=0.05, do=0, c=5)
Submitted batch job 23016351
submitting job: GSNN  (lr=0.05, do=0, c=10)
Submitted batch job 23016352
submitting job: GSNN  (lr=0.05, do=0, c=10)
Submitted batch job 23016353
submitting job: GSNN  (lr=0.05, do=0.25, c=5)
Submitted batch job 23016354
submitting job: GSNN  (lr=0.05, do=0.25, c=5)
Submitted batch job 23016355
submitting job: GSNN  (lr=0.05, do=0.25, c=10)
Submitted batch job 23016356
submitting job: GSNN  (lr=0.05, do=0.25, c=10)
Submitted batch job 23016357
submitting job: GSNN  (lr=0.05, do=0.5, c=5)
Submitted batch job 23016358
submitting job: GSNN  (lr=0.05, do=0.5, c=5)
Submitted batch job 23016359
submitting job: GSNN  (lr=0.05, do=0.5, c=10)
Submitted batch job 23016360
submitting job: GSNN  (lr=0.05, do=0.5, c=10)
Submitted batch job 23016361
submitting job: GSNN  (lr=0.005, do=0, c=5)
Submitted batch job 23016362
submitting job: GSNN  (lr=0.005, do=0, c=5)
Submitted batch job 23016363
submitting job: GSNN  (lr=0.005, do=0, c=10)
Submitted batch job 23016364
submitting job: GSNN  (lr=0.005, do=0, c=10)
Submitted batch job 23016365
submitting job: GSNN  (lr=0.005, do=0.25, c=5)
Submitted batch job 23016366
submitting job: GSNN  (lr=0.005, do=0.25, c=5)
Submitted batch job 23016367
submitting job: GSNN  (lr=0.005, do=0.25, c=10)
Submitted batch job 23016368
submitting job: GSNN  (lr=0.005, do=0.25, c=10)
Submitted batch job 23016369
submitting job: GSNN  (lr=0.005, do=0.5, c=5)
Submitted batch job 23016370
submitting job: GSNN  (lr=0.005, do=0.5, c=5)
Submitted batch job 23016371
submitting job: GSNN  (lr=0.005, do=0.5, c=10)
Submitted batch job 23016372
submitting job: GSNN  (lr=0.005, do=0.5, c=10)
Submitted batch job 23016373
submitting nn jobs...
slurm output log dir does not exist. Creating...
submitting job: nn (lr=0.01, do=0, c=32)
Submitted batch job 23016374
submitting job: nn (lr=0.01, do=0, c=64)
Submitted batch job 23016375
submitting job: nn (lr=0.01, do=0, c=124)
Submitted batch job 23016376
submitting job: nn (lr=0.01, do=0.25, c=32)
Submitted batch job 23016377
submitting job: nn (lr=0.01, do=0.25, c=64)
Submitted batch job 23016378
submitting job: nn (lr=0.01, do=0.25, c=124)
Submitted batch job 23016379
submitting job: nn (lr=0.01, do=0.5, c=32)
Submitted batch job 23016380
submitting job: nn (lr=0.01, do=0.5, c=64)
Submitted batch job 23016381
submitting job: nn (lr=0.01, do=0.5, c=124)
Submitted batch job 23016382
submitting job: nn (lr=0.001, do=0, c=32)
Submitted batch job 23016383
submitting job: nn (lr=0.001, do=0, c=64)
Submitted batch job 23016384
submitting job: nn (lr=0.001, do=0, c=124)
Submitted batch job 23016385
submitting job: nn (lr=0.001, do=0.25, c=32)
Submitted batch job 23016386
submitting job: nn (lr=0.001, do=0.25, c=64)
Submitted batch job 23016387
submitting job: nn (lr=0.001, do=0.25, c=124)
Submitted batch job 23016388
submitting job: nn (lr=0.001, do=0.5, c=32)
Submitted batch job 23016389
submitting job: nn (lr=0.001, do=0.5, c=64)
Submitted batch job 23016390
submitting job: nn (lr=0.001, do=0.5, c=124)
Submitted batch job 23016391
submitting gnn jobs...
slurm output log dir does not exist. Creating...
submitting job: nn (lr=0.001, do=0, c=32)
Submitted batch job 23016392
submitting job: nn (lr=0.001, do=0, c=32)
Submitted batch job 23016393
submitting job: nn (lr=0.001, do=0, c=32)
Submitted batch job 23016394
submitting job: nn (lr=0.001, do=0, c=64)
Submitted batch job 23016395
submitting job: nn (lr=0.001, do=0, c=64)
Submitted batch job 23016396
submitting job: nn (lr=0.001, do=0, c=64)
Submitted batch job 23016397
submitting job: nn (lr=0.001, do=0.25, c=32)
Submitted batch job 23016398
submitting job: nn (lr=0.001, do=0.25, c=32)
Submitted batch job 23016399
submitting job: nn (lr=0.001, do=0.25, c=32)
Submitted batch job 23016400
submitting job: nn (lr=0.001, do=0.25, c=64)
Submitted batch job 23016401
submitting job: nn (lr=0.001, do=0.25, c=64)
Submitted batch job 23016402
submitting job: nn (lr=0.001, do=0.25, c=64)
Submitted batch job 23016403
