removing out dir and making proc dir...
making data...
submitting gsnn jobs...
PROC=../output/exp7-1//proc/
OUT=../output/exp7-1//GSNN/
EPOCHS=100
TIME=03:00:00
MEM=12G
BATCH=50
GPU=gpu:1
slurm output log dir does not exist. Creating...
submitting job: GSNN  (lr=0.05, do=0, c=5)
Submitted batch job 23016223
submitting job: GSNN  (lr=0.05, do=0, c=5)
Submitted batch job 23016224
submitting job: GSNN  (lr=0.05, do=0, c=10)
Submitted batch job 23016225
submitting job: GSNN  (lr=0.05, do=0, c=10)
Submitted batch job 23016226
submitting job: GSNN  (lr=0.05, do=0.25, c=5)
Submitted batch job 23016227
submitting job: GSNN  (lr=0.05, do=0.25, c=5)
Submitted batch job 23016228
submitting job: GSNN  (lr=0.05, do=0.25, c=10)
Submitted batch job 23016229
submitting job: GSNN  (lr=0.05, do=0.25, c=10)
Submitted batch job 23016230
submitting job: GSNN  (lr=0.05, do=0.5, c=5)
Submitted batch job 23016231
submitting job: GSNN  (lr=0.05, do=0.5, c=5)
Submitted batch job 23016232
submitting job: GSNN  (lr=0.05, do=0.5, c=10)
Submitted batch job 23016233
submitting job: GSNN  (lr=0.05, do=0.5, c=10)
Submitted batch job 23016234
submitting job: GSNN  (lr=0.005, do=0, c=5)
Submitted batch job 23016235
submitting job: GSNN  (lr=0.005, do=0, c=5)
Submitted batch job 23016236
submitting job: GSNN  (lr=0.005, do=0, c=10)
Submitted batch job 23016237
submitting job: GSNN  (lr=0.005, do=0, c=10)
Submitted batch job 23016238
submitting job: GSNN  (lr=0.005, do=0.25, c=5)
Submitted batch job 23016239
submitting job: GSNN  (lr=0.005, do=0.25, c=5)
Submitted batch job 23016240
submitting job: GSNN  (lr=0.005, do=0.25, c=10)
Submitted batch job 23016241
submitting job: GSNN  (lr=0.005, do=0.25, c=10)
Submitted batch job 23016242
submitting job: GSNN  (lr=0.005, do=0.5, c=5)
Submitted batch job 23016243
submitting job: GSNN  (lr=0.005, do=0.5, c=5)
Submitted batch job 23016244
submitting job: GSNN  (lr=0.005, do=0.5, c=10)
Submitted batch job 23016245
submitting job: GSNN  (lr=0.005, do=0.5, c=10)
Submitted batch job 23016246
submitting nn jobs...
slurm output log dir does not exist. Creating...
submitting job: nn (lr=0.01, do=0, c=32)
Submitted batch job 23016247
submitting job: nn (lr=0.01, do=0, c=64)
Submitted batch job 23016248
submitting job: nn (lr=0.01, do=0, c=124)
Submitted batch job 23016249
submitting job: nn (lr=0.01, do=0.25, c=32)
Submitted batch job 23016250
submitting job: nn (lr=0.01, do=0.25, c=64)
Submitted batch job 23016251
submitting job: nn (lr=0.01, do=0.25, c=124)
Submitted batch job 23016252
submitting job: nn (lr=0.01, do=0.5, c=32)
Submitted batch job 23016253
submitting job: nn (lr=0.01, do=0.5, c=64)
Submitted batch job 23016254
submitting job: nn (lr=0.01, do=0.5, c=124)
Submitted batch job 23016255
submitting job: nn (lr=0.001, do=0, c=32)
Submitted batch job 23016256
submitting job: nn (lr=0.001, do=0, c=64)
Submitted batch job 23016257
submitting job: nn (lr=0.001, do=0, c=124)
Submitted batch job 23016258
submitting job: nn (lr=0.001, do=0.25, c=32)
Submitted batch job 23016259
submitting job: nn (lr=0.001, do=0.25, c=64)
Submitted batch job 23016260
submitting job: nn (lr=0.001, do=0.25, c=124)
Submitted batch job 23016261
submitting job: nn (lr=0.001, do=0.5, c=32)
Submitted batch job 23016262
submitting job: nn (lr=0.001, do=0.5, c=64)
Submitted batch job 23016263
submitting job: nn (lr=0.001, do=0.5, c=124)
Submitted batch job 23016264
submitting gnn jobs...
slurm output log dir does not exist. Creating...
submitting job: nn (lr=0.001, do=0, c=32)
Submitted batch job 23016265
submitting job: nn (lr=0.001, do=0, c=32)
Submitted batch job 23016266
submitting job: nn (lr=0.001, do=0, c=32)
Submitted batch job 23016267
submitting job: nn (lr=0.001, do=0, c=64)
Submitted batch job 23016268
submitting job: nn (lr=0.001, do=0, c=64)
Submitted batch job 23016269
submitting job: nn (lr=0.001, do=0, c=64)
Submitted batch job 23016270
submitting job: nn (lr=0.001, do=0.25, c=32)
Submitted batch job 23016271
submitting job: nn (lr=0.001, do=0.25, c=32)
Submitted batch job 23016272
submitting job: nn (lr=0.001, do=0.25, c=32)
Submitted batch job 23016273
submitting job: nn (lr=0.001, do=0.25, c=64)
Submitted batch job 23016274
submitting job: nn (lr=0.001, do=0.25, c=64)
Submitted batch job 23016275
submitting job: nn (lr=0.001, do=0.25, c=64)
Submitted batch job 23016276
