removing out dir and making proc dir...
making data...
submitting gsnn jobs...
PROC=../output/exp7-2//proc/
OUT=../output/exp7-2//GSNN/
EPOCHS=100
TIME=1-12:00:00
MEM=16G
BATCH=50
GPU=gpu:1
slurm output log dir does not exist. Creating...
submitting job: GSNN  (lr=0.05, do=0.25, c=5)
Submitted batch job 23001348
submitting job: GSNN  (lr=0.05, do=0.25, c=5)
Submitted batch job 23001349
submitting job: GSNN  (lr=0.05, do=0.25, c=10)
Submitted batch job 23001350
submitting job: GSNN  (lr=0.05, do=0.25, c=10)
Submitted batch job 23001351
submitting job: GSNN  (lr=0.05, do=0.5, c=5)
Submitted batch job 23001352
submitting job: GSNN  (lr=0.05, do=0.5, c=5)
Submitted batch job 23001353
submitting job: GSNN  (lr=0.05, do=0.5, c=10)
Submitted batch job 23001354
submitting job: GSNN  (lr=0.05, do=0.5, c=10)
Submitted batch job 23001355
submitting job: GSNN  (lr=0.005, do=0.25, c=5)
Submitted batch job 23001356
submitting job: GSNN  (lr=0.005, do=0.25, c=5)
Submitted batch job 23001357
submitting job: GSNN  (lr=0.005, do=0.25, c=10)
Submitted batch job 23001358
submitting job: GSNN  (lr=0.005, do=0.25, c=10)
Submitted batch job 23001359
submitting job: GSNN  (lr=0.005, do=0.5, c=5)
Submitted batch job 23001360
submitting job: GSNN  (lr=0.005, do=0.5, c=5)
Submitted batch job 23001361
submitting job: GSNN  (lr=0.005, do=0.5, c=10)
Submitted batch job 23001362
submitting job: GSNN  (lr=0.005, do=0.5, c=10)
Submitted batch job 23001363
submitting nn jobs...
slurm output log dir does not exist. Creating...
submitting job: nn (lr=0.01, do=0, c=32)
Submitted batch job 23001364
submitting job: nn (lr=0.01, do=0, c=64)
Submitted batch job 23001365
submitting job: nn (lr=0.01, do=0, c=124)
Submitted batch job 23001366
submitting job: nn (lr=0.01, do=0.25, c=32)
Submitted batch job 23001367
submitting job: nn (lr=0.01, do=0.25, c=64)
Submitted batch job 23001368
submitting job: nn (lr=0.01, do=0.25, c=124)
Submitted batch job 23001369
submitting job: nn (lr=0.01, do=0.5, c=32)
Submitted batch job 23001370
submitting job: nn (lr=0.01, do=0.5, c=64)
Submitted batch job 23001371
submitting job: nn (lr=0.01, do=0.5, c=124)
Submitted batch job 23001372
submitting job: nn (lr=0.001, do=0, c=32)
Submitted batch job 23001373
submitting job: nn (lr=0.001, do=0, c=64)
Submitted batch job 23001374
submitting job: nn (lr=0.001, do=0, c=124)
Submitted batch job 23001375
submitting job: nn (lr=0.001, do=0.25, c=32)
Submitted batch job 23001376
submitting job: nn (lr=0.001, do=0.25, c=64)
Submitted batch job 23001377
submitting job: nn (lr=0.001, do=0.25, c=124)
Submitted batch job 23001378
submitting job: nn (lr=0.001, do=0.5, c=32)
Submitted batch job 23001379
submitting job: nn (lr=0.001, do=0.5, c=64)
Submitted batch job 23001380
submitting job: nn (lr=0.001, do=0.5, c=124)
Submitted batch job 23001381
submitting gnn jobs...
slurm output log dir does not exist. Creating...
submitting job: nn (lr=0.001, do=0, c=32)
Submitted batch job 23001382
submitting job: nn (lr=0.001, do=0, c=32)
Submitted batch job 23001383
submitting job: nn (lr=0.001, do=0, c=32)
Submitted batch job 23001384
submitting job: nn (lr=0.001, do=0, c=64)
Submitted batch job 23001385
submitting job: nn (lr=0.001, do=0, c=64)
Submitted batch job 23001386
submitting job: nn (lr=0.001, do=0, c=64)
Submitted batch job 23001387
submitting job: nn (lr=0.001, do=0.25, c=32)
Submitted batch job 23001388
submitting job: nn (lr=0.001, do=0.25, c=32)
Submitted batch job 23001389
submitting job: nn (lr=0.001, do=0.25, c=32)
Submitted batch job 23001390
submitting job: nn (lr=0.001, do=0.25, c=64)
Submitted batch job 23001391
submitting job: nn (lr=0.001, do=0.25, c=64)
Submitted batch job 23001392
submitting job: nn (lr=0.001, do=0.25, c=64)
Submitted batch job 23001393
