removing out dir and making proc dir...
making data...
submitting gsnn jobs...
PROC=../output/exp7-1//proc/
OUT=../output/exp7-1//GSNN/
EPOCHS=100
TIME=2-00:00:00
MEM=24G
BATCH=50
GPU=gpu:1
slurm output log dir does not exist. Creating...
submitting job: GSNN  (lr=0.05, do=0, c=5)
Submitted batch job 23021232
submitting job: GSNN  (lr=0.05, do=0, c=5)
Submitted batch job 23021234
submitting job: GSNN  (lr=0.05, do=0, c=10)
Submitted batch job 23021236
submitting job: GSNN  (lr=0.05, do=0, c=10)
Submitted batch job 23021238
submitting job: GSNN  (lr=0.05, do=0.25, c=5)
Submitted batch job 23021240
submitting job: GSNN  (lr=0.05, do=0.25, c=5)
Submitted batch job 23021242
submitting job: GSNN  (lr=0.05, do=0.25, c=10)
Submitted batch job 23021244
submitting job: GSNN  (lr=0.05, do=0.25, c=10)
Submitted batch job 23021246
submitting job: GSNN  (lr=0.05, do=0.5, c=5)
Submitted batch job 23021248
submitting job: GSNN  (lr=0.05, do=0.5, c=5)
Submitted batch job 23021250
submitting job: GSNN  (lr=0.05, do=0.5, c=10)
Submitted batch job 23021252
submitting job: GSNN  (lr=0.05, do=0.5, c=10)
Submitted batch job 23021254
submitting job: GSNN  (lr=0.005, do=0, c=5)
Submitted batch job 23021256
submitting job: GSNN  (lr=0.005, do=0, c=5)
Submitted batch job 23021258
submitting job: GSNN  (lr=0.005, do=0, c=10)
Submitted batch job 23021260
submitting job: GSNN  (lr=0.005, do=0, c=10)
Submitted batch job 23021262
submitting job: GSNN  (lr=0.005, do=0.25, c=5)
Submitted batch job 23021264
submitting job: GSNN  (lr=0.005, do=0.25, c=5)
Submitted batch job 23021266
submitting job: GSNN  (lr=0.005, do=0.25, c=10)
Submitted batch job 23021268
submitting job: GSNN  (lr=0.005, do=0.25, c=10)
Submitted batch job 23021270
submitting job: GSNN  (lr=0.005, do=0.5, c=5)
Submitted batch job 23021272
submitting job: GSNN  (lr=0.005, do=0.5, c=5)
Submitted batch job 23021274
submitting job: GSNN  (lr=0.005, do=0.5, c=10)
Submitted batch job 23021276
submitting job: GSNN  (lr=0.005, do=0.5, c=10)
Submitted batch job 23021278
submitting nn jobs...
slurm output log dir does not exist. Creating...
submitting job: nn (lr=0.01, do=0, c=32)
Submitted batch job 23021280
submitting job: nn (lr=0.01, do=0, c=64)
Submitted batch job 23021281
submitting job: nn (lr=0.01, do=0, c=124)
Submitted batch job 23021283
submitting job: nn (lr=0.01, do=0.25, c=32)
Submitted batch job 23021285
submitting job: nn (lr=0.01, do=0.25, c=64)
Submitted batch job 23021286
submitting job: nn (lr=0.01, do=0.25, c=124)
Submitted batch job 23021288
submitting job: nn (lr=0.01, do=0.5, c=32)
Submitted batch job 23021290
submitting job: nn (lr=0.01, do=0.5, c=64)
Submitted batch job 23021292
submitting job: nn (lr=0.01, do=0.5, c=124)
Submitted batch job 23021293
submitting job: nn (lr=0.001, do=0, c=32)
Submitted batch job 23021295
submitting job: nn (lr=0.001, do=0, c=64)
Submitted batch job 23021297
submitting job: nn (lr=0.001, do=0, c=124)
Submitted batch job 23021298
submitting job: nn (lr=0.001, do=0.25, c=32)
Submitted batch job 23021300
submitting job: nn (lr=0.001, do=0.25, c=64)
Submitted batch job 23021302
submitting job: nn (lr=0.001, do=0.25, c=124)
Submitted batch job 23021304
submitting job: nn (lr=0.001, do=0.5, c=32)
Submitted batch job 23021305
submitting job: nn (lr=0.001, do=0.5, c=64)
Submitted batch job 23021307
submitting job: nn (lr=0.001, do=0.5, c=124)
Submitted batch job 23021309
submitting gnn jobs...
slurm output log dir does not exist. Creating...
submitting job: nn (lr=0.001, do=0, c=32)
Submitted batch job 23021311
submitting job: nn (lr=0.001, do=0, c=32)
Submitted batch job 23021312
submitting job: nn (lr=0.001, do=0, c=32)
Submitted batch job 23021314
submitting job: nn (lr=0.001, do=0, c=64)
Submitted batch job 23021316
submitting job: nn (lr=0.001, do=0, c=64)
Submitted batch job 23021318
submitting job: nn (lr=0.001, do=0, c=64)
Submitted batch job 23021319
submitting job: nn (lr=0.001, do=0.25, c=32)
Submitted batch job 23021321
submitting job: nn (lr=0.001, do=0.25, c=32)
Submitted batch job 23021323
submitting job: nn (lr=0.001, do=0.25, c=32)
Submitted batch job 23021324
submitting job: nn (lr=0.001, do=0.25, c=64)
Submitted batch job 23021326
submitting job: nn (lr=0.001, do=0.25, c=64)
Submitted batch job 23021328
submitting job: nn (lr=0.001, do=0.25, c=64)
Submitted batch job 23021330
