removing out dir and making proc dir...
making data...
submitting gsnn jobs...
PROC=../output/exp7-3//proc/
OUT=../output/exp7-3//GSNN/
EPOCHS=100
TIME=2-00:00:00
MEM=24G
BATCH=50
GPU=gpu:1
slurm output log dir does not exist. Creating...
submitting job: GSNN  (lr=0.05, do=0, c=5)
Submitted batch job 23021453
submitting job: GSNN  (lr=0.05, do=0, c=5)
Submitted batch job 23021454
submitting job: GSNN  (lr=0.05, do=0, c=10)
Submitted batch job 23021455
submitting job: GSNN  (lr=0.05, do=0, c=10)
Submitted batch job 23021456
submitting job: GSNN  (lr=0.05, do=0.25, c=5)
Submitted batch job 23021457
submitting job: GSNN  (lr=0.05, do=0.25, c=5)
Submitted batch job 23021458
submitting job: GSNN  (lr=0.05, do=0.25, c=10)
Submitted batch job 23021459
submitting job: GSNN  (lr=0.05, do=0.25, c=10)
Submitted batch job 23021460
submitting job: GSNN  (lr=0.05, do=0.5, c=5)
Submitted batch job 23021461
submitting job: GSNN  (lr=0.05, do=0.5, c=5)
Submitted batch job 23021462
submitting job: GSNN  (lr=0.05, do=0.5, c=10)
Submitted batch job 23021463
submitting job: GSNN  (lr=0.05, do=0.5, c=10)
Submitted batch job 23021464
submitting job: GSNN  (lr=0.005, do=0, c=5)
Submitted batch job 23021465
submitting job: GSNN  (lr=0.005, do=0, c=5)
Submitted batch job 23021466
submitting job: GSNN  (lr=0.005, do=0, c=10)
Submitted batch job 23021467
submitting job: GSNN  (lr=0.005, do=0, c=10)
Submitted batch job 23021468
submitting job: GSNN  (lr=0.005, do=0.25, c=5)
Submitted batch job 23021469
submitting job: GSNN  (lr=0.005, do=0.25, c=5)
Submitted batch job 23021470
submitting job: GSNN  (lr=0.005, do=0.25, c=10)
Submitted batch job 23021471
submitting job: GSNN  (lr=0.005, do=0.25, c=10)
Submitted batch job 23021472
submitting job: GSNN  (lr=0.005, do=0.5, c=5)
Submitted batch job 23021473
submitting job: GSNN  (lr=0.005, do=0.5, c=5)
Submitted batch job 23021474
submitting job: GSNN  (lr=0.005, do=0.5, c=10)
Submitted batch job 23021475
submitting job: GSNN  (lr=0.005, do=0.5, c=10)
Submitted batch job 23021476
submitting nn jobs...
slurm output log dir does not exist. Creating...
submitting job: nn (lr=0.01, do=0, c=32)
Submitted batch job 23021477
submitting job: nn (lr=0.01, do=0, c=64)
Submitted batch job 23021478
submitting job: nn (lr=0.01, do=0, c=124)
Submitted batch job 23021479
submitting job: nn (lr=0.01, do=0.25, c=32)
Submitted batch job 23021480
submitting job: nn (lr=0.01, do=0.25, c=64)
Submitted batch job 23021481
submitting job: nn (lr=0.01, do=0.25, c=124)
Submitted batch job 23021482
submitting job: nn (lr=0.01, do=0.5, c=32)
Submitted batch job 23021483
submitting job: nn (lr=0.01, do=0.5, c=64)
Submitted batch job 23021484
submitting job: nn (lr=0.01, do=0.5, c=124)
Submitted batch job 23021485
submitting job: nn (lr=0.001, do=0, c=32)
Submitted batch job 23021486
submitting job: nn (lr=0.001, do=0, c=64)
Submitted batch job 23021487
submitting job: nn (lr=0.001, do=0, c=124)
Submitted batch job 23021488
submitting job: nn (lr=0.001, do=0.25, c=32)
Submitted batch job 23021489
submitting job: nn (lr=0.001, do=0.25, c=64)
Submitted batch job 23021490
submitting job: nn (lr=0.001, do=0.25, c=124)
Submitted batch job 23021491
submitting job: nn (lr=0.001, do=0.5, c=32)
Submitted batch job 23021492
submitting job: nn (lr=0.001, do=0.5, c=64)
Submitted batch job 23021493
submitting job: nn (lr=0.001, do=0.5, c=124)
Submitted batch job 23021494
submitting gnn jobs...
slurm output log dir does not exist. Creating...
submitting job: nn (lr=0.001, do=0, c=32)
Submitted batch job 23021495
submitting job: nn (lr=0.001, do=0, c=32)
Submitted batch job 23021496
submitting job: nn (lr=0.001, do=0, c=32)
Submitted batch job 23021497
submitting job: nn (lr=0.001, do=0, c=64)
Submitted batch job 23021498
submitting job: nn (lr=0.001, do=0, c=64)
Submitted batch job 23021499
submitting job: nn (lr=0.001, do=0, c=64)
Submitted batch job 23021500
submitting job: nn (lr=0.001, do=0.25, c=32)
Submitted batch job 23021501
submitting job: nn (lr=0.001, do=0.25, c=32)
Submitted batch job 23021502
submitting job: nn (lr=0.001, do=0.25, c=32)
Submitted batch job 23021503
submitting job: nn (lr=0.001, do=0.25, c=64)
Submitted batch job 23021504
submitting job: nn (lr=0.001, do=0.25, c=64)
Submitted batch job 23021505
submitting job: nn (lr=0.001, do=0.25, c=64)
Submitted batch job 23021506
