removing out dir and making proc dir...
making data...
submitting gsnn jobs...
PROC=../output/exp8-2//proc/
OUT=../output/exp8-2//GSNN/
EPOCHS=100
TIME=1-12:00:00
MEM=16G
BATCH=50
GPU=gpu:1
slurm output log dir does not exist. Creating...
submitting job: GSNN  (lr=0.05, do=0.25, c=5)
Submitted batch job 23001291
submitting job: GSNN  (lr=0.05, do=0.25, c=5)
Submitted batch job 23001292
submitting job: GSNN  (lr=0.05, do=0.25, c=10)
Submitted batch job 23001293
submitting job: GSNN  (lr=0.05, do=0.25, c=10)
Submitted batch job 23001294
submitting job: GSNN  (lr=0.05, do=0.5, c=5)
Submitted batch job 23001295
submitting job: GSNN  (lr=0.05, do=0.5, c=5)
Submitted batch job 23001296
submitting job: GSNN  (lr=0.05, do=0.5, c=10)
Submitted batch job 23001297
submitting job: GSNN  (lr=0.05, do=0.5, c=10)
Submitted batch job 23001298
submitting job: GSNN  (lr=0.005, do=0.25, c=5)
Submitted batch job 23001299
submitting job: GSNN  (lr=0.005, do=0.25, c=5)
Submitted batch job 23001300
submitting job: GSNN  (lr=0.005, do=0.25, c=10)
Submitted batch job 23001301
submitting job: GSNN  (lr=0.005, do=0.25, c=10)
Submitted batch job 23001302
submitting job: GSNN  (lr=0.005, do=0.5, c=5)
Submitted batch job 23001303
submitting job: GSNN  (lr=0.005, do=0.5, c=5)
Submitted batch job 23001304
submitting job: GSNN  (lr=0.005, do=0.5, c=10)
Submitted batch job 23001305
submitting job: GSNN  (lr=0.005, do=0.5, c=10)
Submitted batch job 23001306
submitting nn jobs...
slurm output log dir does not exist. Creating...
submitting job: nn (lr=0.01, do=0, c=32)
Submitted batch job 23001307
submitting job: nn (lr=0.01, do=0, c=64)
Submitted batch job 23001308
submitting job: nn (lr=0.01, do=0, c=124)
Submitted batch job 23001309
submitting job: nn (lr=0.01, do=0.25, c=32)
Submitted batch job 23001310
submitting job: nn (lr=0.01, do=0.25, c=64)
Submitted batch job 23001311
submitting job: nn (lr=0.01, do=0.25, c=124)
Submitted batch job 23001312
submitting job: nn (lr=0.01, do=0.5, c=32)
Submitted batch job 23001313
submitting job: nn (lr=0.01, do=0.5, c=64)
Submitted batch job 23001314
submitting job: nn (lr=0.01, do=0.5, c=124)
Submitted batch job 23001315
submitting job: nn (lr=0.001, do=0, c=32)
Submitted batch job 23001316
submitting job: nn (lr=0.001, do=0, c=64)
Submitted batch job 23001317
submitting job: nn (lr=0.001, do=0, c=124)
Submitted batch job 23001318
submitting job: nn (lr=0.001, do=0.25, c=32)
Submitted batch job 23001319
submitting job: nn (lr=0.001, do=0.25, c=64)
Submitted batch job 23001320
submitting job: nn (lr=0.001, do=0.25, c=124)
Submitted batch job 23001321
submitting job: nn (lr=0.001, do=0.5, c=32)
Submitted batch job 23001322
submitting job: nn (lr=0.001, do=0.5, c=64)
Submitted batch job 23001323
submitting job: nn (lr=0.001, do=0.5, c=124)
Submitted batch job 23001324
submitting gnn jobs...
slurm output log dir does not exist. Creating...
submitting job: nn (lr=0.001, do=0, c=32)
Submitted batch job 23001325
submitting job: nn (lr=0.001, do=0, c=32)
Submitted batch job 23001326
submitting job: nn (lr=0.001, do=0, c=32)
Submitted batch job 23001327
submitting job: nn (lr=0.001, do=0, c=64)
Submitted batch job 23001328
submitting job: nn (lr=0.001, do=0, c=64)
Submitted batch job 23001329
submitting job: nn (lr=0.001, do=0, c=64)
Submitted batch job 23001330
submitting job: nn (lr=0.001, do=0.25, c=32)
Submitted batch job 23001331
submitting job: nn (lr=0.001, do=0.25, c=32)
Submitted batch job 23001332
submitting job: nn (lr=0.001, do=0.25, c=32)
Submitted batch job 23001333
submitting job: nn (lr=0.001, do=0.25, c=64)
Submitted batch job 23001334
submitting job: nn (lr=0.001, do=0.25, c=64)
Submitted batch job 23001335
submitting job: nn (lr=0.001, do=0.25, c=64)
Submitted batch job 23001336
