removing out dir and making proc dir...
making data...
submitting gsnn jobs...
PROC=../output/exp8-2//proc/
OUT=../output/exp8-2//GSNN/
EPOCHS=100
TIME=1-12:00:00
MEM=24G
BATCH=50
GPU=gpu:1
slurm output log dir does not exist. Creating...
submitting job: GSNN  (lr=0.05, do=0, c=5)
Submitted batch job 23020960
submitting job: GSNN  (lr=0.05, do=0, c=5)
Submitted batch job 23020961
submitting job: GSNN  (lr=0.05, do=0, c=10)
Submitted batch job 23020962
submitting job: GSNN  (lr=0.05, do=0, c=10)
Submitted batch job 23020963
submitting job: GSNN  (lr=0.05, do=0.25, c=5)
Submitted batch job 23020964
submitting job: GSNN  (lr=0.05, do=0.25, c=5)
Submitted batch job 23020965
submitting job: GSNN  (lr=0.05, do=0.25, c=10)
Submitted batch job 23020966
submitting job: GSNN  (lr=0.05, do=0.25, c=10)
Submitted batch job 23020967
submitting job: GSNN  (lr=0.05, do=0.5, c=5)
Submitted batch job 23020968
submitting job: GSNN  (lr=0.05, do=0.5, c=5)
Submitted batch job 23020969
submitting job: GSNN  (lr=0.05, do=0.5, c=10)
Submitted batch job 23020970
submitting job: GSNN  (lr=0.05, do=0.5, c=10)
Submitted batch job 23020971
submitting job: GSNN  (lr=0.005, do=0, c=5)
Submitted batch job 23020972
submitting job: GSNN  (lr=0.005, do=0, c=5)
Submitted batch job 23020973
submitting job: GSNN  (lr=0.005, do=0, c=10)
Submitted batch job 23020974
submitting job: GSNN  (lr=0.005, do=0, c=10)
Submitted batch job 23020975
submitting job: GSNN  (lr=0.005, do=0.25, c=5)
Submitted batch job 23020976
submitting job: GSNN  (lr=0.005, do=0.25, c=5)
Submitted batch job 23020977
submitting job: GSNN  (lr=0.005, do=0.25, c=10)
Submitted batch job 23020978
submitting job: GSNN  (lr=0.005, do=0.25, c=10)
Submitted batch job 23020979
submitting job: GSNN  (lr=0.005, do=0.5, c=5)
Submitted batch job 23020980
submitting job: GSNN  (lr=0.005, do=0.5, c=5)
Submitted batch job 23020981
submitting job: GSNN  (lr=0.005, do=0.5, c=10)
Submitted batch job 23020982
submitting job: GSNN  (lr=0.005, do=0.5, c=10)
Submitted batch job 23020983
submitting nn jobs...
slurm output log dir does not exist. Creating...
submitting job: nn (lr=0.01, do=0, c=32)
Submitted batch job 23020984
submitting job: nn (lr=0.01, do=0, c=64)
Submitted batch job 23020985
submitting job: nn (lr=0.01, do=0, c=124)
Submitted batch job 23020986
submitting job: nn (lr=0.01, do=0.25, c=32)
Submitted batch job 23020987
submitting job: nn (lr=0.01, do=0.25, c=64)
Submitted batch job 23020988
submitting job: nn (lr=0.01, do=0.25, c=124)
Submitted batch job 23020989
submitting job: nn (lr=0.01, do=0.5, c=32)
Submitted batch job 23020990
submitting job: nn (lr=0.01, do=0.5, c=64)
Submitted batch job 23020991
submitting job: nn (lr=0.01, do=0.5, c=124)
Submitted batch job 23020992
submitting job: nn (lr=0.001, do=0, c=32)
Submitted batch job 23020993
submitting job: nn (lr=0.001, do=0, c=64)
Submitted batch job 23020994
submitting job: nn (lr=0.001, do=0, c=124)
Submitted batch job 23020995
submitting job: nn (lr=0.001, do=0.25, c=32)
Submitted batch job 23020996
submitting job: nn (lr=0.001, do=0.25, c=64)
Submitted batch job 23020997
submitting job: nn (lr=0.001, do=0.25, c=124)
Submitted batch job 23020998
submitting job: nn (lr=0.001, do=0.5, c=32)
Submitted batch job 23020999
submitting job: nn (lr=0.001, do=0.5, c=64)
Submitted batch job 23021000
submitting job: nn (lr=0.001, do=0.5, c=124)
Submitted batch job 23021001
submitting gnn jobs...
slurm output log dir does not exist. Creating...
submitting job: nn (lr=0.001, do=0, c=32)
Submitted batch job 23021002
submitting job: nn (lr=0.001, do=0, c=32)
Submitted batch job 23021003
submitting job: nn (lr=0.001, do=0, c=32)
Submitted batch job 23021004
submitting job: nn (lr=0.001, do=0, c=64)
Submitted batch job 23021005
submitting job: nn (lr=0.001, do=0, c=64)
Submitted batch job 23021006
submitting job: nn (lr=0.001, do=0, c=64)
Submitted batch job 23021007
submitting job: nn (lr=0.001, do=0.25, c=32)
Submitted batch job 23021008
submitting job: nn (lr=0.001, do=0.25, c=32)
Submitted batch job 23021009
submitting job: nn (lr=0.001, do=0.25, c=32)
Submitted batch job 23021010
submitting job: nn (lr=0.001, do=0.25, c=64)
Submitted batch job 23021011
submitting job: nn (lr=0.001, do=0.25, c=64)
Submitted batch job 23021012
submitting job: nn (lr=0.001, do=0.25, c=64)
Submitted batch job 23021013
