removing out dir and making proc dir...
making data...
submitting gsnn jobs...
PROC=../output/exp8-1//proc/
OUT=../output/exp8-1//GSNN/
EPOCHS=100
TIME=1-12:00:00
MEM=16G
BATCH=100
GPU=gpu:1
slurm output log dir does not exist. Creating...
submitting job: GSNN  (lr=0.05, do=0.25, c=5)
Submitted batch job 22997106
submitting job: GSNN  (lr=0.05, do=0.25, c=5)
Submitted batch job 22997107
submitting job: GSNN  (lr=0.05, do=0.25, c=10)
Submitted batch job 22997108
submitting job: GSNN  (lr=0.05, do=0.25, c=10)
Submitted batch job 22997109
submitting job: GSNN  (lr=0.05, do=0.5, c=5)
Submitted batch job 22997110
submitting job: GSNN  (lr=0.05, do=0.5, c=5)
Submitted batch job 22997111
submitting job: GSNN  (lr=0.05, do=0.5, c=10)
Submitted batch job 22997112
submitting job: GSNN  (lr=0.05, do=0.5, c=10)
Submitted batch job 22997113
submitting job: GSNN  (lr=0.005, do=0.25, c=5)
Submitted batch job 22997114
submitting job: GSNN  (lr=0.005, do=0.25, c=5)
Submitted batch job 22997115
submitting job: GSNN  (lr=0.005, do=0.25, c=10)
Submitted batch job 22997116
submitting job: GSNN  (lr=0.005, do=0.25, c=10)
Submitted batch job 22997117
submitting job: GSNN  (lr=0.005, do=0.5, c=5)
Submitted batch job 22997118
submitting job: GSNN  (lr=0.005, do=0.5, c=5)
Submitted batch job 22997119
submitting job: GSNN  (lr=0.005, do=0.5, c=10)
Submitted batch job 22997120
submitting job: GSNN  (lr=0.005, do=0.5, c=10)
Submitted batch job 22997121
submitting nn jobs...
slurm output log dir does not exist. Creating...
submitting job: nn (lr=0.01, do=0, c=32)
Submitted batch job 22997122
submitting job: nn (lr=0.01, do=0, c=64)
Submitted batch job 22997123
submitting job: nn (lr=0.01, do=0, c=124)
Submitted batch job 22997124
submitting job: nn (lr=0.01, do=0.25, c=32)
Submitted batch job 22997125
submitting job: nn (lr=0.01, do=0.25, c=64)
Submitted batch job 22997126
submitting job: nn (lr=0.01, do=0.25, c=124)
Submitted batch job 22997127
submitting job: nn (lr=0.01, do=0.5, c=32)
Submitted batch job 22997128
submitting job: nn (lr=0.01, do=0.5, c=64)
Submitted batch job 22997129
submitting job: nn (lr=0.01, do=0.5, c=124)
Submitted batch job 22997130
submitting job: nn (lr=0.001, do=0, c=32)
Submitted batch job 22997131
submitting job: nn (lr=0.001, do=0, c=64)
Submitted batch job 22997132
submitting job: nn (lr=0.001, do=0, c=124)
Submitted batch job 22997133
submitting job: nn (lr=0.001, do=0.25, c=32)
Submitted batch job 22997134
submitting job: nn (lr=0.001, do=0.25, c=64)
Submitted batch job 22997135
submitting job: nn (lr=0.001, do=0.25, c=124)
Submitted batch job 22997137
submitting job: nn (lr=0.001, do=0.5, c=32)
Submitted batch job 22997138
submitting job: nn (lr=0.001, do=0.5, c=64)
Submitted batch job 22997139
submitting job: nn (lr=0.001, do=0.5, c=124)
Submitted batch job 22997140
submitting gnn jobs...
slurm output log dir does not exist. Creating...
submitting job: nn (lr=0.001, do=0, c=32)
Submitted batch job 22997141
submitting job: nn (lr=0.001, do=0, c=32)
Submitted batch job 22997142
submitting job: nn (lr=0.001, do=0, c=32)
Submitted batch job 22997143
submitting job: nn (lr=0.001, do=0, c=64)
Submitted batch job 22997144
submitting job: nn (lr=0.001, do=0, c=64)
Submitted batch job 22997145
submitting job: nn (lr=0.001, do=0, c=64)
Submitted batch job 22997146
submitting job: nn (lr=0.001, do=0.25, c=32)
Submitted batch job 22997147
submitting job: nn (lr=0.001, do=0.25, c=32)
Submitted batch job 22997148
submitting job: nn (lr=0.001, do=0.25, c=32)
Submitted batch job 22997149
submitting job: nn (lr=0.001, do=0.25, c=64)
Submitted batch job 22997150
submitting job: nn (lr=0.001, do=0.25, c=64)
Submitted batch job 22997151
submitting job: nn (lr=0.001, do=0.25, c=64)
Submitted batch job 22997152
