removing out dir and making proc dir...
making data...
submitting gsnn jobs...
PROC=../output/exp9-5//proc/
OUT=../output/exp9-5//GSNN/
EPOCHS=100
TIME=1-12:00:00
MEM=24G
BATCH=50
GPU=gpu:1
slurm output log dir does not exist. Creating...
submitting job: GSNN  (lr=0.05, do=0, c=5)
Submitted batch job 23043055
submitting job: GSNN  (lr=0.05, do=0, c=5)
Submitted batch job 23043056
submitting job: GSNN  (lr=0.05, do=0, c=10)
Submitted batch job 23043057
submitting job: GSNN  (lr=0.05, do=0, c=10)
Submitted batch job 23043058
submitting job: GSNN  (lr=0.05, do=0.25, c=5)
Submitted batch job 23043059
submitting job: GSNN  (lr=0.05, do=0.25, c=5)
Submitted batch job 23043060
submitting job: GSNN  (lr=0.05, do=0.25, c=10)
Submitted batch job 23043061
submitting job: GSNN  (lr=0.05, do=0.25, c=10)
Submitted batch job 23043062
submitting job: GSNN  (lr=0.05, do=0.5, c=5)
Submitted batch job 23043063
submitting job: GSNN  (lr=0.05, do=0.5, c=5)
Submitted batch job 23043064
submitting job: GSNN  (lr=0.05, do=0.5, c=10)
Submitted batch job 23043065
submitting job: GSNN  (lr=0.05, do=0.5, c=10)
Submitted batch job 23043066
submitting job: GSNN  (lr=0.005, do=0, c=5)
Submitted batch job 23043067
submitting job: GSNN  (lr=0.005, do=0, c=5)
Submitted batch job 23043068
submitting job: GSNN  (lr=0.005, do=0, c=10)
Submitted batch job 23043069
submitting job: GSNN  (lr=0.005, do=0, c=10)
Submitted batch job 23043070
submitting job: GSNN  (lr=0.005, do=0.25, c=5)
Submitted batch job 23043071
submitting job: GSNN  (lr=0.005, do=0.25, c=5)
Submitted batch job 23043072
submitting job: GSNN  (lr=0.005, do=0.25, c=10)
Submitted batch job 23043073
submitting job: GSNN  (lr=0.005, do=0.25, c=10)
Submitted batch job 23043074
submitting job: GSNN  (lr=0.005, do=0.5, c=5)
Submitted batch job 23043075
submitting job: GSNN  (lr=0.005, do=0.5, c=5)
Submitted batch job 23043076
submitting job: GSNN  (lr=0.005, do=0.5, c=10)
Submitted batch job 23043077
submitting job: GSNN  (lr=0.005, do=0.5, c=10)
Submitted batch job 23043078
submitting nn jobs...
slurm output log dir does not exist. Creating...
submitting job: nn (lr=0.01, do=0, c=32)
Submitted batch job 23043079
submitting job: nn (lr=0.01, do=0, c=64)
Submitted batch job 23043080
submitting job: nn (lr=0.01, do=0, c=124)
Submitted batch job 23043081
submitting job: nn (lr=0.01, do=0.25, c=32)
Submitted batch job 23043082
submitting job: nn (lr=0.01, do=0.25, c=64)
Submitted batch job 23043083
submitting job: nn (lr=0.01, do=0.25, c=124)
Submitted batch job 23043084
submitting job: nn (lr=0.01, do=0.5, c=32)
Submitted batch job 23043085
submitting job: nn (lr=0.01, do=0.5, c=64)
Submitted batch job 23043086
submitting job: nn (lr=0.01, do=0.5, c=124)
Submitted batch job 23043087
submitting job: nn (lr=0.001, do=0, c=32)
Submitted batch job 23043088
submitting job: nn (lr=0.001, do=0, c=64)
Submitted batch job 23043089
submitting job: nn (lr=0.001, do=0, c=124)
Submitted batch job 23043090
submitting job: nn (lr=0.001, do=0.25, c=32)
Submitted batch job 23043091
submitting job: nn (lr=0.001, do=0.25, c=64)
Submitted batch job 23043092
submitting job: nn (lr=0.001, do=0.25, c=124)
Submitted batch job 23043093
submitting job: nn (lr=0.001, do=0.5, c=32)
Submitted batch job 23043094
submitting job: nn (lr=0.001, do=0.5, c=64)
Submitted batch job 23043095
submitting job: nn (lr=0.001, do=0.5, c=124)
Submitted batch job 23043096
submitting gnn jobs...
slurm output log dir does not exist. Creating...
submitting job: nn (lr=0.001, do=0, c=32)
Submitted batch job 23043097
submitting job: nn (lr=0.001, do=0, c=32)
Submitted batch job 23043098
submitting job: nn (lr=0.001, do=0, c=32)
Submitted batch job 23043099
submitting job: nn (lr=0.001, do=0, c=64)
Submitted batch job 23043100
submitting job: nn (lr=0.001, do=0, c=64)
Submitted batch job 23043101
submitting job: nn (lr=0.001, do=0, c=64)
Submitted batch job 23043102
submitting job: nn (lr=0.001, do=0.25, c=32)
Submitted batch job 23043103
submitting job: nn (lr=0.001, do=0.25, c=32)
Submitted batch job 23043104
submitting job: nn (lr=0.001, do=0.25, c=32)
Submitted batch job 23043105
submitting job: nn (lr=0.001, do=0.25, c=64)
Submitted batch job 23043106
submitting job: nn (lr=0.001, do=0.25, c=64)
Submitted batch job 23043107
submitting job: nn (lr=0.001, do=0.25, c=64)
Submitted batch job 23043108
