removing out dir and making proc dir...
making data...
submitting gsnn jobs...
PROC=../output/exp9-3//proc/
OUT=../output/exp9-3//GSNN/
EPOCHS=100
TIME=1-12:00:00
MEM=24G
BATCH=50
GPU=gpu:1
slurm output log dir does not exist. Creating...
submitting job: GSNN  (lr=0.05, do=0, c=5)
Submitted batch job 23021992
submitting job: GSNN  (lr=0.05, do=0, c=5)
Submitted batch job 23021993
submitting job: GSNN  (lr=0.05, do=0, c=10)
Submitted batch job 23021994
submitting job: GSNN  (lr=0.05, do=0, c=10)
Submitted batch job 23021995
submitting job: GSNN  (lr=0.05, do=0.25, c=5)
Submitted batch job 23021996
submitting job: GSNN  (lr=0.05, do=0.25, c=5)
Submitted batch job 23021997
submitting job: GSNN  (lr=0.05, do=0.25, c=10)
Submitted batch job 23021998
submitting job: GSNN  (lr=0.05, do=0.25, c=10)
Submitted batch job 23021999
submitting job: GSNN  (lr=0.05, do=0.5, c=5)
Submitted batch job 23022000
submitting job: GSNN  (lr=0.05, do=0.5, c=5)
Submitted batch job 23022001
submitting job: GSNN  (lr=0.05, do=0.5, c=10)
Submitted batch job 23022002
submitting job: GSNN  (lr=0.05, do=0.5, c=10)
Submitted batch job 23022003
submitting job: GSNN  (lr=0.005, do=0, c=5)
Submitted batch job 23022004
submitting job: GSNN  (lr=0.005, do=0, c=5)
Submitted batch job 23022005
submitting job: GSNN  (lr=0.005, do=0, c=10)
Submitted batch job 23022006
submitting job: GSNN  (lr=0.005, do=0, c=10)
Submitted batch job 23022007
submitting job: GSNN  (lr=0.005, do=0.25, c=5)
Submitted batch job 23022008
submitting job: GSNN  (lr=0.005, do=0.25, c=5)
Submitted batch job 23022009
submitting job: GSNN  (lr=0.005, do=0.25, c=10)
Submitted batch job 23022010
submitting job: GSNN  (lr=0.005, do=0.25, c=10)
Submitted batch job 23022011
submitting job: GSNN  (lr=0.005, do=0.5, c=5)
Submitted batch job 23022012
submitting job: GSNN  (lr=0.005, do=0.5, c=5)
Submitted batch job 23022013
submitting job: GSNN  (lr=0.005, do=0.5, c=10)
Submitted batch job 23022014
submitting job: GSNN  (lr=0.005, do=0.5, c=10)
Submitted batch job 23022015
submitting nn jobs...
slurm output log dir does not exist. Creating...
submitting job: nn (lr=0.01, do=0, c=32)
Submitted batch job 23022016
submitting job: nn (lr=0.01, do=0, c=64)
Submitted batch job 23022017
submitting job: nn (lr=0.01, do=0, c=124)
Submitted batch job 23022018
submitting job: nn (lr=0.01, do=0.25, c=32)
Submitted batch job 23022019
submitting job: nn (lr=0.01, do=0.25, c=64)
Submitted batch job 23022020
submitting job: nn (lr=0.01, do=0.25, c=124)
Submitted batch job 23022021
submitting job: nn (lr=0.01, do=0.5, c=32)
Submitted batch job 23022022
submitting job: nn (lr=0.01, do=0.5, c=64)
Submitted batch job 23022023
submitting job: nn (lr=0.01, do=0.5, c=124)
Submitted batch job 23022024
submitting job: nn (lr=0.001, do=0, c=32)
Submitted batch job 23022025
submitting job: nn (lr=0.001, do=0, c=64)
Submitted batch job 23022026
submitting job: nn (lr=0.001, do=0, c=124)
Submitted batch job 23022027
submitting job: nn (lr=0.001, do=0.25, c=32)
Submitted batch job 23022028
submitting job: nn (lr=0.001, do=0.25, c=64)
Submitted batch job 23022029
submitting job: nn (lr=0.001, do=0.25, c=124)
Submitted batch job 23022030
submitting job: nn (lr=0.001, do=0.5, c=32)
Submitted batch job 23022031
submitting job: nn (lr=0.001, do=0.5, c=64)
Submitted batch job 23022032
submitting job: nn (lr=0.001, do=0.5, c=124)
Submitted batch job 23022033
submitting gnn jobs...
slurm output log dir does not exist. Creating...
submitting job: nn (lr=0.001, do=0, c=32)
Submitted batch job 23022034
submitting job: nn (lr=0.001, do=0, c=32)
Submitted batch job 23022035
submitting job: nn (lr=0.001, do=0, c=32)
Submitted batch job 23022036
submitting job: nn (lr=0.001, do=0, c=64)
Submitted batch job 23022037
submitting job: nn (lr=0.001, do=0, c=64)
Submitted batch job 23022038
submitting job: nn (lr=0.001, do=0, c=64)
Submitted batch job 23022039
submitting job: nn (lr=0.001, do=0.25, c=32)
Submitted batch job 23022040
submitting job: nn (lr=0.001, do=0.25, c=32)
Submitted batch job 23022041
submitting job: nn (lr=0.001, do=0.25, c=32)
Submitted batch job 23022042
submitting job: nn (lr=0.001, do=0.25, c=64)
Submitted batch job 23022043
submitting job: nn (lr=0.001, do=0.25, c=64)
Submitted batch job 23022044
submitting job: nn (lr=0.001, do=0.25, c=64)
Submitted batch job 23022045
