removing out dir and making proc dir...
making data...
submitting gsnn jobs...
PROC=../output/exp1-2//proc/
OUT=../output/exp1-2//GSNN/
EPOCHS=100
TIME=03:00:00
MEM=12G
BATCH=50
GPU=gpu:1
slurm output log dir does not exist. Creating...
submitting job: GSNN  (lr=0.05, do=0.25, c=5)
Submitted batch job 23008342
submitting job: GSNN  (lr=0.05, do=0.25, c=5)
Submitted batch job 23008345
submitting job: GSNN  (lr=0.05, do=0.25, c=10)
Submitted batch job 23008347
submitting job: GSNN  (lr=0.05, do=0.25, c=10)
Submitted batch job 23008349
submitting job: GSNN  (lr=0.05, do=0.5, c=5)
Submitted batch job 23008351
submitting job: GSNN  (lr=0.05, do=0.5, c=5)
Submitted batch job 23008354
submitting job: GSNN  (lr=0.05, do=0.5, c=10)
Submitted batch job 23008356
submitting job: GSNN  (lr=0.05, do=0.5, c=10)
Submitted batch job 23008358
submitting job: GSNN  (lr=0.005, do=0.25, c=5)
Submitted batch job 23008361
submitting job: GSNN  (lr=0.005, do=0.25, c=5)
Submitted batch job 23008363
submitting job: GSNN  (lr=0.005, do=0.25, c=10)
Submitted batch job 23008365
submitting job: GSNN  (lr=0.005, do=0.25, c=10)
Submitted batch job 23008367
submitting job: GSNN  (lr=0.005, do=0.5, c=5)
Submitted batch job 23008369
submitting job: GSNN  (lr=0.005, do=0.5, c=5)
Submitted batch job 23008372
submitting job: GSNN  (lr=0.005, do=0.5, c=10)
Submitted batch job 23008374
submitting job: GSNN  (lr=0.005, do=0.5, c=10)
Submitted batch job 23008376
submitting nn jobs...
slurm output log dir does not exist. Creating...
submitting job: nn (lr=0.01, do=0, c=32)
Submitted batch job 23008379
submitting job: nn (lr=0.01, do=0, c=64)
Submitted batch job 23008381
submitting job: nn (lr=0.01, do=0, c=124)
Submitted batch job 23008383
submitting job: nn (lr=0.01, do=0.25, c=32)
Submitted batch job 23008385
submitting job: nn (lr=0.01, do=0.25, c=64)
Submitted batch job 23008387
submitting job: nn (lr=0.01, do=0.25, c=124)
Submitted batch job 23008389
submitting job: nn (lr=0.01, do=0.5, c=32)
Submitted batch job 23008391
submitting job: nn (lr=0.01, do=0.5, c=64)
Submitted batch job 23008393
submitting job: nn (lr=0.01, do=0.5, c=124)
Submitted batch job 23008396
submitting job: nn (lr=0.001, do=0, c=32)
Submitted batch job 23008398
submitting job: nn (lr=0.001, do=0, c=64)
Submitted batch job 23008400
submitting job: nn (lr=0.001, do=0, c=124)
Submitted batch job 23008402
submitting job: nn (lr=0.001, do=0.25, c=32)
Submitted batch job 23008404
submitting job: nn (lr=0.001, do=0.25, c=64)
Submitted batch job 23008406
submitting job: nn (lr=0.001, do=0.25, c=124)
Submitted batch job 23008407
submitting job: nn (lr=0.001, do=0.5, c=32)
Submitted batch job 23008409
submitting job: nn (lr=0.001, do=0.5, c=64)
Submitted batch job 23008411
submitting job: nn (lr=0.001, do=0.5, c=124)
Submitted batch job 23008412
submitting gnn jobs...
slurm output log dir does not exist. Creating...
submitting job: nn (lr=0.001, do=0, c=32)
Submitted batch job 23008415
submitting job: nn (lr=0.001, do=0, c=32)
Submitted batch job 23008417
submitting job: nn (lr=0.001, do=0, c=32)
Submitted batch job 23008419
submitting job: nn (lr=0.001, do=0, c=64)
Submitted batch job 23008421
submitting job: nn (lr=0.001, do=0, c=64)
Submitted batch job 23008423
submitting job: nn (lr=0.001, do=0, c=64)
Submitted batch job 23008424
submitting job: nn (lr=0.001, do=0.25, c=32)
Submitted batch job 23008426
submitting job: nn (lr=0.001, do=0.25, c=32)
Submitted batch job 23008428
submitting job: nn (lr=0.001, do=0.25, c=32)
Submitted batch job 23008429
submitting job: nn (lr=0.001, do=0.25, c=64)
Submitted batch job 23008430
submitting job: nn (lr=0.001, do=0.25, c=64)
Submitted batch job 23008431
submitting job: nn (lr=0.001, do=0.25, c=64)
Submitted batch job 23008432
