removing out dir and making proc dir...
making data...
submitting gsnn jobs...
PROC=../output/exp1-3//proc/
OUT=../output/exp1-3//GSNN/
EPOCHS=100
TIME=03:00:00
MEM=12G
BATCH=50
GPU=gpu:1
slurm output log dir does not exist. Creating...
submitting job: GSNN  (lr=0.05, do=0.25, c=5)
Submitted batch job 23008341
submitting job: GSNN  (lr=0.05, do=0.25, c=5)
Submitted batch job 23008343
submitting job: GSNN  (lr=0.05, do=0.25, c=10)
Submitted batch job 23008344
submitting job: GSNN  (lr=0.05, do=0.25, c=10)
Submitted batch job 23008346
submitting job: GSNN  (lr=0.05, do=0.5, c=5)
Submitted batch job 23008348
submitting job: GSNN  (lr=0.05, do=0.5, c=5)
Submitted batch job 23008350
submitting job: GSNN  (lr=0.05, do=0.5, c=10)
Submitted batch job 23008352
submitting job: GSNN  (lr=0.05, do=0.5, c=10)
Submitted batch job 23008353
submitting job: GSNN  (lr=0.005, do=0.25, c=5)
Submitted batch job 23008355
submitting job: GSNN  (lr=0.005, do=0.25, c=5)
Submitted batch job 23008357
submitting job: GSNN  (lr=0.005, do=0.25, c=10)
Submitted batch job 23008359
submitting job: GSNN  (lr=0.005, do=0.25, c=10)
Submitted batch job 23008360
submitting job: GSNN  (lr=0.005, do=0.5, c=5)
Submitted batch job 23008362
submitting job: GSNN  (lr=0.005, do=0.5, c=5)
Submitted batch job 23008364
submitting job: GSNN  (lr=0.005, do=0.5, c=10)
Submitted batch job 23008366
submitting job: GSNN  (lr=0.005, do=0.5, c=10)
Submitted batch job 23008368
submitting nn jobs...
slurm output log dir does not exist. Creating...
submitting job: nn (lr=0.01, do=0, c=32)
Submitted batch job 23008370
submitting job: nn (lr=0.01, do=0, c=64)
Submitted batch job 23008371
submitting job: nn (lr=0.01, do=0, c=124)
Submitted batch job 23008373
submitting job: nn (lr=0.01, do=0.25, c=32)
Submitted batch job 23008375
submitting job: nn (lr=0.01, do=0.25, c=64)
Submitted batch job 23008377
submitting job: nn (lr=0.01, do=0.25, c=124)
Submitted batch job 23008378
submitting job: nn (lr=0.01, do=0.5, c=32)
Submitted batch job 23008380
submitting job: nn (lr=0.01, do=0.5, c=64)
Submitted batch job 23008382
submitting job: nn (lr=0.01, do=0.5, c=124)
Submitted batch job 23008384
submitting job: nn (lr=0.001, do=0, c=32)
Submitted batch job 23008386
submitting job: nn (lr=0.001, do=0, c=64)
Submitted batch job 23008388
submitting job: nn (lr=0.001, do=0, c=124)
Submitted batch job 23008390
submitting job: nn (lr=0.001, do=0.25, c=32)
Submitted batch job 23008392
submitting job: nn (lr=0.001, do=0.25, c=64)
Submitted batch job 23008394
submitting job: nn (lr=0.001, do=0.25, c=124)
Submitted batch job 23008395
submitting job: nn (lr=0.001, do=0.5, c=32)
Submitted batch job 23008397
submitting job: nn (lr=0.001, do=0.5, c=64)
Submitted batch job 23008399
submitting job: nn (lr=0.001, do=0.5, c=124)
Submitted batch job 23008401
submitting gnn jobs...
slurm output log dir does not exist. Creating...
submitting job: nn (lr=0.001, do=0, c=32)
Submitted batch job 23008403
submitting job: nn (lr=0.001, do=0, c=32)
Submitted batch job 23008405
submitting job: nn (lr=0.001, do=0, c=32)
Submitted batch job 23008408
submitting job: nn (lr=0.001, do=0, c=64)
Submitted batch job 23008410
submitting job: nn (lr=0.001, do=0, c=64)
Submitted batch job 23008413
submitting job: nn (lr=0.001, do=0, c=64)
Submitted batch job 23008414
submitting job: nn (lr=0.001, do=0.25, c=32)
Submitted batch job 23008416
submitting job: nn (lr=0.001, do=0.25, c=32)
Submitted batch job 23008418
submitting job: nn (lr=0.001, do=0.25, c=32)
Submitted batch job 23008420
submitting job: nn (lr=0.001, do=0.25, c=64)
Submitted batch job 23008422
submitting job: nn (lr=0.001, do=0.25, c=64)
Submitted batch job 23008425
submitting job: nn (lr=0.001, do=0.25, c=64)
Submitted batch job 23008427
